ARM GAS  C:\Users\run1009\AppData\Local\Temp\cce6BleD.s 			page 1


   1              		.syntax unified
   2              		.cpu cortex-m0
   3              		.fpu softvfp
   4              		.eabi_attribute 20, 1
   5              		.eabi_attribute 21, 1
   6              		.eabi_attribute 23, 3
   7              		.eabi_attribute 24, 1
   8              		.eabi_attribute 25, 1
   9              		.eabi_attribute 26, 1
  10              		.eabi_attribute 30, 6
  11              		.eabi_attribute 34, 0
  12              		.eabi_attribute 18, 4
  13              		.thumb
  14              		.syntax unified
  15              		.file	"envsensor_process.c"
  16              		.text
  17              	.Ltext0:
  18              		.cfi_sections	.debug_frame
  19              		.comm	sensor,68,4
  20              		.global	__aeabi_i2d
  21              		.global	__aeabi_ddiv
  22              		.global	__aeabi_d2f
  23              		.section	.text.EnvSensorProcess,"ax",%progbits
  24              		.align	2
  25              		.global	EnvSensorProcess
  26              		.code	16
  27              		.thumb_func
  28              		.type	EnvSensorProcess, %function
  29              	EnvSensorProcess:
  30              	.LFB36:
  31              		.file 1 "envsensor_process.c"
   1:envsensor_process.c **** /* ========================================
   2:envsensor_process.c ****  *
   3:envsensor_process.c ****  * Copyright Sopicha S., 2018
   4:envsensor_process.c ****  * All Rights Reserved
   5:envsensor_process.c ****  * UNPUBLISHED, LICENSED SOFTWARE.
   6:envsensor_process.c ****  *
   7:envsensor_process.c ****  * CONFIDENTIAL AND PROPRIETARY INFORMATION
   8:envsensor_process.c ****  * WHICH IS THE PROPERTY OF your company.
   9:envsensor_process.c ****  *
  10:envsensor_process.c ****  * ========================================
  11:envsensor_process.c **** */
  12:envsensor_process.c **** 
  13:envsensor_process.c **** /* [] END OF FILE */
  14:envsensor_process.c **** 
  15:envsensor_process.c **** #include <main.h>
  16:envsensor_process.c **** ENV_SENSOR_T sensor;
  17:envsensor_process.c **** #define BEACON_MEASURED_POWER  -59  //BEACON Measured power (RSSI at 1m distance)
  18:envsensor_process.c **** /*******************************************************************************
  19:envsensor_process.c **** * Function Name: EnvSensorProcess
  20:envsensor_process.c **** ********************************************************************************
  21:envsensor_process.c **** * Summary:
  22:envsensor_process.c **** *        Get Omron sensor data from BLE, then interpret a paylaod as enironment
  23:envsensor_process.c **** * sensor data 
  24:envsensor_process.c **** * For this project, we get only temperature data from Omron sensor and transfer  
  25:envsensor_process.c **** * temperature data from its node to the mesh network
  26:envsensor_process.c **** *
ARM GAS  C:\Users\run1009\AppData\Local\Temp\cce6BleD.s 			page 2


  27:envsensor_process.c **** * Parameters:
  28:envsensor_process.c **** *  uint8* data (Length: 31)
  29:envsensor_process.c **** *
  30:envsensor_process.c **** * Return:
  31:envsensor_process.c **** *  void
  32:envsensor_process.c **** *
  33:envsensor_process.c **** *******************************************************************************/
  34:envsensor_process.c **** void EnvSensorProcess(int8 rssi ,uint8* data){       
  32              		.loc 1 34 0
  33              		.cfi_startproc
  34              		@ args = 0, pretend = 0, frame = 8
  35              		@ frame_needed = 1, uses_anonymous_args = 0
  36 0000 90B5     		push	{r4, r7, lr}
  37              		.cfi_def_cfa_offset 12
  38              		.cfi_offset 4, -12
  39              		.cfi_offset 7, -8
  40              		.cfi_offset 14, -4
  41 0002 83B0     		sub	sp, sp, #12
  42              		.cfi_def_cfa_offset 24
  43 0004 00AF     		add	r7, sp, #0
  44              		.cfi_def_cfa_register 7
  45 0006 0200     		movs	r2, r0
  46 0008 3960     		str	r1, [r7]
  47 000a FB1D     		adds	r3, r7, #7
  48 000c 1A70     		strb	r2, [r3]
  35:envsensor_process.c ****      sensor.seqNum = data[7];
  49              		.loc 1 35 0
  50 000e 3B68     		ldr	r3, [r7]
  51 0010 DA79     		ldrb	r2, [r3, #7]
  52 0012 124B     		ldr	r3, .L2
  53 0014 1A71     		strb	r2, [r3, #4]
  36:envsensor_process.c ****      sensor.temp = Byte2Short(data[9],data[8])/100.0;
  54              		.loc 1 36 0
  55 0016 3B68     		ldr	r3, [r7]
  56 0018 0933     		adds	r3, r3, #9
  57 001a 1A78     		ldrb	r2, [r3]
  58 001c 3B68     		ldr	r3, [r7]
  59 001e 0833     		adds	r3, r3, #8
  60 0020 1B78     		ldrb	r3, [r3]
  61 0022 1900     		movs	r1, r3
  62 0024 1000     		movs	r0, r2
  63 0026 FFF7FEFF 		bl	Byte2Short
  64 002a 0300     		movs	r3, r0
  65 002c 1800     		movs	r0, r3
  66 002e FFF7FEFF 		bl	__aeabi_i2d
  67 0032 0022     		movs	r2, #0
  68 0034 0A4B     		ldr	r3, .L2+4
  69 0036 FFF7FEFF 		bl	__aeabi_ddiv
  70 003a 0300     		movs	r3, r0
  71 003c 0C00     		movs	r4, r1
  72 003e 1800     		movs	r0, r3
  73 0040 2100     		movs	r1, r4
  74 0042 FFF7FEFF 		bl	__aeabi_d2f
  75 0046 021C     		adds	r2, r0, #0
  76 0048 044B     		ldr	r3, .L2
  77 004a 9A60     		str	r2, [r3, #8]
  37:envsensor_process.c ****      /*
ARM GAS  C:\Users\run1009\AppData\Local\Temp\cce6BleD.s 			page 3


  38:envsensor_process.c ****      sensor.humi = Byte2UShort(data[10],data[11])/100.0;
  39:envsensor_process.c ****      sensor.light = Byte2UShort(data[13],data[12]);
  40:envsensor_process.c ****      sensor.uv = Byte2UShort(data[15],data[14])/100.0;
  41:envsensor_process.c ****      sensor.pressure = Byte2UShort(data[17],data[16])/10.0;
  42:envsensor_process.c ****      sensor.noise = Byte2UShort(data[19],data[18])/100.0;
  43:envsensor_process.c ****      sensor.battery = (data[26]+100)* 10.0;
  44:envsensor_process.c ****      sensor.ax = 0.0;
  45:envsensor_process.c ****      sensor.ay = 0.0;
  46:envsensor_process.c ****      sensor.az = 0.0;
  47:envsensor_process.c ****      sensor.di = Byte2Short(data[21],data[20])/100.0;
  48:envsensor_process.c ****      sensor.heat = Byte2Short(data[23],data[22])/100.0;
  49:envsensor_process.c ****      sensor.rssi = rssi;
  50:envsensor_process.c ****      sensor.distance = ReturnAccuracy(sensor.rssi); */
  51:envsensor_process.c ****      sensor.flagActive = TRUE;
  78              		.loc 1 51 0
  79 004c 034B     		ldr	r3, .L2
  80 004e 4022     		movs	r2, #64
  81 0050 0121     		movs	r1, #1
  82 0052 9954     		strb	r1, [r3, r2]
  52:envsensor_process.c **** }
  83              		.loc 1 52 0
  84 0054 C046     		nop
  85 0056 BD46     		mov	sp, r7
  86 0058 03B0     		add	sp, sp, #12
  87              		@ sp needed
  88 005a 90BD     		pop	{r4, r7, pc}
  89              	.L3:
  90              		.align	2
  91              	.L2:
  92 005c 00000000 		.word	sensor
  93 0060 00005940 		.word	1079574528
  94              		.cfi_endproc
  95              	.LFE36:
  96              		.size	EnvSensorProcess, .-EnvSensorProcess
  97              		.global	__aeabi_fcmplt
  98              		.global	__aeabi_f2d
  99              		.global	__aeabi_dmul
 100              		.global	__aeabi_dadd
 101              		.section	.text.ReturnAccuracy,"ax",%progbits
 102              		.align	2
 103              		.global	ReturnAccuracy
 104              		.code	16
 105              		.thumb_func
 106              		.type	ReturnAccuracy, %function
 107              	ReturnAccuracy:
 108              	.LFB37:
  53:envsensor_process.c **** /*******************************************************************************
  54:envsensor_process.c **** * Function Name: ReturnAccuracy
  55:envsensor_process.c **** ********************************************************************************
  56:envsensor_process.c **** * Summary:
  57:envsensor_process.c **** *        This function will calculate the distance between CypressBoard and 
  58:envsensor_process.c **** * Omron sensor with rssi and BLE measured power
  59:envsensor_process.c **** *
  60:envsensor_process.c **** * Parameters:
  61:envsensor_process.c **** *  void
  62:envsensor_process.c **** *
  63:envsensor_process.c **** * Return:
ARM GAS  C:\Users\run1009\AppData\Local\Temp\cce6BleD.s 			page 4


  64:envsensor_process.c **** *  short
  65:envsensor_process.c **** *
  66:envsensor_process.c **** *******************************************************************************/
  67:envsensor_process.c **** float ReturnAccuracy(int8 rssi){
 109              		.loc 1 67 0
 110              		.cfi_startproc
 111              		@ args = 0, pretend = 0, frame = 24
 112              		@ frame_needed = 1, uses_anonymous_args = 0
 113 0000 90B5     		push	{r4, r7, lr}
 114              		.cfi_def_cfa_offset 12
 115              		.cfi_offset 4, -12
 116              		.cfi_offset 7, -8
 117              		.cfi_offset 14, -4
 118 0002 87B0     		sub	sp, sp, #28
 119              		.cfi_def_cfa_offset 40
 120 0004 00AF     		add	r7, sp, #0
 121              		.cfi_def_cfa_register 7
 122 0006 0200     		movs	r2, r0
 123 0008 FB1D     		adds	r3, r7, #7
 124 000a 1A70     		strb	r2, [r3]
  68:envsensor_process.c ****         int8 RSSI = abs(rssi);
 125              		.loc 1 68 0
 126 000c FB1D     		adds	r3, r7, #7
 127 000e 1B78     		ldrb	r3, [r3]
 128 0010 5BB2     		sxtb	r3, r3
 129 0012 D917     		asrs	r1, r3, #31
 130 0014 5A18     		adds	r2, r3, r1
 131 0016 4A40     		eors	r2, r1
 132 0018 1723     		movs	r3, #23
 133 001a FB18     		adds	r3, r7, r3
 134 001c 1A70     		strb	r2, [r3]
  69:envsensor_process.c ****         if (RSSI == 0)
 135              		.loc 1 69 0
 136 001e 1723     		movs	r3, #23
 137 0020 FB18     		adds	r3, r7, r3
 138 0022 1B78     		ldrb	r3, [r3]
 139 0024 5BB2     		sxtb	r3, r3
 140 0026 002B     		cmp	r3, #0
 141 0028 01D1     		bne	.L5
  70:envsensor_process.c ****             return -1;
 142              		.loc 1 70 0
 143 002a 274B     		ldr	r3, .L11
 144 002c 48E0     		b	.L6
 145              	.L5:
  71:envsensor_process.c ****         if (BEACON_MEASURED_POWER == 0)
  72:envsensor_process.c ****             return -1;
  73:envsensor_process.c **** 
  74:envsensor_process.c ****         float ratio = RSSI * 1.0 / abs(BEACON_MEASURED_POWER);
 146              		.loc 1 74 0
 147 002e 1723     		movs	r3, #23
 148 0030 FB18     		adds	r3, r7, r3
 149 0032 1B78     		ldrb	r3, [r3]
 150 0034 5BB2     		sxtb	r3, r3
 151 0036 1800     		movs	r0, r3
 152 0038 FFF7FEFF 		bl	__aeabi_i2d
 153 003c 0022     		movs	r2, #0
 154 003e 234B     		ldr	r3, .L11+4
ARM GAS  C:\Users\run1009\AppData\Local\Temp\cce6BleD.s 			page 5


 155 0040 FFF7FEFF 		bl	__aeabi_ddiv
 156 0044 0300     		movs	r3, r0
 157 0046 0C00     		movs	r4, r1
 158 0048 1800     		movs	r0, r3
 159 004a 2100     		movs	r1, r4
 160 004c FFF7FEFF 		bl	__aeabi_d2f
 161 0050 031C     		adds	r3, r0, #0
 162 0052 3B61     		str	r3, [r7, #16]
  75:envsensor_process.c ****         if (ratio < 1.0)
 163              		.loc 1 75 0
 164 0054 FE21     		movs	r1, #254
 165 0056 8905     		lsls	r1, r1, #22
 166 0058 3869     		ldr	r0, [r7, #16]
 167 005a FFF7FEFF 		bl	__aeabi_fcmplt
 168 005e 031E     		subs	r3, r0, #0
 169 0060 10D0     		beq	.L10
  76:envsensor_process.c ****             return pow(ratio, 8.0);
 170              		.loc 1 76 0
 171 0062 3869     		ldr	r0, [r7, #16]
 172 0064 FFF7FEFF 		bl	__aeabi_f2d
 173 0068 0023     		movs	r3, #0
 174 006a 194C     		ldr	r4, .L11+8
 175 006c 1A00     		movs	r2, r3
 176 006e 2300     		movs	r3, r4
 177 0070 FFF7FEFF 		bl	pow
 178 0074 0300     		movs	r3, r0
 179 0076 0C00     		movs	r4, r1
 180 0078 1800     		movs	r0, r3
 181 007a 2100     		movs	r1, r4
 182 007c FFF7FEFF 		bl	__aeabi_d2f
 183 0080 031C     		adds	r3, r0, #0
 184 0082 1DE0     		b	.L6
 185              	.L10:
  77:envsensor_process.c ****         float accuracy = 0.69976 * pow(ratio, 7.7095) + 0.111;
 186              		.loc 1 77 0
 187 0084 3869     		ldr	r0, [r7, #16]
 188 0086 FFF7FEFF 		bl	__aeabi_f2d
 189 008a 124B     		ldr	r3, .L11+12
 190 008c 124C     		ldr	r4, .L11+16
 191 008e 1A00     		movs	r2, r3
 192 0090 2300     		movs	r3, r4
 193 0092 FFF7FEFF 		bl	pow
 194 0096 114A     		ldr	r2, .L11+20
 195 0098 114B     		ldr	r3, .L11+24
 196 009a FFF7FEFF 		bl	__aeabi_dmul
 197 009e 0300     		movs	r3, r0
 198 00a0 0C00     		movs	r4, r1
 199 00a2 1800     		movs	r0, r3
 200 00a4 2100     		movs	r1, r4
 201 00a6 0F4A     		ldr	r2, .L11+28
 202 00a8 0F4B     		ldr	r3, .L11+32
 203 00aa FFF7FEFF 		bl	__aeabi_dadd
 204 00ae 0300     		movs	r3, r0
 205 00b0 0C00     		movs	r4, r1
 206 00b2 1800     		movs	r0, r3
 207 00b4 2100     		movs	r1, r4
 208 00b6 FFF7FEFF 		bl	__aeabi_d2f
ARM GAS  C:\Users\run1009\AppData\Local\Temp\cce6BleD.s 			page 6


 209 00ba 031C     		adds	r3, r0, #0
 210 00bc FB60     		str	r3, [r7, #12]
  78:envsensor_process.c ****         // accuracy = 0.89976 * pow(ratio, 7.7095) + 0.111
  79:envsensor_process.c **** 
  80:envsensor_process.c ****         return accuracy;
 211              		.loc 1 80 0
 212 00be FB68     		ldr	r3, [r7, #12]
 213              	.L6:
  81:envsensor_process.c **** }
 214              		.loc 1 81 0
 215 00c0 181C     		adds	r0, r3, #0
 216 00c2 BD46     		mov	sp, r7
 217 00c4 07B0     		add	sp, sp, #28
 218              		@ sp needed
 219 00c6 90BD     		pop	{r4, r7, pc}
 220              	.L12:
 221              		.align	2
 222              	.L11:
 223 00c8 000080BF 		.word	-1082130432
 224 00cc 00804D40 		.word	1078820864
 225 00d0 00002040 		.word	1075838976
 226 00d4 4A0C022B 		.word	721554506
 227 00d8 87D61E40 		.word	1075762823
 228 00dc 15916115 		.word	358715669
 229 00e0 6F64E63F 		.word	1072063599
 230 00e4 D122DBF9 		.word	-103079215
 231 00e8 7E6ABC3F 		.word	1069312638
 232              		.cfi_endproc
 233              	.LFE37:
 234              		.size	ReturnAccuracy, .-ReturnAccuracy
 235              		.section	.text.GetSensorData,"ax",%progbits
 236              		.align	2
 237              		.global	GetSensorData
 238              		.code	16
 239              		.thumb_func
 240              		.type	GetSensorData, %function
 241              	GetSensorData:
 242              	.LFB38:
  82:envsensor_process.c **** /*******************************************************************************
  83:envsensor_process.c **** * Function Name: GetTemperature
  84:envsensor_process.c **** ********************************************************************************
  85:envsensor_process.c **** * Summary:
  86:envsensor_process.c **** *        When this function is called, it will transfer the temperature data that
  87:envsensor_process.c **** * get from the Omron environment sensor
  88:envsensor_process.c **** *
  89:envsensor_process.c **** * Parameters:
  90:envsensor_process.c **** *  void
  91:envsensor_process.c **** *
  92:envsensor_process.c **** * Return:
  93:envsensor_process.c **** *  short
  94:envsensor_process.c **** *
  95:envsensor_process.c **** *******************************************************************************/
  96:envsensor_process.c **** ENV_SENSOR_T GetSensorData(){
 243              		.loc 1 96 0
 244              		.cfi_startproc
 245              		@ args = 0, pretend = 0, frame = 8
 246              		@ frame_needed = 1, uses_anonymous_args = 0
ARM GAS  C:\Users\run1009\AppData\Local\Temp\cce6BleD.s 			page 7


 247 0000 80B5     		push	{r7, lr}
 248              		.cfi_def_cfa_offset 8
 249              		.cfi_offset 7, -8
 250              		.cfi_offset 14, -4
 251 0002 82B0     		sub	sp, sp, #8
 252              		.cfi_def_cfa_offset 16
 253 0004 00AF     		add	r7, sp, #0
 254              		.cfi_def_cfa_register 7
 255 0006 7860     		str	r0, [r7, #4]
  97:envsensor_process.c ****     return sensor;
 256              		.loc 1 97 0
 257 0008 7A68     		ldr	r2, [r7, #4]
 258 000a 054B     		ldr	r3, .L15
 259 000c 1000     		movs	r0, r2
 260 000e 1900     		movs	r1, r3
 261 0010 4423     		movs	r3, #68
 262 0012 1A00     		movs	r2, r3
 263 0014 FFF7FEFF 		bl	memcpy
  98:envsensor_process.c **** }
 264              		.loc 1 98 0
 265 0018 7868     		ldr	r0, [r7, #4]
 266 001a BD46     		mov	sp, r7
 267 001c 02B0     		add	sp, sp, #8
 268              		@ sp needed
 269 001e 80BD     		pop	{r7, pc}
 270              	.L16:
 271              		.align	2
 272              	.L15:
 273 0020 00000000 		.word	sensor
 274              		.cfi_endproc
 275              	.LFE38:
 276              		.size	GetSensorData, .-GetSensorData
 277              		.section	.text.Byte2Short,"ax",%progbits
 278              		.align	2
 279              		.global	Byte2Short
 280              		.code	16
 281              		.thumb_func
 282              		.type	Byte2Short, %function
 283              	Byte2Short:
 284              	.LFB39:
  99:envsensor_process.c **** /*******************************************************************************
 100:envsensor_process.c **** * Function Name: Byte2Short
 101:envsensor_process.c **** ********************************************************************************
 102:envsensor_process.c **** * Summary:
 103:envsensor_process.c **** *        This function converts byte data to short data and return it
 104:envsensor_process.c **** *
 105:envsensor_process.c **** * Parameters:
 106:envsensor_process.c **** *  uint8 high paylaod and uint8 low payload
 107:envsensor_process.c **** *
 108:envsensor_process.c **** * Return:
 109:envsensor_process.c **** *  short
 110:envsensor_process.c **** *
 111:envsensor_process.c **** *******************************************************************************/
 112:envsensor_process.c **** short Byte2Short(uint8 hi, uint8 lo){
 285              		.loc 1 112 0
 286              		.cfi_startproc
 287              		@ args = 0, pretend = 0, frame = 16
ARM GAS  C:\Users\run1009\AppData\Local\Temp\cce6BleD.s 			page 8


 288              		@ frame_needed = 1, uses_anonymous_args = 0
 289 0000 80B5     		push	{r7, lr}
 290              		.cfi_def_cfa_offset 8
 291              		.cfi_offset 7, -8
 292              		.cfi_offset 14, -4
 293 0002 84B0     		sub	sp, sp, #16
 294              		.cfi_def_cfa_offset 24
 295 0004 00AF     		add	r7, sp, #0
 296              		.cfi_def_cfa_register 7
 297 0006 0200     		movs	r2, r0
 298 0008 FB1D     		adds	r3, r7, #7
 299 000a 1A70     		strb	r2, [r3]
 300 000c BB1D     		adds	r3, r7, #6
 301 000e 0A1C     		adds	r2, r1, #0
 302 0010 1A70     		strb	r2, [r3]
 113:envsensor_process.c ****     short short_val;
 114:envsensor_process.c ****     short val = (hi << 8) | lo;
 303              		.loc 1 114 0
 304 0012 FB1D     		adds	r3, r7, #7
 305 0014 1B78     		ldrb	r3, [r3]
 306 0016 1B02     		lsls	r3, r3, #8
 307 0018 19B2     		sxth	r1, r3
 308 001a BB1D     		adds	r3, r7, #6
 309 001c 1B78     		ldrb	r3, [r3]
 310 001e 1AB2     		sxth	r2, r3
 311 0020 0C23     		movs	r3, #12
 312 0022 FB18     		adds	r3, r7, r3
 313 0024 0A43     		orrs	r2, r1
 314 0026 1A80     		strh	r2, [r3]
 115:envsensor_process.c ****     if ((hi & 0b10000000) == 0b10000000){
 315              		.loc 1 115 0
 316 0028 FB1D     		adds	r3, r7, #7
 317 002a 1B78     		ldrb	r3, [r3]
 318 002c 5BB2     		sxtb	r3, r3
 319 002e 002B     		cmp	r3, #0
 320 0030 17DA     		bge	.L18
 321              	.LBB2:
 116:envsensor_process.c ****        short val_inv = val ^ 0b1111111111111111;
 322              		.loc 1 116 0
 323 0032 0A23     		movs	r3, #10
 324 0034 FB18     		adds	r3, r7, r3
 325 0036 0C22     		movs	r2, #12
 326 0038 BA18     		adds	r2, r7, r2
 327 003a 1288     		ldrh	r2, [r2]
 328 003c D243     		mvns	r2, r2
 329 003e 1A80     		strh	r2, [r3]
 117:envsensor_process.c ****         val_inv = val_inv + 1;
 330              		.loc 1 117 0
 331 0040 0A23     		movs	r3, #10
 332 0042 FB18     		adds	r3, r7, r3
 333 0044 1B88     		ldrh	r3, [r3]
 334 0046 0133     		adds	r3, r3, #1
 335 0048 9AB2     		uxth	r2, r3
 336 004a 0A23     		movs	r3, #10
 337 004c FB18     		adds	r3, r7, r3
 338 004e 1A80     		strh	r2, [r3]
 118:envsensor_process.c ****         short_val = val_inv * (-1);
ARM GAS  C:\Users\run1009\AppData\Local\Temp\cce6BleD.s 			page 9


 339              		.loc 1 118 0
 340 0050 0A23     		movs	r3, #10
 341 0052 FB18     		adds	r3, r7, r3
 342 0054 1B88     		ldrh	r3, [r3]
 343 0056 5B42     		rsbs	r3, r3, #0
 344 0058 9AB2     		uxth	r2, r3
 345 005a 0E23     		movs	r3, #14
 346 005c FB18     		adds	r3, r7, r3
 347 005e 1A80     		strh	r2, [r3]
 348              	.LBE2:
 349 0060 05E0     		b	.L19
 350              	.L18:
 119:envsensor_process.c ****     }
 120:envsensor_process.c ****     else{
 121:envsensor_process.c ****         short_val = val;
 351              		.loc 1 121 0
 352 0062 0E23     		movs	r3, #14
 353 0064 FB18     		adds	r3, r7, r3
 354 0066 0C22     		movs	r2, #12
 355 0068 BA18     		adds	r2, r7, r2
 356 006a 1288     		ldrh	r2, [r2]
 357 006c 1A80     		strh	r2, [r3]
 358              	.L19:
 122:envsensor_process.c ****     }
 123:envsensor_process.c ****     return short_val;
 359              		.loc 1 123 0
 360 006e 0E23     		movs	r3, #14
 361 0070 FB18     		adds	r3, r7, r3
 362 0072 0022     		movs	r2, #0
 363 0074 9B5E     		ldrsh	r3, [r3, r2]
 124:envsensor_process.c **** }
 364              		.loc 1 124 0
 365 0076 1800     		movs	r0, r3
 366 0078 BD46     		mov	sp, r7
 367 007a 04B0     		add	sp, sp, #16
 368              		@ sp needed
 369 007c 80BD     		pop	{r7, pc}
 370              		.cfi_endproc
 371              	.LFE39:
 372              		.size	Byte2Short, .-Byte2Short
 373 007e C046     		.section	.text.Byte2UShort,"ax",%progbits
 374              		.align	2
 375              		.global	Byte2UShort
 376              		.code	16
 377              		.thumb_func
 378              		.type	Byte2UShort, %function
 379              	Byte2UShort:
 380              	.LFB40:
 125:envsensor_process.c **** /*******************************************************************************
 126:envsensor_process.c **** * Function Name: Byte2UShort
 127:envsensor_process.c **** ********************************************************************************
 128:envsensor_process.c **** * Summary:
 129:envsensor_process.c **** *        This function converts byte data to unsigned short data and return it
 130:envsensor_process.c **** *
 131:envsensor_process.c **** * Parameters:
 132:envsensor_process.c **** *  uint8 high paylaod and uint8 low payload
 133:envsensor_process.c **** *
ARM GAS  C:\Users\run1009\AppData\Local\Temp\cce6BleD.s 			page 10


 134:envsensor_process.c **** * Return:
 135:envsensor_process.c **** *  unsigned short
 136:envsensor_process.c **** *
 137:envsensor_process.c **** *******************************************************************************/
 138:envsensor_process.c **** unsigned short Byte2UShort(uint8 hi, uint8 lo){
 381              		.loc 1 138 0
 382              		.cfi_startproc
 383              		@ args = 0, pretend = 0, frame = 16
 384              		@ frame_needed = 1, uses_anonymous_args = 0
 385 0000 80B5     		push	{r7, lr}
 386              		.cfi_def_cfa_offset 8
 387              		.cfi_offset 7, -8
 388              		.cfi_offset 14, -4
 389 0002 84B0     		sub	sp, sp, #16
 390              		.cfi_def_cfa_offset 24
 391 0004 00AF     		add	r7, sp, #0
 392              		.cfi_def_cfa_register 7
 393 0006 0200     		movs	r2, r0
 394 0008 FB1D     		adds	r3, r7, #7
 395 000a 1A70     		strb	r2, [r3]
 396 000c BB1D     		adds	r3, r7, #6
 397 000e 0A1C     		adds	r2, r1, #0
 398 0010 1A70     		strb	r2, [r3]
 139:envsensor_process.c ****     unsigned short ushort_val  = (hi << 8) | lo;
 399              		.loc 1 139 0
 400 0012 FB1D     		adds	r3, r7, #7
 401 0014 1B78     		ldrb	r3, [r3]
 402 0016 1B02     		lsls	r3, r3, #8
 403 0018 1AB2     		sxth	r2, r3
 404 001a BB1D     		adds	r3, r7, #6
 405 001c 1B78     		ldrb	r3, [r3]
 406 001e 1BB2     		sxth	r3, r3
 407 0020 1343     		orrs	r3, r2
 408 0022 1AB2     		sxth	r2, r3
 409 0024 0E23     		movs	r3, #14
 410 0026 FB18     		adds	r3, r7, r3
 411 0028 1A80     		strh	r2, [r3]
 140:envsensor_process.c ****     return ushort_val ;
 412              		.loc 1 140 0
 413 002a 0E23     		movs	r3, #14
 414 002c FB18     		adds	r3, r7, r3
 415 002e 1B88     		ldrh	r3, [r3]
 141:envsensor_process.c **** }
 416              		.loc 1 141 0
 417 0030 1800     		movs	r0, r3
 418 0032 BD46     		mov	sp, r7
 419 0034 04B0     		add	sp, sp, #16
 420              		@ sp needed
 421 0036 80BD     		pop	{r7, pc}
 422              		.cfi_endproc
 423              	.LFE40:
 424              		.size	Byte2UShort, .-Byte2UShort
 425              		.text
 426              	.Letext0:
 427              		.file 2 "Generated_Source\\PSoC4/cytypes.h"
 428              		.file 3 "Generated_Source\\PSoC4/BLE_Stack.h"
 429              		.file 4 "Generated_Source\\PSoC4/BLE_eventHandler.h"
ARM GAS  C:\Users\run1009\AppData\Local\Temp\cce6BleD.s 			page 11


 430              		.file 5 "./envsensor_process.h"
 431              		.section	.debug_info,"",%progbits
 432              	.Ldebug_info0:
 433 0000 C2040000 		.4byte	0x4c2
 434 0004 0400     		.2byte	0x4
 435 0006 00000000 		.4byte	.Ldebug_abbrev0
 436 000a 04       		.byte	0x4
 437 000b 01       		.uleb128 0x1
 438 000c AF050000 		.4byte	.LASF116
 439 0010 0C       		.byte	0xc
 440 0011 2E040000 		.4byte	.LASF117
 441 0015 7A020000 		.4byte	.LASF118
 442 0019 00000000 		.4byte	.Ldebug_ranges0+0
 443 001d 00000000 		.4byte	0
 444 0021 00000000 		.4byte	.Ldebug_line0
 445 0025 02       		.uleb128 0x2
 446 0026 01       		.byte	0x1
 447 0027 06       		.byte	0x6
 448 0028 E0010000 		.4byte	.LASF0
 449 002c 02       		.uleb128 0x2
 450 002d 01       		.byte	0x1
 451 002e 08       		.byte	0x8
 452 002f 3A080000 		.4byte	.LASF1
 453 0033 02       		.uleb128 0x2
 454 0034 02       		.byte	0x2
 455 0035 05       		.byte	0x5
 456 0036 76080000 		.4byte	.LASF2
 457 003a 02       		.uleb128 0x2
 458 003b 02       		.byte	0x2
 459 003c 07       		.byte	0x7
 460 003d D9040000 		.4byte	.LASF3
 461 0041 02       		.uleb128 0x2
 462 0042 04       		.byte	0x4
 463 0043 05       		.byte	0x5
 464 0044 0B010000 		.4byte	.LASF4
 465 0048 02       		.uleb128 0x2
 466 0049 04       		.byte	0x4
 467 004a 07       		.byte	0x7
 468 004b 04040000 		.4byte	.LASF5
 469 004f 02       		.uleb128 0x2
 470 0050 08       		.byte	0x8
 471 0051 05       		.byte	0x5
 472 0052 D2010000 		.4byte	.LASF6
 473 0056 02       		.uleb128 0x2
 474 0057 08       		.byte	0x8
 475 0058 07       		.byte	0x7
 476 0059 14010000 		.4byte	.LASF7
 477 005d 03       		.uleb128 0x3
 478 005e 04       		.byte	0x4
 479 005f 05       		.byte	0x5
 480 0060 696E7400 		.ascii	"int\000"
 481 0064 02       		.uleb128 0x2
 482 0065 04       		.byte	0x4
 483 0066 07       		.byte	0x7
 484 0067 D8030000 		.4byte	.LASF8
 485 006b 04       		.uleb128 0x4
 486 006c 0D030000 		.4byte	.LASF9
ARM GAS  C:\Users\run1009\AppData\Local\Temp\cce6BleD.s 			page 12


 487 0070 02       		.byte	0x2
 488 0071 E401     		.2byte	0x1e4
 489 0073 2C000000 		.4byte	0x2c
 490 0077 04       		.uleb128 0x4
 491 0078 3A050000 		.4byte	.LASF10
 492 007c 02       		.byte	0x2
 493 007d E701     		.2byte	0x1e7
 494 007f 25000000 		.4byte	0x25
 495 0083 02       		.uleb128 0x2
 496 0084 04       		.byte	0x4
 497 0085 04       		.byte	0x4
 498 0086 34080000 		.4byte	.LASF11
 499 008a 02       		.uleb128 0x2
 500 008b 08       		.byte	0x8
 501 008c 04       		.byte	0x4
 502 008d 3F030000 		.4byte	.LASF12
 503 0091 02       		.uleb128 0x2
 504 0092 01       		.byte	0x1
 505 0093 08       		.byte	0x8
 506 0094 71090000 		.4byte	.LASF13
 507 0098 02       		.uleb128 0x2
 508 0099 08       		.byte	0x8
 509 009a 04       		.byte	0x4
 510 009b 65090000 		.4byte	.LASF14
 511 009f 02       		.uleb128 0x2
 512 00a0 04       		.byte	0x4
 513 00a1 07       		.byte	0x7
 514 00a2 B30A0000 		.4byte	.LASF15
 515 00a6 05       		.uleb128 0x5
 516 00a7 01       		.byte	0x1
 517 00a8 2C000000 		.4byte	0x2c
 518 00ac 03       		.byte	0x3
 519 00ad 3501     		.2byte	0x135
 520 00af 64020000 		.4byte	0x264
 521 00b3 06       		.uleb128 0x6
 522 00b4 EC040000 		.4byte	.LASF16
 523 00b8 00       		.byte	0
 524 00b9 06       		.uleb128 0x6
 525 00ba EC010000 		.4byte	.LASF17
 526 00be 01       		.byte	0x1
 527 00bf 06       		.uleb128 0x6
 528 00c0 F9000000 		.4byte	.LASF18
 529 00c4 02       		.byte	0x2
 530 00c5 06       		.uleb128 0x6
 531 00c6 880A0000 		.4byte	.LASF19
 532 00ca 03       		.byte	0x3
 533 00cb 06       		.uleb128 0x6
 534 00cc 2B010000 		.4byte	.LASF20
 535 00d0 04       		.byte	0x4
 536 00d1 06       		.uleb128 0x6
 537 00d2 1E000000 		.4byte	.LASF21
 538 00d6 05       		.byte	0x5
 539 00d7 06       		.uleb128 0x6
 540 00d8 21050000 		.4byte	.LASF22
 541 00dc 06       		.byte	0x6
 542 00dd 06       		.uleb128 0x6
 543 00de 74060000 		.4byte	.LASF23
ARM GAS  C:\Users\run1009\AppData\Local\Temp\cce6BleD.s 			page 13


 544 00e2 20       		.byte	0x20
 545 00e3 06       		.uleb128 0x6
 546 00e4 2C020000 		.4byte	.LASF24
 547 00e8 21       		.byte	0x21
 548 00e9 06       		.uleb128 0x6
 549 00ea 46050000 		.4byte	.LASF25
 550 00ee 22       		.byte	0x22
 551 00ef 06       		.uleb128 0x6
 552 00f0 620A0000 		.4byte	.LASF26
 553 00f4 23       		.byte	0x23
 554 00f5 06       		.uleb128 0x6
 555 00f6 87070000 		.4byte	.LASF27
 556 00fa 24       		.byte	0x24
 557 00fb 06       		.uleb128 0x6
 558 00fc 11070000 		.4byte	.LASF28
 559 0100 25       		.byte	0x25
 560 0101 06       		.uleb128 0x6
 561 0102 C7020000 		.4byte	.LASF29
 562 0106 26       		.byte	0x26
 563 0107 06       		.uleb128 0x6
 564 0108 6A050000 		.4byte	.LASF30
 565 010c 27       		.byte	0x27
 566 010d 06       		.uleb128 0x6
 567 010e 95090000 		.4byte	.LASF31
 568 0112 28       		.byte	0x28
 569 0113 06       		.uleb128 0x6
 570 0114 84010000 		.4byte	.LASF32
 571 0118 29       		.byte	0x29
 572 0119 06       		.uleb128 0x6
 573 011a 61000000 		.4byte	.LASF33
 574 011e 2A       		.byte	0x2a
 575 011f 06       		.uleb128 0x6
 576 0120 0D020000 		.4byte	.LASF34
 577 0124 2B       		.byte	0x2b
 578 0125 06       		.uleb128 0x6
 579 0126 E30A0000 		.4byte	.LASF35
 580 012a 2C       		.byte	0x2c
 581 012b 06       		.uleb128 0x6
 582 012c A1010000 		.4byte	.LASF36
 583 0130 2D       		.byte	0x2d
 584 0131 06       		.uleb128 0x6
 585 0132 48080000 		.4byte	.LASF37
 586 0136 2E       		.byte	0x2e
 587 0137 06       		.uleb128 0x6
 588 0138 AB000000 		.4byte	.LASF38
 589 013c 2F       		.byte	0x2f
 590 013d 06       		.uleb128 0x6
 591 013e 66070000 		.4byte	.LASF39
 592 0142 30       		.byte	0x30
 593 0143 06       		.uleb128 0x6
 594 0144 530B0000 		.4byte	.LASF40
 595 0148 31       		.byte	0x31
 596 0149 06       		.uleb128 0x6
 597 014a 45070000 		.4byte	.LASF41
 598 014e 32       		.byte	0x32
 599 014f 06       		.uleb128 0x6
 600 0150 24090000 		.4byte	.LASF42
ARM GAS  C:\Users\run1009\AppData\Local\Temp\cce6BleD.s 			page 14


 601 0154 33       		.byte	0x33
 602 0155 06       		.uleb128 0x6
 603 0156 16040000 		.4byte	.LASF43
 604 015a 34       		.byte	0x34
 605 015b 06       		.uleb128 0x6
 606 015c 94030000 		.4byte	.LASF44
 607 0160 35       		.byte	0x35
 608 0161 06       		.uleb128 0x6
 609 0162 8E050000 		.4byte	.LASF45
 610 0166 36       		.byte	0x36
 611 0167 06       		.uleb128 0x6
 612 0168 98060000 		.4byte	.LASF46
 613 016c 37       		.byte	0x37
 614 016d 06       		.uleb128 0x6
 615 016e 0A090000 		.4byte	.LASF47
 616 0172 40       		.byte	0x40
 617 0173 06       		.uleb128 0x6
 618 0174 3D060000 		.4byte	.LASF48
 619 0178 41       		.byte	0x41
 620 0179 06       		.uleb128 0x6
 621 017a 800B0000 		.4byte	.LASF49
 622 017e 42       		.byte	0x42
 623 017f 06       		.uleb128 0x6
 624 0180 EF020000 		.4byte	.LASF50
 625 0184 43       		.byte	0x43
 626 0185 06       		.uleb128 0x6
 627 0186 5C040000 		.4byte	.LASF51
 628 018a 44       		.byte	0x44
 629 018b 06       		.uleb128 0x6
 630 018c 0D080000 		.4byte	.LASF52
 631 0190 45       		.byte	0x45
 632 0191 06       		.uleb128 0x6
 633 0192 EB060000 		.4byte	.LASF53
 634 0196 46       		.byte	0x46
 635 0197 06       		.uleb128 0x6
 636 0198 03050000 		.4byte	.LASF54
 637 019c 47       		.byte	0x47
 638 019d 06       		.uleb128 0x6
 639 019e BC0A0000 		.4byte	.LASF55
 640 01a2 48       		.byte	0x48
 641 01a3 06       		.uleb128 0x6
 642 01a4 43020000 		.4byte	.LASF56
 643 01a8 49       		.byte	0x49
 644 01a9 06       		.uleb128 0x6
 645 01aa 00000000 		.4byte	.LASF57
 646 01ae 4A       		.byte	0x4a
 647 01af 06       		.uleb128 0x6
 648 01b0 76090000 		.4byte	.LASF58
 649 01b4 4B       		.byte	0x4b
 650 01b5 06       		.uleb128 0x6
 651 01b6 42040000 		.4byte	.LASF59
 652 01ba 4C       		.byte	0x4c
 653 01bb 06       		.uleb128 0x6
 654 01bc 2B070000 		.4byte	.LASF60
 655 01c0 4D       		.byte	0x4d
 656 01c1 06       		.uleb128 0x6
 657 01c2 5C020000 		.4byte	.LASF61
ARM GAS  C:\Users\run1009\AppData\Local\Temp\cce6BleD.s 			page 15


 658 01c6 4E       		.byte	0x4e
 659 01c7 06       		.uleb128 0x6
 660 01c8 B3080000 		.4byte	.LASF62
 661 01cc 4F       		.byte	0x4f
 662 01cd 06       		.uleb128 0x6
 663 01ce D4000000 		.4byte	.LASF63
 664 01d2 50       		.byte	0x50
 665 01d3 06       		.uleb128 0x6
 666 01d4 20030000 		.4byte	.LASF64
 667 01d8 51       		.byte	0x51
 668 01d9 06       		.uleb128 0x6
 669 01da A3070000 		.4byte	.LASF65
 670 01de 52       		.byte	0x52
 671 01df 06       		.uleb128 0x6
 672 01e0 80080000 		.4byte	.LASF66
 673 01e4 53       		.byte	0x53
 674 01e5 06       		.uleb128 0x6
 675 01e6 E9080000 		.4byte	.LASF67
 676 01ea 54       		.byte	0x54
 677 01eb 06       		.uleb128 0x6
 678 01ec 7A040000 		.4byte	.LASF68
 679 01f0 55       		.byte	0x55
 680 01f1 06       		.uleb128 0x6
 681 01f2 B6030000 		.4byte	.LASF69
 682 01f6 56       		.byte	0x56
 683 01f7 06       		.uleb128 0x6
 684 01f8 D3090000 		.4byte	.LASF70
 685 01fc 57       		.byte	0x57
 686 01fd 06       		.uleb128 0x6
 687 01fe A9040000 		.4byte	.LASF71
 688 0202 58       		.byte	0x58
 689 0203 06       		.uleb128 0x6
 690 0204 5E010000 		.4byte	.LASF72
 691 0208 70       		.byte	0x70
 692 0209 06       		.uleb128 0x6
 693 020a 2D0B0000 		.4byte	.LASF73
 694 020e 71       		.byte	0x71
 695 020f 06       		.uleb128 0x6
 696 0210 58060000 		.4byte	.LASF74
 697 0214 72       		.byte	0x72
 698 0215 06       		.uleb128 0x6
 699 0216 CD060000 		.4byte	.LASF75
 700 021a 73       		.byte	0x73
 701 021b 06       		.uleb128 0x6
 702 021c E0070000 		.4byte	.LASF76
 703 0220 74       		.byte	0x74
 704 0221 06       		.uleb128 0x6
 705 0222 070B0000 		.4byte	.LASF77
 706 0226 75       		.byte	0x75
 707 0227 06       		.uleb128 0x6
 708 0228 8A000000 		.4byte	.LASF78
 709 022c 76       		.byte	0x76
 710 022d 06       		.uleb128 0x6
 711 022e 42000000 		.4byte	.LASF79
 712 0232 77       		.byte	0x77
 713 0233 06       		.uleb128 0x6
 714 0234 FC090000 		.4byte	.LASF80
ARM GAS  C:\Users\run1009\AppData\Local\Temp\cce6BleD.s 			page 16


 715 0238 78       		.byte	0x78
 716 0239 06       		.uleb128 0x6
 717 023a 250A0000 		.4byte	.LASF81
 718 023e 79       		.byte	0x79
 719 023f 06       		.uleb128 0x6
 720 0240 6B030000 		.4byte	.LASF82
 721 0244 7A       		.byte	0x7a
 722 0245 06       		.uleb128 0x6
 723 0246 40010000 		.4byte	.LASF83
 724 024a FA       		.byte	0xfa
 725 024b 06       		.uleb128 0x6
 726 024c E5030000 		.4byte	.LASF84
 727 0250 FB       		.byte	0xfb
 728 0251 06       		.uleb128 0x6
 729 0252 A1080000 		.4byte	.LASF85
 730 0256 FC       		.byte	0xfc
 731 0257 06       		.uleb128 0x6
 732 0258 9E0B0000 		.4byte	.LASF86
 733 025c FD       		.byte	0xfd
 734 025d 06       		.uleb128 0x6
 735 025e 5D030000 		.4byte	.LASF87
 736 0262 FF       		.byte	0xff
 737 0263 00       		.byte	0
 738 0264 07       		.uleb128 0x7
 739 0265 04       		.byte	0x4
 740 0266 6B000000 		.4byte	0x6b
 741 026a 05       		.uleb128 0x5
 742 026b 01       		.byte	0x1
 743 026c 2C000000 		.4byte	0x2c
 744 0270 04       		.byte	0x4
 745 0271 9D08     		.2byte	0x89d
 746 0273 96020000 		.4byte	0x296
 747 0277 06       		.uleb128 0x6
 748 0278 56090000 		.4byte	.LASF88
 749 027c 00       		.byte	0
 750 027d 06       		.uleb128 0x6
 751 027e C3090000 		.4byte	.LASF89
 752 0282 01       		.byte	0x1
 753 0283 06       		.uleb128 0x6
 754 0284 C4070000 		.4byte	.LASF90
 755 0288 02       		.byte	0x2
 756 0289 06       		.uleb128 0x6
 757 028a 46030000 		.4byte	.LASF91
 758 028e 03       		.byte	0x3
 759 028f 06       		.uleb128 0x6
 760 0290 D2080000 		.4byte	.LASF92
 761 0294 04       		.byte	0x4
 762 0295 00       		.byte	0
 763 0296 08       		.uleb128 0x8
 764 0297 44       		.byte	0x44
 765 0298 05       		.byte	0x5
 766 0299 16       		.byte	0x16
 767 029a 66030000 		.4byte	0x366
 768 029e 09       		.uleb128 0x9
 769 029f CA010000 		.4byte	.LASF93
 770 02a3 05       		.byte	0x5
 771 02a4 1A       		.byte	0x1a
ARM GAS  C:\Users\run1009\AppData\Local\Temp\cce6BleD.s 			page 17


 772 02a5 64020000 		.4byte	0x264
 773 02a9 00       		.byte	0
 774 02aa 09       		.uleb128 0x9
 775 02ab AC0A0000 		.4byte	.LASF94
 776 02af 05       		.byte	0x5
 777 02b0 1D       		.byte	0x1d
 778 02b1 6B000000 		.4byte	0x6b
 779 02b5 04       		.byte	0x4
 780 02b6 09       		.uleb128 0x9
 781 02b7 B1030000 		.4byte	.LASF95
 782 02bb 05       		.byte	0x5
 783 02bc 20       		.byte	0x20
 784 02bd 83000000 		.4byte	0x83
 785 02c1 08       		.byte	0x8
 786 02c2 09       		.uleb128 0x9
 787 02c3 89050000 		.4byte	.LASF96
 788 02c7 05       		.byte	0x5
 789 02c8 23       		.byte	0x23
 790 02c9 83000000 		.4byte	0x83
 791 02cd 0C       		.byte	0xc
 792 02ce 09       		.uleb128 0x9
 793 02cf F3000000 		.4byte	.LASF97
 794 02d3 05       		.byte	0x5
 795 02d4 26       		.byte	0x26
 796 02d5 33000000 		.4byte	0x33
 797 02d9 10       		.byte	0x10
 798 02da 0A       		.uleb128 0xa
 799 02db 757600   		.ascii	"uv\000"
 800 02de 05       		.byte	0x5
 801 02df 29       		.byte	0x29
 802 02e0 83000000 		.4byte	0x83
 803 02e4 14       		.byte	0x14
 804 02e5 09       		.uleb128 0x9
 805 02e6 D7070000 		.4byte	.LASF98
 806 02ea 05       		.byte	0x5
 807 02eb 2C       		.byte	0x2c
 808 02ec 83000000 		.4byte	0x83
 809 02f0 18       		.byte	0x18
 810 02f1 09       		.uleb128 0x9
 811 02f2 E3080000 		.4byte	.LASF99
 812 02f6 05       		.byte	0x5
 813 02f7 2F       		.byte	0x2f
 814 02f8 83000000 		.4byte	0x83
 815 02fc 1C       		.byte	0x1c
 816 02fd 0A       		.uleb128 0xa
 817 02fe 646900   		.ascii	"di\000"
 818 0301 05       		.byte	0x5
 819 0302 32       		.byte	0x32
 820 0303 83000000 		.4byte	0x83
 821 0307 20       		.byte	0x20
 822 0308 09       		.uleb128 0x9
 823 0309 8F030000 		.4byte	.LASF100
 824 030d 05       		.byte	0x5
 825 030e 35       		.byte	0x35
 826 030f 83000000 		.4byte	0x83
 827 0313 24       		.byte	0x24
 828 0314 0A       		.uleb128 0xa
ARM GAS  C:\Users\run1009\AppData\Local\Temp\cce6BleD.s 			page 18


 829 0315 617800   		.ascii	"ax\000"
 830 0318 05       		.byte	0x5
 831 0319 38       		.byte	0x38
 832 031a 83000000 		.4byte	0x83
 833 031e 28       		.byte	0x28
 834 031f 0A       		.uleb128 0xa
 835 0320 617900   		.ascii	"ay\000"
 836 0323 05       		.byte	0x5
 837 0324 3B       		.byte	0x3b
 838 0325 83000000 		.4byte	0x83
 839 0329 2C       		.byte	0x2c
 840 032a 0A       		.uleb128 0xa
 841 032b 617A00   		.ascii	"az\000"
 842 032e 05       		.byte	0x5
 843 032f 3E       		.byte	0x3e
 844 0330 83000000 		.4byte	0x83
 845 0334 30       		.byte	0x30
 846 0335 09       		.uleb128 0x9
 847 0336 D1040000 		.4byte	.LASF101
 848 033a 05       		.byte	0x5
 849 033b 41       		.byte	0x41
 850 033c 83000000 		.4byte	0x83
 851 0340 34       		.byte	0x34
 852 0341 09       		.uleb128 0x9
 853 0342 280B0000 		.4byte	.LASF102
 854 0346 05       		.byte	0x5
 855 0347 46       		.byte	0x46
 856 0348 77000000 		.4byte	0x77
 857 034c 38       		.byte	0x38
 858 034d 09       		.uleb128 0x9
 859 034e 480A0000 		.4byte	.LASF103
 860 0352 05       		.byte	0x5
 861 0353 49       		.byte	0x49
 862 0354 83000000 		.4byte	0x83
 863 0358 3C       		.byte	0x3c
 864 0359 09       		.uleb128 0x9
 865 035a A10A0000 		.4byte	.LASF104
 866 035e 05       		.byte	0x5
 867 035f 4B       		.byte	0x4b
 868 0360 6B000000 		.4byte	0x6b
 869 0364 40       		.byte	0x40
 870 0365 00       		.byte	0
 871 0366 0B       		.uleb128 0xb
 872 0367 13030000 		.4byte	.LASF105
 873 036b 05       		.byte	0x5
 874 036c 4D       		.byte	0x4d
 875 036d 96020000 		.4byte	0x296
 876 0371 0C       		.uleb128 0xc
 877 0372 510A0000 		.4byte	.LASF119
 878 0376 01       		.byte	0x1
 879 0377 22       		.byte	0x22
 880 0378 00000000 		.4byte	.LFB36
 881 037c 64000000 		.4byte	.LFE36-.LFB36
 882 0380 01       		.uleb128 0x1
 883 0381 9C       		.byte	0x9c
 884 0382 A3030000 		.4byte	0x3a3
 885 0386 0D       		.uleb128 0xd
ARM GAS  C:\Users\run1009\AppData\Local\Temp\cce6BleD.s 			page 19


 886 0387 280B0000 		.4byte	.LASF102
 887 038b 01       		.byte	0x1
 888 038c 22       		.byte	0x22
 889 038d 77000000 		.4byte	0x77
 890 0391 02       		.uleb128 0x2
 891 0392 91       		.byte	0x91
 892 0393 6F       		.sleb128 -17
 893 0394 0D       		.uleb128 0xd
 894 0395 CC040000 		.4byte	.LASF106
 895 0399 01       		.byte	0x1
 896 039a 22       		.byte	0x22
 897 039b 64020000 		.4byte	0x264
 898 039f 02       		.uleb128 0x2
 899 03a0 91       		.byte	0x91
 900 03a1 68       		.sleb128 -24
 901 03a2 00       		.byte	0
 902 03a3 0E       		.uleb128 0xe
 903 03a4 FE070000 		.4byte	.LASF110
 904 03a8 01       		.byte	0x1
 905 03a9 43       		.byte	0x43
 906 03aa 83000000 		.4byte	0x83
 907 03ae 00000000 		.4byte	.LFB37
 908 03b2 EC000000 		.4byte	.LFE37-.LFB37
 909 03b6 01       		.uleb128 0x1
 910 03b7 9C       		.byte	0x9c
 911 03b8 F5030000 		.4byte	0x3f5
 912 03bc 0D       		.uleb128 0xd
 913 03bd 280B0000 		.4byte	.LASF102
 914 03c1 01       		.byte	0x1
 915 03c2 43       		.byte	0x43
 916 03c3 77000000 		.4byte	0x77
 917 03c7 02       		.uleb128 0x2
 918 03c8 91       		.byte	0x91
 919 03c9 5F       		.sleb128 -33
 920 03ca 0F       		.uleb128 0xf
 921 03cb 0C070000 		.4byte	.LASF107
 922 03cf 01       		.byte	0x1
 923 03d0 44       		.byte	0x44
 924 03d1 77000000 		.4byte	0x77
 925 03d5 02       		.uleb128 0x2
 926 03d6 91       		.byte	0x91
 927 03d7 6F       		.sleb128 -17
 928 03d8 0F       		.uleb128 0xf
 929 03d9 1F0A0000 		.4byte	.LASF108
 930 03dd 01       		.byte	0x1
 931 03de 4A       		.byte	0x4a
 932 03df 83000000 		.4byte	0x83
 933 03e3 02       		.uleb128 0x2
 934 03e4 91       		.byte	0x91
 935 03e5 68       		.sleb128 -24
 936 03e6 0F       		.uleb128 0xf
 937 03e7 770B0000 		.4byte	.LASF109
 938 03eb 01       		.byte	0x1
 939 03ec 4D       		.byte	0x4d
 940 03ed 83000000 		.4byte	0x83
 941 03f1 02       		.uleb128 0x2
 942 03f2 91       		.byte	0x91
ARM GAS  C:\Users\run1009\AppData\Local\Temp\cce6BleD.s 			page 20


 943 03f3 64       		.sleb128 -28
 944 03f4 00       		.byte	0
 945 03f5 10       		.uleb128 0x10
 946 03f6 FF010000 		.4byte	.LASF120
 947 03fa 01       		.byte	0x1
 948 03fb 60       		.byte	0x60
 949 03fc 66030000 		.4byte	0x366
 950 0400 00000000 		.4byte	.LFB38
 951 0404 24000000 		.4byte	.LFE38-.LFB38
 952 0408 01       		.uleb128 0x1
 953 0409 9C       		.byte	0x9c
 954 040a 11       		.uleb128 0x11
 955 040b 4B090000 		.4byte	.LASF111
 956 040f 01       		.byte	0x1
 957 0410 70       		.byte	0x70
 958 0411 33000000 		.4byte	0x33
 959 0415 00000000 		.4byte	.LFB39
 960 0419 7E000000 		.4byte	.LFE39-.LFB39
 961 041d 01       		.uleb128 0x1
 962 041e 9C       		.byte	0x9c
 963 041f 72040000 		.4byte	0x472
 964 0423 12       		.uleb128 0x12
 965 0424 686900   		.ascii	"hi\000"
 966 0427 01       		.byte	0x1
 967 0428 70       		.byte	0x70
 968 0429 6B000000 		.4byte	0x6b
 969 042d 02       		.uleb128 0x2
 970 042e 91       		.byte	0x91
 971 042f 6F       		.sleb128 -17
 972 0430 12       		.uleb128 0x12
 973 0431 6C6F00   		.ascii	"lo\000"
 974 0434 01       		.byte	0x1
 975 0435 70       		.byte	0x70
 976 0436 6B000000 		.4byte	0x6b
 977 043a 02       		.uleb128 0x2
 978 043b 91       		.byte	0x91
 979 043c 6E       		.sleb128 -18
 980 043d 0F       		.uleb128 0xf
 981 043e 6C080000 		.4byte	.LASF112
 982 0442 01       		.byte	0x1
 983 0443 71       		.byte	0x71
 984 0444 33000000 		.4byte	0x33
 985 0448 02       		.uleb128 0x2
 986 0449 91       		.byte	0x91
 987 044a 76       		.sleb128 -10
 988 044b 13       		.uleb128 0x13
 989 044c 76616C00 		.ascii	"val\000"
 990 0450 01       		.byte	0x1
 991 0451 72       		.byte	0x72
 992 0452 33000000 		.4byte	0x33
 993 0456 02       		.uleb128 0x2
 994 0457 91       		.byte	0x91
 995 0458 74       		.sleb128 -12
 996 0459 14       		.uleb128 0x14
 997 045a 32000000 		.4byte	.LBB2
 998 045e 2E000000 		.4byte	.LBE2-.LBB2
 999 0462 0F       		.uleb128 0xf
ARM GAS  C:\Users\run1009\AppData\Local\Temp\cce6BleD.s 			page 21


 1000 0463 3A000000 		.4byte	.LASF113
 1001 0467 01       		.byte	0x1
 1002 0468 74       		.byte	0x74
 1003 0469 33000000 		.4byte	0x33
 1004 046d 02       		.uleb128 0x2
 1005 046e 91       		.byte	0x91
 1006 046f 72       		.sleb128 -14
 1007 0470 00       		.byte	0
 1008 0471 00       		.byte	0
 1009 0472 11       		.uleb128 0x11
 1010 0473 B7090000 		.4byte	.LASF114
 1011 0477 01       		.byte	0x1
 1012 0478 8A       		.byte	0x8a
 1013 0479 3A000000 		.4byte	0x3a
 1014 047d 00000000 		.4byte	.LFB40
 1015 0481 38000000 		.4byte	.LFE40-.LFB40
 1016 0485 01       		.uleb128 0x1
 1017 0486 9C       		.byte	0x9c
 1018 0487 B4040000 		.4byte	0x4b4
 1019 048b 12       		.uleb128 0x12
 1020 048c 686900   		.ascii	"hi\000"
 1021 048f 01       		.byte	0x1
 1022 0490 8A       		.byte	0x8a
 1023 0491 6B000000 		.4byte	0x6b
 1024 0495 02       		.uleb128 0x2
 1025 0496 91       		.byte	0x91
 1026 0497 6F       		.sleb128 -17
 1027 0498 12       		.uleb128 0x12
 1028 0499 6C6F00   		.ascii	"lo\000"
 1029 049c 01       		.byte	0x1
 1030 049d 8A       		.byte	0x8a
 1031 049e 6B000000 		.4byte	0x6b
 1032 04a2 02       		.uleb128 0x2
 1033 04a3 91       		.byte	0x91
 1034 04a4 6E       		.sleb128 -18
 1035 04a5 0F       		.uleb128 0xf
 1036 04a6 9E040000 		.4byte	.LASF115
 1037 04aa 01       		.byte	0x1
 1038 04ab 8B       		.byte	0x8b
 1039 04ac 3A000000 		.4byte	0x3a
 1040 04b0 02       		.uleb128 0x2
 1041 04b1 91       		.byte	0x91
 1042 04b2 76       		.sleb128 -10
 1043 04b3 00       		.byte	0
 1044 04b4 15       		.uleb128 0x15
 1045 04b5 3F050000 		.4byte	.LASF121
 1046 04b9 01       		.byte	0x1
 1047 04ba 10       		.byte	0x10
 1048 04bb 66030000 		.4byte	0x366
 1049 04bf 05       		.uleb128 0x5
 1050 04c0 03       		.byte	0x3
 1051 04c1 00000000 		.4byte	sensor
 1052 04c5 00       		.byte	0
 1053              		.section	.debug_abbrev,"",%progbits
 1054              	.Ldebug_abbrev0:
 1055 0000 01       		.uleb128 0x1
 1056 0001 11       		.uleb128 0x11
ARM GAS  C:\Users\run1009\AppData\Local\Temp\cce6BleD.s 			page 22


 1057 0002 01       		.byte	0x1
 1058 0003 25       		.uleb128 0x25
 1059 0004 0E       		.uleb128 0xe
 1060 0005 13       		.uleb128 0x13
 1061 0006 0B       		.uleb128 0xb
 1062 0007 03       		.uleb128 0x3
 1063 0008 0E       		.uleb128 0xe
 1064 0009 1B       		.uleb128 0x1b
 1065 000a 0E       		.uleb128 0xe
 1066 000b 55       		.uleb128 0x55
 1067 000c 17       		.uleb128 0x17
 1068 000d 11       		.uleb128 0x11
 1069 000e 01       		.uleb128 0x1
 1070 000f 10       		.uleb128 0x10
 1071 0010 17       		.uleb128 0x17
 1072 0011 00       		.byte	0
 1073 0012 00       		.byte	0
 1074 0013 02       		.uleb128 0x2
 1075 0014 24       		.uleb128 0x24
 1076 0015 00       		.byte	0
 1077 0016 0B       		.uleb128 0xb
 1078 0017 0B       		.uleb128 0xb
 1079 0018 3E       		.uleb128 0x3e
 1080 0019 0B       		.uleb128 0xb
 1081 001a 03       		.uleb128 0x3
 1082 001b 0E       		.uleb128 0xe
 1083 001c 00       		.byte	0
 1084 001d 00       		.byte	0
 1085 001e 03       		.uleb128 0x3
 1086 001f 24       		.uleb128 0x24
 1087 0020 00       		.byte	0
 1088 0021 0B       		.uleb128 0xb
 1089 0022 0B       		.uleb128 0xb
 1090 0023 3E       		.uleb128 0x3e
 1091 0024 0B       		.uleb128 0xb
 1092 0025 03       		.uleb128 0x3
 1093 0026 08       		.uleb128 0x8
 1094 0027 00       		.byte	0
 1095 0028 00       		.byte	0
 1096 0029 04       		.uleb128 0x4
 1097 002a 16       		.uleb128 0x16
 1098 002b 00       		.byte	0
 1099 002c 03       		.uleb128 0x3
 1100 002d 0E       		.uleb128 0xe
 1101 002e 3A       		.uleb128 0x3a
 1102 002f 0B       		.uleb128 0xb
 1103 0030 3B       		.uleb128 0x3b
 1104 0031 05       		.uleb128 0x5
 1105 0032 49       		.uleb128 0x49
 1106 0033 13       		.uleb128 0x13
 1107 0034 00       		.byte	0
 1108 0035 00       		.byte	0
 1109 0036 05       		.uleb128 0x5
 1110 0037 04       		.uleb128 0x4
 1111 0038 01       		.byte	0x1
 1112 0039 0B       		.uleb128 0xb
 1113 003a 0B       		.uleb128 0xb
ARM GAS  C:\Users\run1009\AppData\Local\Temp\cce6BleD.s 			page 23


 1114 003b 49       		.uleb128 0x49
 1115 003c 13       		.uleb128 0x13
 1116 003d 3A       		.uleb128 0x3a
 1117 003e 0B       		.uleb128 0xb
 1118 003f 3B       		.uleb128 0x3b
 1119 0040 05       		.uleb128 0x5
 1120 0041 01       		.uleb128 0x1
 1121 0042 13       		.uleb128 0x13
 1122 0043 00       		.byte	0
 1123 0044 00       		.byte	0
 1124 0045 06       		.uleb128 0x6
 1125 0046 28       		.uleb128 0x28
 1126 0047 00       		.byte	0
 1127 0048 03       		.uleb128 0x3
 1128 0049 0E       		.uleb128 0xe
 1129 004a 1C       		.uleb128 0x1c
 1130 004b 0B       		.uleb128 0xb
 1131 004c 00       		.byte	0
 1132 004d 00       		.byte	0
 1133 004e 07       		.uleb128 0x7
 1134 004f 0F       		.uleb128 0xf
 1135 0050 00       		.byte	0
 1136 0051 0B       		.uleb128 0xb
 1137 0052 0B       		.uleb128 0xb
 1138 0053 49       		.uleb128 0x49
 1139 0054 13       		.uleb128 0x13
 1140 0055 00       		.byte	0
 1141 0056 00       		.byte	0
 1142 0057 08       		.uleb128 0x8
 1143 0058 13       		.uleb128 0x13
 1144 0059 01       		.byte	0x1
 1145 005a 0B       		.uleb128 0xb
 1146 005b 0B       		.uleb128 0xb
 1147 005c 3A       		.uleb128 0x3a
 1148 005d 0B       		.uleb128 0xb
 1149 005e 3B       		.uleb128 0x3b
 1150 005f 0B       		.uleb128 0xb
 1151 0060 01       		.uleb128 0x1
 1152 0061 13       		.uleb128 0x13
 1153 0062 00       		.byte	0
 1154 0063 00       		.byte	0
 1155 0064 09       		.uleb128 0x9
 1156 0065 0D       		.uleb128 0xd
 1157 0066 00       		.byte	0
 1158 0067 03       		.uleb128 0x3
 1159 0068 0E       		.uleb128 0xe
 1160 0069 3A       		.uleb128 0x3a
 1161 006a 0B       		.uleb128 0xb
 1162 006b 3B       		.uleb128 0x3b
 1163 006c 0B       		.uleb128 0xb
 1164 006d 49       		.uleb128 0x49
 1165 006e 13       		.uleb128 0x13
 1166 006f 38       		.uleb128 0x38
 1167 0070 0B       		.uleb128 0xb
 1168 0071 00       		.byte	0
 1169 0072 00       		.byte	0
 1170 0073 0A       		.uleb128 0xa
ARM GAS  C:\Users\run1009\AppData\Local\Temp\cce6BleD.s 			page 24


 1171 0074 0D       		.uleb128 0xd
 1172 0075 00       		.byte	0
 1173 0076 03       		.uleb128 0x3
 1174 0077 08       		.uleb128 0x8
 1175 0078 3A       		.uleb128 0x3a
 1176 0079 0B       		.uleb128 0xb
 1177 007a 3B       		.uleb128 0x3b
 1178 007b 0B       		.uleb128 0xb
 1179 007c 49       		.uleb128 0x49
 1180 007d 13       		.uleb128 0x13
 1181 007e 38       		.uleb128 0x38
 1182 007f 0B       		.uleb128 0xb
 1183 0080 00       		.byte	0
 1184 0081 00       		.byte	0
 1185 0082 0B       		.uleb128 0xb
 1186 0083 16       		.uleb128 0x16
 1187 0084 00       		.byte	0
 1188 0085 03       		.uleb128 0x3
 1189 0086 0E       		.uleb128 0xe
 1190 0087 3A       		.uleb128 0x3a
 1191 0088 0B       		.uleb128 0xb
 1192 0089 3B       		.uleb128 0x3b
 1193 008a 0B       		.uleb128 0xb
 1194 008b 49       		.uleb128 0x49
 1195 008c 13       		.uleb128 0x13
 1196 008d 00       		.byte	0
 1197 008e 00       		.byte	0
 1198 008f 0C       		.uleb128 0xc
 1199 0090 2E       		.uleb128 0x2e
 1200 0091 01       		.byte	0x1
 1201 0092 3F       		.uleb128 0x3f
 1202 0093 19       		.uleb128 0x19
 1203 0094 03       		.uleb128 0x3
 1204 0095 0E       		.uleb128 0xe
 1205 0096 3A       		.uleb128 0x3a
 1206 0097 0B       		.uleb128 0xb
 1207 0098 3B       		.uleb128 0x3b
 1208 0099 0B       		.uleb128 0xb
 1209 009a 27       		.uleb128 0x27
 1210 009b 19       		.uleb128 0x19
 1211 009c 11       		.uleb128 0x11
 1212 009d 01       		.uleb128 0x1
 1213 009e 12       		.uleb128 0x12
 1214 009f 06       		.uleb128 0x6
 1215 00a0 40       		.uleb128 0x40
 1216 00a1 18       		.uleb128 0x18
 1217 00a2 9642     		.uleb128 0x2116
 1218 00a4 19       		.uleb128 0x19
 1219 00a5 01       		.uleb128 0x1
 1220 00a6 13       		.uleb128 0x13
 1221 00a7 00       		.byte	0
 1222 00a8 00       		.byte	0
 1223 00a9 0D       		.uleb128 0xd
 1224 00aa 05       		.uleb128 0x5
 1225 00ab 00       		.byte	0
 1226 00ac 03       		.uleb128 0x3
 1227 00ad 0E       		.uleb128 0xe
ARM GAS  C:\Users\run1009\AppData\Local\Temp\cce6BleD.s 			page 25


 1228 00ae 3A       		.uleb128 0x3a
 1229 00af 0B       		.uleb128 0xb
 1230 00b0 3B       		.uleb128 0x3b
 1231 00b1 0B       		.uleb128 0xb
 1232 00b2 49       		.uleb128 0x49
 1233 00b3 13       		.uleb128 0x13
 1234 00b4 02       		.uleb128 0x2
 1235 00b5 18       		.uleb128 0x18
 1236 00b6 00       		.byte	0
 1237 00b7 00       		.byte	0
 1238 00b8 0E       		.uleb128 0xe
 1239 00b9 2E       		.uleb128 0x2e
 1240 00ba 01       		.byte	0x1
 1241 00bb 3F       		.uleb128 0x3f
 1242 00bc 19       		.uleb128 0x19
 1243 00bd 03       		.uleb128 0x3
 1244 00be 0E       		.uleb128 0xe
 1245 00bf 3A       		.uleb128 0x3a
 1246 00c0 0B       		.uleb128 0xb
 1247 00c1 3B       		.uleb128 0x3b
 1248 00c2 0B       		.uleb128 0xb
 1249 00c3 27       		.uleb128 0x27
 1250 00c4 19       		.uleb128 0x19
 1251 00c5 49       		.uleb128 0x49
 1252 00c6 13       		.uleb128 0x13
 1253 00c7 11       		.uleb128 0x11
 1254 00c8 01       		.uleb128 0x1
 1255 00c9 12       		.uleb128 0x12
 1256 00ca 06       		.uleb128 0x6
 1257 00cb 40       		.uleb128 0x40
 1258 00cc 18       		.uleb128 0x18
 1259 00cd 9642     		.uleb128 0x2116
 1260 00cf 19       		.uleb128 0x19
 1261 00d0 01       		.uleb128 0x1
 1262 00d1 13       		.uleb128 0x13
 1263 00d2 00       		.byte	0
 1264 00d3 00       		.byte	0
 1265 00d4 0F       		.uleb128 0xf
 1266 00d5 34       		.uleb128 0x34
 1267 00d6 00       		.byte	0
 1268 00d7 03       		.uleb128 0x3
 1269 00d8 0E       		.uleb128 0xe
 1270 00d9 3A       		.uleb128 0x3a
 1271 00da 0B       		.uleb128 0xb
 1272 00db 3B       		.uleb128 0x3b
 1273 00dc 0B       		.uleb128 0xb
 1274 00dd 49       		.uleb128 0x49
 1275 00de 13       		.uleb128 0x13
 1276 00df 02       		.uleb128 0x2
 1277 00e0 18       		.uleb128 0x18
 1278 00e1 00       		.byte	0
 1279 00e2 00       		.byte	0
 1280 00e3 10       		.uleb128 0x10
 1281 00e4 2E       		.uleb128 0x2e
 1282 00e5 00       		.byte	0
 1283 00e6 3F       		.uleb128 0x3f
 1284 00e7 19       		.uleb128 0x19
ARM GAS  C:\Users\run1009\AppData\Local\Temp\cce6BleD.s 			page 26


 1285 00e8 03       		.uleb128 0x3
 1286 00e9 0E       		.uleb128 0xe
 1287 00ea 3A       		.uleb128 0x3a
 1288 00eb 0B       		.uleb128 0xb
 1289 00ec 3B       		.uleb128 0x3b
 1290 00ed 0B       		.uleb128 0xb
 1291 00ee 27       		.uleb128 0x27
 1292 00ef 19       		.uleb128 0x19
 1293 00f0 49       		.uleb128 0x49
 1294 00f1 13       		.uleb128 0x13
 1295 00f2 11       		.uleb128 0x11
 1296 00f3 01       		.uleb128 0x1
 1297 00f4 12       		.uleb128 0x12
 1298 00f5 06       		.uleb128 0x6
 1299 00f6 40       		.uleb128 0x40
 1300 00f7 18       		.uleb128 0x18
 1301 00f8 9642     		.uleb128 0x2116
 1302 00fa 19       		.uleb128 0x19
 1303 00fb 00       		.byte	0
 1304 00fc 00       		.byte	0
 1305 00fd 11       		.uleb128 0x11
 1306 00fe 2E       		.uleb128 0x2e
 1307 00ff 01       		.byte	0x1
 1308 0100 3F       		.uleb128 0x3f
 1309 0101 19       		.uleb128 0x19
 1310 0102 03       		.uleb128 0x3
 1311 0103 0E       		.uleb128 0xe
 1312 0104 3A       		.uleb128 0x3a
 1313 0105 0B       		.uleb128 0xb
 1314 0106 3B       		.uleb128 0x3b
 1315 0107 0B       		.uleb128 0xb
 1316 0108 27       		.uleb128 0x27
 1317 0109 19       		.uleb128 0x19
 1318 010a 49       		.uleb128 0x49
 1319 010b 13       		.uleb128 0x13
 1320 010c 11       		.uleb128 0x11
 1321 010d 01       		.uleb128 0x1
 1322 010e 12       		.uleb128 0x12
 1323 010f 06       		.uleb128 0x6
 1324 0110 40       		.uleb128 0x40
 1325 0111 18       		.uleb128 0x18
 1326 0112 9742     		.uleb128 0x2117
 1327 0114 19       		.uleb128 0x19
 1328 0115 01       		.uleb128 0x1
 1329 0116 13       		.uleb128 0x13
 1330 0117 00       		.byte	0
 1331 0118 00       		.byte	0
 1332 0119 12       		.uleb128 0x12
 1333 011a 05       		.uleb128 0x5
 1334 011b 00       		.byte	0
 1335 011c 03       		.uleb128 0x3
 1336 011d 08       		.uleb128 0x8
 1337 011e 3A       		.uleb128 0x3a
 1338 011f 0B       		.uleb128 0xb
 1339 0120 3B       		.uleb128 0x3b
 1340 0121 0B       		.uleb128 0xb
 1341 0122 49       		.uleb128 0x49
ARM GAS  C:\Users\run1009\AppData\Local\Temp\cce6BleD.s 			page 27


 1342 0123 13       		.uleb128 0x13
 1343 0124 02       		.uleb128 0x2
 1344 0125 18       		.uleb128 0x18
 1345 0126 00       		.byte	0
 1346 0127 00       		.byte	0
 1347 0128 13       		.uleb128 0x13
 1348 0129 34       		.uleb128 0x34
 1349 012a 00       		.byte	0
 1350 012b 03       		.uleb128 0x3
 1351 012c 08       		.uleb128 0x8
 1352 012d 3A       		.uleb128 0x3a
 1353 012e 0B       		.uleb128 0xb
 1354 012f 3B       		.uleb128 0x3b
 1355 0130 0B       		.uleb128 0xb
 1356 0131 49       		.uleb128 0x49
 1357 0132 13       		.uleb128 0x13
 1358 0133 02       		.uleb128 0x2
 1359 0134 18       		.uleb128 0x18
 1360 0135 00       		.byte	0
 1361 0136 00       		.byte	0
 1362 0137 14       		.uleb128 0x14
 1363 0138 0B       		.uleb128 0xb
 1364 0139 01       		.byte	0x1
 1365 013a 11       		.uleb128 0x11
 1366 013b 01       		.uleb128 0x1
 1367 013c 12       		.uleb128 0x12
 1368 013d 06       		.uleb128 0x6
 1369 013e 00       		.byte	0
 1370 013f 00       		.byte	0
 1371 0140 15       		.uleb128 0x15
 1372 0141 34       		.uleb128 0x34
 1373 0142 00       		.byte	0
 1374 0143 03       		.uleb128 0x3
 1375 0144 0E       		.uleb128 0xe
 1376 0145 3A       		.uleb128 0x3a
 1377 0146 0B       		.uleb128 0xb
 1378 0147 3B       		.uleb128 0x3b
 1379 0148 0B       		.uleb128 0xb
 1380 0149 49       		.uleb128 0x49
 1381 014a 13       		.uleb128 0x13
 1382 014b 3F       		.uleb128 0x3f
 1383 014c 19       		.uleb128 0x19
 1384 014d 02       		.uleb128 0x2
 1385 014e 18       		.uleb128 0x18
 1386 014f 00       		.byte	0
 1387 0150 00       		.byte	0
 1388 0151 00       		.byte	0
 1389              		.section	.debug_aranges,"",%progbits
 1390 0000 3C000000 		.4byte	0x3c
 1391 0004 0200     		.2byte	0x2
 1392 0006 00000000 		.4byte	.Ldebug_info0
 1393 000a 04       		.byte	0x4
 1394 000b 00       		.byte	0
 1395 000c 0000     		.2byte	0
 1396 000e 0000     		.2byte	0
 1397 0010 00000000 		.4byte	.LFB36
 1398 0014 64000000 		.4byte	.LFE36-.LFB36
ARM GAS  C:\Users\run1009\AppData\Local\Temp\cce6BleD.s 			page 28


 1399 0018 00000000 		.4byte	.LFB37
 1400 001c EC000000 		.4byte	.LFE37-.LFB37
 1401 0020 00000000 		.4byte	.LFB38
 1402 0024 24000000 		.4byte	.LFE38-.LFB38
 1403 0028 00000000 		.4byte	.LFB39
 1404 002c 7E000000 		.4byte	.LFE39-.LFB39
 1405 0030 00000000 		.4byte	.LFB40
 1406 0034 38000000 		.4byte	.LFE40-.LFB40
 1407 0038 00000000 		.4byte	0
 1408 003c 00000000 		.4byte	0
 1409              		.section	.debug_ranges,"",%progbits
 1410              	.Ldebug_ranges0:
 1411 0000 00000000 		.4byte	.LFB36
 1412 0004 64000000 		.4byte	.LFE36
 1413 0008 00000000 		.4byte	.LFB37
 1414 000c EC000000 		.4byte	.LFE37
 1415 0010 00000000 		.4byte	.LFB38
 1416 0014 24000000 		.4byte	.LFE38
 1417 0018 00000000 		.4byte	.LFB39
 1418 001c 7E000000 		.4byte	.LFE39
 1419 0020 00000000 		.4byte	.LFB40
 1420 0024 38000000 		.4byte	.LFE40
 1421 0028 00000000 		.4byte	0
 1422 002c 00000000 		.4byte	0
 1423              		.section	.debug_line,"",%progbits
 1424              	.Ldebug_line0:
 1425 0000 01010000 		.section	.debug_str,"MS",%progbits,1
 1425      02008C00 
 1425      00000201 
 1425      FB0E0D00 
 1425      01010101 
 1426              	.LASF57:
 1427 0000 4359424C 		.ascii	"CYBLE_EVT_GATTC_READ_BLOB_RSP\000"
 1427      455F4556 
 1427      545F4741 
 1427      5454435F 
 1427      52454144 
 1428              	.LASF21:
 1429 001e 4359424C 		.ascii	"CYBLE_EVT_STACK_BUSY_STATUS\000"
 1429      455F4556 
 1429      545F5354 
 1429      41434B5F 
 1429      42555359 
 1430              	.LASF113:
 1431 003a 76616C5F 		.ascii	"val_inv\000"
 1431      696E7600 
 1432              	.LASF79:
 1433 0042 4359424C 		.ascii	"CYBLE_EVT_L2CAP_CBFC_DATA_READ\000"
 1433      455F4556 
 1433      545F4C32 
 1433      4341505F 
 1433      43424643 
 1434              	.LASF33:
 1435 0061 4359424C 		.ascii	"CYBLE_EVT_GAP_CONNECTION_UPDATE_COMPLETE\000"
 1435      455F4556 
 1435      545F4741 
 1435      505F434F 
ARM GAS  C:\Users\run1009\AppData\Local\Temp\cce6BleD.s 			page 29


 1435      4E4E4543 
 1436              	.LASF78:
 1437 008a 4359424C 		.ascii	"CYBLE_EVT_L2CAP_CBFC_DISCONN_CNF\000"
 1437      455F4556 
 1437      545F4C32 
 1437      4341505F 
 1437      43424643 
 1438              	.LASF38:
 1439 00ab 4359424C 		.ascii	"CYBLE_EVT_GAP_OOB_GENERATED_NOTIFICATION\000"
 1439      455F4556 
 1439      545F4741 
 1439      505F4F4F 
 1439      425F4745 
 1440              	.LASF63:
 1441 00d4 4359424C 		.ascii	"CYBLE_EVT_GATTS_EXEC_WRITE_REQ\000"
 1441      455F4556 
 1441      545F4741 
 1441      5454535F 
 1441      45584543 
 1442              	.LASF97:
 1443 00f3 6C696768 		.ascii	"light\000"
 1443      7400
 1444              	.LASF18:
 1445 00f9 4359424C 		.ascii	"CYBLE_EVT_TIMEOUT\000"
 1445      455F4556 
 1445      545F5449 
 1445      4D454F55 
 1445      5400
 1446              	.LASF4:
 1447 010b 6C6F6E67 		.ascii	"long int\000"
 1447      20696E74 
 1447      00
 1448              	.LASF7:
 1449 0114 6C6F6E67 		.ascii	"long long unsigned int\000"
 1449      206C6F6E 
 1449      6720756E 
 1449      7369676E 
 1449      65642069 
 1450              	.LASF20:
 1451 012b 4359424C 		.ascii	"CYBLE_EVT_HCI_STATUS\000"
 1451      455F4556 
 1451      545F4843 
 1451      495F5354 
 1451      41545553 
 1452              	.LASF83:
 1453 0140 4359424C 		.ascii	"CYBLE_EVT_PENDING_FLASH_WRITE\000"
 1453      455F4556 
 1453      545F5045 
 1453      4E44494E 
 1453      475F464C 
 1454              	.LASF72:
 1455 015e 4359424C 		.ascii	"CYBLE_EVT_L2CAP_CONN_PARAM_UPDATE_REQ\000"
 1455      455F4556 
 1455      545F4C32 
 1455      4341505F 
 1455      434F4E4E 
 1456              	.LASF32:
ARM GAS  C:\Users\run1009\AppData\Local\Temp\cce6BleD.s 			page 30


 1457 0184 4359424C 		.ascii	"CYBLE_EVT_GAP_ENCRYPT_CHANGE\000"
 1457      455F4556 
 1457      545F4741 
 1457      505F454E 
 1457      43525950 
 1458              	.LASF36:
 1459 01a1 4359424C 		.ascii	"CYBLE_EVT_GAP_NUMERIC_COMPARISON_REQUEST\000"
 1459      455F4556 
 1459      545F4741 
 1459      505F4E55 
 1459      4D455249 
 1460              	.LASF93:
 1461 01ca 626C6541 		.ascii	"bleAddr\000"
 1461      64647200 
 1462              	.LASF6:
 1463 01d2 6C6F6E67 		.ascii	"long long int\000"
 1463      206C6F6E 
 1463      6720696E 
 1463      7400
 1464              	.LASF0:
 1465 01e0 7369676E 		.ascii	"signed char\000"
 1465      65642063 
 1465      68617200 
 1466              	.LASF17:
 1467 01ec 4359424C 		.ascii	"CYBLE_EVT_STACK_ON\000"
 1467      455F4556 
 1467      545F5354 
 1467      41434B5F 
 1467      4F4E00
 1468              	.LASF120:
 1469 01ff 47657453 		.ascii	"GetSensorData\000"
 1469      656E736F 
 1469      72446174 
 1469      6100
 1470              	.LASF34:
 1471 020d 4359424C 		.ascii	"CYBLE_EVT_GAPC_SCAN_START_STOP\000"
 1471      455F4556 
 1471      545F4741 
 1471      50435F53 
 1471      43414E5F 
 1472              	.LASF24:
 1473 022c 4359424C 		.ascii	"CYBLE_EVT_GAP_AUTH_REQ\000"
 1473      455F4556 
 1473      545F4741 
 1473      505F4155 
 1473      54485F52 
 1474              	.LASF56:
 1475 0243 4359424C 		.ascii	"CYBLE_EVT_GATTC_READ_RSP\000"
 1475      455F4556 
 1475      545F4741 
 1475      5454435F 
 1475      52454144 
 1476              	.LASF61:
 1477 025c 4359424C 		.ascii	"CYBLE_EVT_GATTS_WRITE_CMD_REQ\000"
 1477      455F4556 
 1477      545F4741 
 1477      5454535F 
ARM GAS  C:\Users\run1009\AppData\Local\Temp\cce6BleD.s 			page 31


 1477      57524954 
 1478              	.LASF118:
 1479 027a 433A5C55 		.ascii	"C:\\Users\\run1009\\Documents\\Mesh_Flood_DIR_Senso"
 1479      73657273 
 1479      5C72756E 
 1479      31303039 
 1479      5C446F63 
 1480 02a9 725C4D65 		.ascii	"r\\Mesh_Flood_DIR_Sensor.cydsn\000"
 1480      73685F46 
 1480      6C6F6F64 
 1480      5F444952 
 1480      5F53656E 
 1481              	.LASF29:
 1482 02c7 4359424C 		.ascii	"CYBLE_EVT_GAPP_ADVERTISEMENT_START_STOP\000"
 1482      455F4556 
 1482      545F4741 
 1482      50505F41 
 1482      44564552 
 1483              	.LASF50:
 1484 02ef 4359424C 		.ascii	"CYBLE_EVT_GATTS_XCNHG_MTU_REQ\000"
 1484      455F4556 
 1484      545F4741 
 1484      5454535F 
 1484      58434E48 
 1485              	.LASF9:
 1486 030d 75696E74 		.ascii	"uint8\000"
 1486      3800
 1487              	.LASF105:
 1488 0313 454E565F 		.ascii	"ENV_SENSOR_T\000"
 1488      53454E53 
 1488      4F525F54 
 1488      00
 1489              	.LASF64:
 1490 0320 4359424C 		.ascii	"CYBLE_EVT_GATTC_EXEC_WRITE_RSP\000"
 1490      455F4556 
 1490      545F4741 
 1490      5454435F 
 1490      45584543 
 1491              	.LASF12:
 1492 033f 646F7562 		.ascii	"double\000"
 1492      6C6500
 1493              	.LASF91:
 1494 0346 4359424C 		.ascii	"CYBLE_SRVI_CUSTOMS_END\000"
 1494      455F5352 
 1494      56495F43 
 1494      5553544F 
 1494      4D535F45 
 1495              	.LASF87:
 1496 035d 4359424C 		.ascii	"CYBLE_EVT_MAX\000"
 1496      455F4556 
 1496      545F4D41 
 1496      5800
 1497              	.LASF82:
 1498 036b 4359424C 		.ascii	"CYBLE_EVT_L2CAP_CBFC_DATA_WRITE_IND\000"
 1498      455F4556 
 1498      545F4C32 
 1498      4341505F 
ARM GAS  C:\Users\run1009\AppData\Local\Temp\cce6BleD.s 			page 32


 1498      43424643 
 1499              	.LASF100:
 1500 038f 68656174 		.ascii	"heat\000"
 1500      00
 1501              	.LASF44:
 1502 0394 4359424C 		.ascii	"CYBLE_EVT_GAP_SCAN_REQ_RECVD\000"
 1502      455F4556 
 1502      545F4741 
 1502      505F5343 
 1502      414E5F52 
 1503              	.LASF95:
 1504 03b1 74656D70 		.ascii	"temp\000"
 1504      00
 1505              	.LASF69:
 1506 03b6 4359424C 		.ascii	"CYBLE_EVT_GATTC_STOP_CMD_COMPLETE\000"
 1506      455F4556 
 1506      545F4741 
 1506      5454435F 
 1506      53544F50 
 1507              	.LASF8:
 1508 03d8 756E7369 		.ascii	"unsigned int\000"
 1508      676E6564 
 1508      20696E74 
 1508      00
 1509              	.LASF84:
 1510 03e5 4359424C 		.ascii	"CYBLE_EVT_LE_PING_AUTH_TIMEOUT\000"
 1510      455F4556 
 1510      545F4C45 
 1510      5F50494E 
 1510      475F4155 
 1511              	.LASF5:
 1512 0404 6C6F6E67 		.ascii	"long unsigned int\000"
 1512      20756E73 
 1512      69676E65 
 1512      6420696E 
 1512      7400
 1513              	.LASF43:
 1514 0416 4359424C 		.ascii	"CYBLE_EVT_GAP_CONN_ESTB\000"
 1514      455F4556 
 1514      545F4741 
 1514      505F434F 
 1514      4E4E5F45 
 1515              	.LASF117:
 1516 042e 656E7673 		.ascii	"envsensor_process.c\000"
 1516      656E736F 
 1516      725F7072 
 1516      6F636573 
 1516      732E6300 
 1517              	.LASF59:
 1518 0442 4359424C 		.ascii	"CYBLE_EVT_GATTS_WRITE_REQ\000"
 1518      455F4556 
 1518      545F4741 
 1518      5454535F 
 1518      57524954 
 1519              	.LASF51:
 1520 045c 4359424C 		.ascii	"CYBLE_EVT_GATTC_XCHNG_MTU_RSP\000"
 1520      455F4556 
ARM GAS  C:\Users\run1009\AppData\Local\Temp\cce6BleD.s 			page 33


 1520      545F4741 
 1520      5454435F 
 1520      5843484E 
 1521              	.LASF68:
 1522 047a 4359424C 		.ascii	"CYBLE_EVT_GATTS_DATA_SIGNED_CMD_REQ\000"
 1522      455F4556 
 1522      545F4741 
 1522      5454535F 
 1522      44415441 
 1523              	.LASF115:
 1524 049e 7573686F 		.ascii	"ushort_val\000"
 1524      72745F76 
 1524      616C00
 1525              	.LASF71:
 1526 04a9 4359424C 		.ascii	"CYBLE_EVT_GATTC_LONG_PROCEDURE_END\000"
 1526      455F4556 
 1526      545F4741 
 1526      5454435F 
 1526      4C4F4E47 
 1527              	.LASF106:
 1528 04cc 64617461 		.ascii	"data\000"
 1528      00
 1529              	.LASF101:
 1530 04d1 62617474 		.ascii	"battery\000"
 1530      65727900 
 1531              	.LASF3:
 1532 04d9 73686F72 		.ascii	"short unsigned int\000"
 1532      7420756E 
 1532      7369676E 
 1532      65642069 
 1532      6E7400
 1533              	.LASF16:
 1534 04ec 4359424C 		.ascii	"CYBLE_EVT_HOST_INVALID\000"
 1534      455F4556 
 1534      545F484F 
 1534      53545F49 
 1534      4E56414C 
 1535              	.LASF54:
 1536 0503 4359424C 		.ascii	"CYBLE_EVT_GATTC_FIND_INFO_RSP\000"
 1536      455F4556 
 1536      545F4741 
 1536      5454435F 
 1536      46494E44 
 1537              	.LASF22:
 1538 0521 4359424C 		.ascii	"CYBLE_EVT_MEMORY_REQUEST\000"
 1538      455F4556 
 1538      545F4D45 
 1538      4D4F5259 
 1538      5F524551 
 1539              	.LASF10:
 1540 053a 696E7438 		.ascii	"int8\000"
 1540      00
 1541              	.LASF121:
 1542 053f 73656E73 		.ascii	"sensor\000"
 1542      6F7200
 1543              	.LASF25:
 1544 0546 4359424C 		.ascii	"CYBLE_EVT_GAP_PASSKEY_ENTRY_REQUEST\000"
ARM GAS  C:\Users\run1009\AppData\Local\Temp\cce6BleD.s 			page 34


 1544      455F4556 
 1544      545F4741 
 1544      505F5041 
 1544      53534B45 
 1545              	.LASF30:
 1546 056a 4359424C 		.ascii	"CYBLE_EVT_GAP_DEVICE_CONNECTED\000"
 1546      455F4556 
 1546      545F4741 
 1546      505F4445 
 1546      56494345 
 1547              	.LASF96:
 1548 0589 68756D69 		.ascii	"humi\000"
 1548      00
 1549              	.LASF45:
 1550 058e 4359424C 		.ascii	"CYBLE_EVT_GAP_AUTH_REQ_REPLY_ERR\000"
 1550      455F4556 
 1550      545F4741 
 1550      505F4155 
 1550      54485F52 
 1551              	.LASF116:
 1552 05af 474E5520 		.ascii	"GNU C11 5.4.1 20160609 (release) [ARM/embedded-5-br"
 1552      43313120 
 1552      352E342E 
 1552      31203230 
 1552      31363036 
 1553 05e2 616E6368 		.ascii	"anch revision 237715] -mcpu=cortex-m0 -mthumb -g -O"
 1553      20726576 
 1553      6973696F 
 1553      6E203233 
 1553      37373135 
 1554 0615 30202D66 		.ascii	"0 -ffunction-sections -ffat-lto-objects\000"
 1554      66756E63 
 1554      74696F6E 
 1554      2D736563 
 1554      74696F6E 
 1555              	.LASF48:
 1556 063d 4359424C 		.ascii	"CYBLE_EVT_GATT_CONNECT_IND\000"
 1556      455F4556 
 1556      545F4741 
 1556      54545F43 
 1556      4F4E4E45 
 1557              	.LASF74:
 1558 0658 4359424C 		.ascii	"CYBLE_EVT_L2CAP_COMMAND_REJ\000"
 1558      455F4556 
 1558      545F4C32 
 1558      4341505F 
 1558      434F4D4D 
 1559              	.LASF23:
 1560 0674 4359424C 		.ascii	"CYBLE_EVT_GAPC_SCAN_PROGRESS_RESULT\000"
 1560      455F4556 
 1560      545F4741 
 1560      50435F53 
 1560      43414E5F 
 1561              	.LASF46:
 1562 0698 4359424C 		.ascii	"CYBLE_EVT_GAP_SMP_LOC_P256_KEYS_GEN_AND_SET_COMPLET"
 1562      455F4556 
 1562      545F4741 
ARM GAS  C:\Users\run1009\AppData\Local\Temp\cce6BleD.s 			page 35


 1562      505F534D 
 1562      505F4C4F 
 1563 06cb 4500     		.ascii	"E\000"
 1564              	.LASF75:
 1565 06cd 4359424C 		.ascii	"CYBLE_EVT_L2CAP_CBFC_CONN_IND\000"
 1565      455F4556 
 1565      545F4C32 
 1565      4341505F 
 1565      43424643 
 1566              	.LASF53:
 1567 06eb 4359424C 		.ascii	"CYBLE_EVT_GATTC_READ_BY_TYPE_RSP\000"
 1567      455F4556 
 1567      545F4741 
 1567      5454435F 
 1567      52454144 
 1568              	.LASF107:
 1569 070c 52535349 		.ascii	"RSSI\000"
 1569      00
 1570              	.LASF28:
 1571 0711 4359424C 		.ascii	"CYBLE_EVT_GAP_AUTH_FAILED\000"
 1571      455F4556 
 1571      545F4741 
 1571      505F4155 
 1571      54485F46 
 1572              	.LASF60:
 1573 072b 4359424C 		.ascii	"CYBLE_EVT_GATTC_WRITE_RSP\000"
 1573      455F4556 
 1573      545F4741 
 1573      5454435F 
 1573      57524954 
 1574              	.LASF41:
 1575 0745 4359424C 		.ascii	"CYBLE_EVT_GAPC_DIRECT_ADV_REPORT\000"
 1575      455F4556 
 1575      545F4741 
 1575      50435F44 
 1575      49524543 
 1576              	.LASF39:
 1577 0766 4359424C 		.ascii	"CYBLE_EVT_GAP_DATA_LENGTH_CHANGE\000"
 1577      455F4556 
 1577      545F4741 
 1577      505F4441 
 1577      54415F4C 
 1578              	.LASF27:
 1579 0787 4359424C 		.ascii	"CYBLE_EVT_GAP_AUTH_COMPLETE\000"
 1579      455F4556 
 1579      545F4741 
 1579      505F4155 
 1579      54485F43 
 1580              	.LASF65:
 1581 07a3 4359424C 		.ascii	"CYBLE_EVT_GATTC_HANDLE_VALUE_NTF\000"
 1581      455F4556 
 1581      545F4741 
 1581      5454435F 
 1581      48414E44 
 1582              	.LASF90:
 1583 07c4 4359424C 		.ascii	"CYBLE_SRVI_CUSTOMS\000"
 1583      455F5352 
ARM GAS  C:\Users\run1009\AppData\Local\Temp\cce6BleD.s 			page 36


 1583      56495F43 
 1583      5553544F 
 1583      4D5300
 1584              	.LASF98:
 1585 07d7 70726573 		.ascii	"pressure\000"
 1585      73757265 
 1585      00
 1586              	.LASF76:
 1587 07e0 4359424C 		.ascii	"CYBLE_EVT_L2CAP_CBFC_CONN_CNF\000"
 1587      455F4556 
 1587      545F4C32 
 1587      4341505F 
 1587      43424643 
 1588              	.LASF110:
 1589 07fe 52657475 		.ascii	"ReturnAccuracy\000"
 1589      726E4163 
 1589      63757261 
 1589      637900
 1590              	.LASF52:
 1591 080d 4359424C 		.ascii	"CYBLE_EVT_GATTC_READ_BY_GROUP_TYPE_RSP\000"
 1591      455F4556 
 1591      545F4741 
 1591      5454435F 
 1591      52454144 
 1592              	.LASF11:
 1593 0834 666C6F61 		.ascii	"float\000"
 1593      7400
 1594              	.LASF1:
 1595 083a 756E7369 		.ascii	"unsigned char\000"
 1595      676E6564 
 1595      20636861 
 1595      7200
 1596              	.LASF37:
 1597 0848 4359424C 		.ascii	"CYBLE_EVT_GAP_KEYPRESS_NOTIFICATION\000"
 1597      455F4556 
 1597      545F4741 
 1597      505F4B45 
 1597      59505245 
 1598              	.LASF112:
 1599 086c 73686F72 		.ascii	"short_val\000"
 1599      745F7661 
 1599      6C00
 1600              	.LASF2:
 1601 0876 73686F72 		.ascii	"short int\000"
 1601      7420696E 
 1601      7400
 1602              	.LASF66:
 1603 0880 4359424C 		.ascii	"CYBLE_EVT_GATTC_HANDLE_VALUE_IND\000"
 1603      455F4556 
 1603      545F4741 
 1603      5454435F 
 1603      48414E44 
 1604              	.LASF85:
 1605 08a1 4359424C 		.ascii	"CYBLE_EVT_HCI_PKT\000"
 1605      455F4556 
 1605      545F4843 
 1605      495F504B 
ARM GAS  C:\Users\run1009\AppData\Local\Temp\cce6BleD.s 			page 37


 1605      5400
 1606              	.LASF62:
 1607 08b3 4359424C 		.ascii	"CYBLE_EVT_GATTS_PREP_WRITE_REQ\000"
 1607      455F4556 
 1607      545F4741 
 1607      5454535F 
 1607      50524550 
 1608              	.LASF92:
 1609 08d2 4359424C 		.ascii	"CYBLE_SRVI_COUNT\000"
 1609      455F5352 
 1609      56495F43 
 1609      4F554E54 
 1609      00
 1610              	.LASF99:
 1611 08e3 6E6F6973 		.ascii	"noise\000"
 1611      6500
 1612              	.LASF67:
 1613 08e9 4359424C 		.ascii	"CYBLE_EVT_GATTS_HANDLE_VALUE_CNF\000"
 1613      455F4556 
 1613      545F4741 
 1613      5454535F 
 1613      48414E44 
 1614              	.LASF47:
 1615 090a 4359424C 		.ascii	"CYBLE_EVT_GATTC_ERROR_RSP\000"
 1615      455F4556 
 1615      545F4741 
 1615      5454435F 
 1615      4552524F 
 1616              	.LASF42:
 1617 0924 4359424C 		.ascii	"CYBLE_EVT_GAP_SMP_NEGOTIATED_AUTH_INFO\000"
 1617      455F4556 
 1617      545F4741 
 1617      505F534D 
 1617      505F4E45 
 1618              	.LASF111:
 1619 094b 42797465 		.ascii	"Byte2Short\000"
 1619      3253686F 
 1619      727400
 1620              	.LASF88:
 1621 0956 4359424C 		.ascii	"CYBLE_SRVI_GAP\000"
 1621      455F5352 
 1621      56495F47 
 1621      415000
 1622              	.LASF14:
 1623 0965 6C6F6E67 		.ascii	"long double\000"
 1623      20646F75 
 1623      626C6500 
 1624              	.LASF13:
 1625 0971 63686172 		.ascii	"char\000"
 1625      00
 1626              	.LASF58:
 1627 0976 4359424C 		.ascii	"CYBLE_EVT_GATTC_READ_MULTI_RSP\000"
 1627      455F4556 
 1627      545F4741 
 1627      5454435F 
 1627      52454144 
 1628              	.LASF31:
ARM GAS  C:\Users\run1009\AppData\Local\Temp\cce6BleD.s 			page 38


 1629 0995 4359424C 		.ascii	"CYBLE_EVT_GAP_DEVICE_DISCONNECTED\000"
 1629      455F4556 
 1629      545F4741 
 1629      505F4445 
 1629      56494345 
 1630              	.LASF114:
 1631 09b7 42797465 		.ascii	"Byte2UShort\000"
 1631      32555368 
 1631      6F727400 
 1632              	.LASF89:
 1633 09c3 4359424C 		.ascii	"CYBLE_SRVI_GATT\000"
 1633      455F5352 
 1633      56495F47 
 1633      41545400 
 1634              	.LASF70:
 1635 09d3 4359424C 		.ascii	"CYBLE_EVT_GATTS_READ_CHAR_VAL_ACCESS_REQ\000"
 1635      455F4556 
 1635      545F4741 
 1635      5454535F 
 1635      52454144 
 1636              	.LASF80:
 1637 09fc 4359424C 		.ascii	"CYBLE_EVT_L2CAP_CBFC_RX_CREDIT_IND\000"
 1637      455F4556 
 1637      545F4C32 
 1637      4341505F 
 1637      43424643 
 1638              	.LASF108:
 1639 0a1f 72617469 		.ascii	"ratio\000"
 1639      6F00
 1640              	.LASF81:
 1641 0a25 4359424C 		.ascii	"CYBLE_EVT_L2CAP_CBFC_TX_CREDIT_IND\000"
 1641      455F4556 
 1641      545F4C32 
 1641      4341505F 
 1641      43424643 
 1642              	.LASF103:
 1643 0a48 64697374 		.ascii	"distance\000"
 1643      616E6365 
 1643      00
 1644              	.LASF119:
 1645 0a51 456E7653 		.ascii	"EnvSensorProcess\000"
 1645      656E736F 
 1645      7250726F 
 1645      63657373 
 1645      00
 1646              	.LASF26:
 1647 0a62 4359424C 		.ascii	"CYBLE_EVT_GAP_PASSKEY_DISPLAY_REQUEST\000"
 1647      455F4556 
 1647      545F4741 
 1647      505F5041 
 1647      53534B45 
 1648              	.LASF19:
 1649 0a88 4359424C 		.ascii	"CYBLE_EVT_HARDWARE_ERROR\000"
 1649      455F4556 
 1649      545F4841 
 1649      52445741 
 1649      52455F45 
ARM GAS  C:\Users\run1009\AppData\Local\Temp\cce6BleD.s 			page 39


 1650              	.LASF104:
 1651 0aa1 666C6167 		.ascii	"flagActive\000"
 1651      41637469 
 1651      766500
 1652              	.LASF94:
 1653 0aac 7365714E 		.ascii	"seqNum\000"
 1653      756D00
 1654              	.LASF15:
 1655 0ab3 73697A65 		.ascii	"sizetype\000"
 1655      74797065 
 1655      00
 1656              	.LASF55:
 1657 0abc 4359424C 		.ascii	"CYBLE_EVT_GATTC_FIND_BY_TYPE_VALUE_RSP\000"
 1657      455F4556 
 1657      545F4741 
 1657      5454435F 
 1657      46494E44 
 1658              	.LASF35:
 1659 0ae3 4359424C 		.ascii	"CYBLE_EVT_GAP_KEYINFO_EXCHNGE_CMPLT\000"
 1659      455F4556 
 1659      545F4741 
 1659      505F4B45 
 1659      59494E46 
 1660              	.LASF77:
 1661 0b07 4359424C 		.ascii	"CYBLE_EVT_L2CAP_CBFC_DISCONN_IND\000"
 1661      455F4556 
 1661      545F4C32 
 1661      4341505F 
 1661      43424643 
 1662              	.LASF102:
 1663 0b28 72737369 		.ascii	"rssi\000"
 1663      00
 1664              	.LASF73:
 1665 0b2d 4359424C 		.ascii	"CYBLE_EVT_L2CAP_CONN_PARAM_UPDATE_RSP\000"
 1665      455F4556 
 1665      545F4C32 
 1665      4341505F 
 1665      434F4E4E 
 1666              	.LASF40:
 1667 0b53 4359424C 		.ascii	"CYBLE_EVT_GAP_ENHANCE_CONN_COMPLETE\000"
 1667      455F4556 
 1667      545F4741 
 1667      505F454E 
 1667      48414E43 
 1668              	.LASF109:
 1669 0b77 61636375 		.ascii	"accuracy\000"
 1669      72616379 
 1669      00
 1670              	.LASF49:
 1671 0b80 4359424C 		.ascii	"CYBLE_EVT_GATT_DISCONNECT_IND\000"
 1671      455F4556 
 1671      545F4741 
 1671      54545F44 
 1671      4953434F 
 1672              	.LASF86:
 1673 0b9e 4359424C 		.ascii	"CYBLE_EVT_FLASH_CORRUPT\000"
 1673      455F4556 
ARM GAS  C:\Users\run1009\AppData\Local\Temp\cce6BleD.s 			page 40


 1673      545F464C 
 1673      4153485F 
 1673      434F5252 
 1674              		.ident	"GCC: (GNU Tools for ARM Embedded Processors) 5.4.1 20160609 (release) [ARM/embedded-5-bran
