ARM GAS  C:\Users\run1009\AppData\Local\Temp\cciqnwef.s 			page 1


   1              		.syntax unified
   2              		.cpu cortex-m0
   3              		.fpu softvfp
   4              		.eabi_attribute 20, 1
   5              		.eabi_attribute 21, 1
   6              		.eabi_attribute 23, 3
   7              		.eabi_attribute 24, 1
   8              		.eabi_attribute 25, 1
   9              		.eabi_attribute 26, 1
  10              		.eabi_attribute 30, 6
  11              		.eabi_attribute 34, 0
  12              		.eabi_attribute 18, 4
  13              		.thumb
  14              		.syntax unified
  15              		.file	"main.c"
  16              		.text
  17              	.Ltext0:
  18              		.cfi_sections	.debug_frame
  19              		.global	sensorReceiveStartedTime
  20              		.bss
  21              		.align	1
  22              		.type	sensorReceiveStartedTime, %object
  23              		.size	sensorReceiveStartedTime, 2
  24              	sensorReceiveStartedTime:
  25 0000 0000     		.space	2
  26              		.global	receiveFirstData
  27              		.data
  28              		.type	receiveFirstData, %object
  29              		.size	receiveFirstData, 1
  30              	receiveFirstData:
  31 0000 01       		.byte	1
  32              		.global	stackRestartIssued
  33              		.bss
  34              		.type	stackRestartIssued, %object
  35              		.size	stackRestartIssued, 1
  36              	stackRestartIssued:
  37 0002 00       		.space	1
  38              		.section	.rodata
  39              		.align	2
  40              	.LC5:
  41 0000 20202020 		.ascii	"     \\//\\//\\//\\// Restart BLE Stack \\//\\//\\/"
  41      205C2F2F 
  41      5C2F2F5C 
  41      2F2F5C2F 
  41      2F205265 
  42 002c 2F5C2F2F 		.ascii	"/\\// \000"
  42      2000
  43              		.section	.text.main,"ax",%progbits
  44              		.align	2
  45              		.global	main
  46              		.code	16
  47              		.thumb_func
  48              		.type	main, %function
  49              	main:
  50              	.LFB36:
  51              		.file 1 "main.c"
   1:main.c        **** /******************************************************************************
ARM GAS  C:\Users\run1009\AppData\Local\Temp\cciqnwef.s 			page 2


   2:main.c        **** * Project Name		: Mesh_Flood_DIR_Sensor
   3:main.c        **** * File Name			: main.c
   4:main.c        **** * Version 			: 1.0
   5:main.c        **** * Device Used		: CY8C4247LQI-BL483
   6:main.c        **** * Software Used		: PSoC Creator 3.3
   7:main.c        **** * Compiler    		: ARM GCC 4.8.4, ARM MDK Generic
   8:main.c        **** * Related Hardware	: CY8CKIT-042-BLE Bluetooth Low Energy Pioneer Kit 
   9:main.c        **** * Owner             : roit@cypress.com
  10:main.c        **** *
  11:main.c        **** ********************************************************************************
  12:main.c        **** * Copyright (2014-15), Cypress Semiconductor Corporation. All Rights Reserved.
  13:main.c        **** ********************************************************************************
  14:main.c        **** * This software is owned by Cypress Semiconductor Corporation (Cypress)
  15:main.c        **** * and is protected by and subject to worldwide patent protection (United
  16:main.c        **** * States and foreign), United States copyright laws and international treaty
  17:main.c        **** * provisions. Cypress hereby grants to licensee a personal, non-exclusive,
  18:main.c        **** * non-transferable license to copy, use, modify, create derivative works of,
  19:main.c        **** * and compile the Cypress Source Code and derivative works for the sole
  20:main.c        **** * purpose of creating custom software in support of licensee product to be
  21:main.c        **** * used only in conjunction with a Cypress integrated circuit as specified in
  22:main.c        **** * the applicable agreement. Any reproduction, modification, translation,
  23:main.c        **** * compilation, or representation of this software except as specified above 
  24:main.c        **** * is prohibited without the express written permission of Cypress.
  25:main.c        **** *
  26:main.c        **** * Disclaimer: CYPRESS MAKES NO WARRANTY OF ANY KIND, EXPRESS OR IMPLIED, WITH 
  27:main.c        **** * REGARD TO THIS MATERIAL, INCLUDING, BUT NOT LIMITED TO, THE IMPLIED 
  28:main.c        **** * WARRANTIES OF MERCHANTABILITY AND FITNESS FOR A PARTICULAR PURPOSE.
  29:main.c        **** * Cypress reserves the right to make changes without further notice to the 
  30:main.c        **** * materials described herein. Cypress does not assume any liability arising out 
  31:main.c        **** * of the application or use of any product or circuit described herein. Cypress 
  32:main.c        **** * does not authorize its products for use as critical components in life-support 
  33:main.c        **** * systems where a malfunction or failure may reasonably be expected to result in 
  34:main.c        **** * significant injury to the user. The inclusion of Cypress' product in a life-
  35:main.c        **** * support systems application implies that the manufacturer assumes all risk of 
  36:main.c        **** * such use and in doing so indemnifies Cypress against all charges. 
  37:main.c        **** *
  38:main.c        **** * Use of this Software may be limited by and subject to the applicable Cypress
  39:main.c        **** * software license agreement. 
  40:main.c        **** *******************************************************************************/
  41:main.c        **** #include <main.h>
  42:main.c        **** 
  43:main.c        **** extern uint8 switch_Role;
  44:main.c        **** extern uint8 ble_gap_state;
  45:main.c        **** extern uint8 deviceConnected;
  46:main.c        **** 
  47:main.c        **** extern uint8 restartScanning;
  48:main.c        **** 
  49:main.c        **** extern uint8 dataADVCounter;
  50:main.c        **** extern uint8 dataADVCounterFromAnotherNode;
  51:main.c        **** 
  52:main.c        **** #ifdef ENABLE_ADV_DATA_COUNTER
  53:main.c        **** extern CYBLE_GAPP_DISC_DATA_T  new_advData;
  54:main.c        **** extern uint8 potential_node_found;
  55:main.c        **** extern uint8 potential_node_bdAddr[6];
  56:main.c        **** extern uint8 potential_node_bdAddrType;
  57:main.c        **** #endif
  58:main.c        **** 
ARM GAS  C:\Users\run1009\AppData\Local\Temp\cciqnwef.s 			page 3


  59:main.c        **** extern volatile uint8 clientConnectToDevice;
  60:main.c        **** extern CYBLE_GAP_BD_ADDR_T				peripAddr;
  61:main.c        **** extern uint16 node_address;
  62:main.c        **** volatile uint16 sensorReceiveStartedTime = 0;
  63:main.c        **** extern uint8 getSensorTime;
  64:main.c        **** uint8 receiveFirstData = TRUE;
  65:main.c        **** #ifdef RESTART_BLE_STACK
  66:main.c        **** uint8 stackRestartIssued = FALSE;
  67:main.c        **** #endif
  68:main.c        **** /*******************************************************************************
  69:main.c        **** * Function Name: main
  70:main.c        **** ********************************************************************************
  71:main.c        **** * Summary:
  72:main.c        **** *       Entry point for the firmware, Starts the system and continuously processes
  73:main.c        **** * Application and BLE events.
  74:main.c        **** *
  75:main.c        **** * Parameters:
  76:main.c        **** *  void
  77:main.c        **** *
  78:main.c        **** * Return:
  79:main.c        **** *  int
  80:main.c        **** *
  81:main.c        **** *******************************************************************************/
  82:main.c        **** int main()
  83:main.c        **** {
  52              		.loc 1 83 0
  53              		.cfi_startproc
  54              		@ args = 0, pretend = 0, frame = 8
  55              		@ frame_needed = 1, uses_anonymous_args = 0
  56 0000 80B5     		push	{r7, lr}
  57              		.cfi_def_cfa_offset 8
  58              		.cfi_offset 7, -8
  59              		.cfi_offset 14, -4
  60 0002 82B0     		sub	sp, sp, #8
  61              		.cfi_def_cfa_offset 16
  62 0004 00AF     		add	r7, sp, #0
  63              		.cfi_def_cfa_register 7
  84:main.c        **** 	#ifdef RESTART_BLE_STACK
  85:main.c        **** 		uint16	hwRegConnected;	
  86:main.c        **** 	#endif
  87:main.c        **** 	
  88:main.c        **** 	/* Initialize system */	
  89:main.c        **** InitializeSystem();
  64              		.loc 1 89 0
  65 0006 FFF7FEFF 		bl	InitializeSystem
  66              	.L5:
  90:main.c        **** 
  91:main.c        ****     for(;;)
  92:main.c        ****     {       
  93:main.c        **** 		/* Process BLE Events. This function generates the respective 
  94:main.c        **** 		* events to application layer */
  95:main.c        **** 		CyBle_ProcessEvents();
  67              		.loc 1 95 0
  68 000a FFF7FEFF 		bl	CyBle_ProcessEvents
  96:main.c        **** 		
  97:main.c        **** 		/* If flag is set, then switch the GAP role between Peripheral and 
  98:main.c        **** 		* Central. This function disconnects existing connection, if any, 
ARM GAS  C:\Users\run1009\AppData\Local\Temp\cciqnwef.s 			page 4


  99:main.c        **** 		* before switching role. Depending on switched role, the system will
 100:main.c        **** 		* either start scanning or start advertisement */
 101:main.c        **** 		SwitchRole();
  69              		.loc 1 101 0
  70 000e FFF7FEFF 		bl	SwitchRole
 102:main.c        ****         
 103:main.c        **** 		/* If a valid node is found, then this function will initiate a connection 
 104:main.c        **** 		* to that node. */
 105:main.c        **** 		ConnectToPeripheralDevice();
  71              		.loc 1 105 0
  72 0012 FFF7FEFF 		bl	ConnectToPeripheralDevice
 106:main.c        **** 		
 107:main.c        **** 		/* This function will restart scanning when earlier connection has been
 108:main.c        **** 		* disconnected. This function also checks internal counter and sets flag to
 109:main.c        **** 		* switch role from Central to Peripheral when the count is above set value. */
 110:main.c        **** 		RestartCentralScanning();
  73              		.loc 1 110 0
  74 0016 FFF7FEFF 		bl	RestartCentralScanning
 111:main.c        **** 		
 112:main.c        **** 		#ifdef SENSOR_DATA_ROUTING
 113:main.c        **** 		/* Application API to collect the new sensor data and send it over to all nodes
 114:main.c        **** 		* using mesh network. CUrrently, the sensor data is the new RGB data selected on 
 115:main.c        **** 		* each button press. The content in the API can be changed to collect and data 
 116:main.c        **** 		* and forward it to the mesh network. */
 117:main.c        ****          if(receiveFirstData || WatchDog_CurrentCount()-sensorReceiveStartedTime > SENSOR_RECEIVE_T
  75              		.loc 1 117 0
  76 001a 1F4B     		ldr	r3, .L6
  77 001c 1B78     		ldrb	r3, [r3]
  78 001e 002B     		cmp	r3, #0
  79 0020 0BD1     		bne	.L2
  80              		.loc 1 117 0 is_stmt 0 discriminator 1
  81 0022 1E4B     		ldr	r3, .L6+4
  82 0024 1B88     		ldrh	r3, [r3]
  83 0026 9BB2     		uxth	r3, r3
  84 0028 1A00     		movs	r2, r3
  85 002a 1D4B     		ldr	r3, .L6+8
  86 002c 1B88     		ldrh	r3, [r3]
  87 002e 9BB2     		uxth	r3, r3
  88 0030 D21A     		subs	r2, r2, r3
  89 0032 9623     		movs	r3, #150
  90 0034 9B00     		lsls	r3, r3, #2
  91 0036 9A42     		cmp	r2, r3
  92 0038 05DD     		ble	.L3
  93              	.L2:
 118:main.c        ****           getSensorTime = TRUE;
  94              		.loc 1 118 0 is_stmt 1
  95 003a 1A4B     		ldr	r3, .L6+12
  96 003c 0122     		movs	r2, #1
  97 003e 1A70     		strb	r2, [r3]
 119:main.c        **** 		  receiveFirstData = FALSE;                    
  98              		.loc 1 119 0
  99 0040 154B     		ldr	r3, .L6
 100 0042 0022     		movs	r2, #0
 101 0044 1A70     		strb	r2, [r3]
 102              	.L3:
 120:main.c        ****          }
 121:main.c        **** 		 CheckSensorStatus();            
ARM GAS  C:\Users\run1009\AppData\Local\Temp\cciqnwef.s 			page 5


 103              		.loc 1 121 0
 104 0046 FFF7FEFF 		bl	CheckSensorStatus
 122:main.c        ****         
 123:main.c        **** 		#endif
 124:main.c        **** 		
 125:main.c        **** 		#ifdef RESTART_BLE_STACK
 126:main.c        **** 			/* Check the LL Config Status resgister for hardware connection and compare 
 127:main.c        **** 			* it with BLE state. If they mismatch, then assume the stack disconnection issue 
 128:main.c        **** 			* and restart the stack */
 129:main.c        **** 			CyBLE_Bless_LlRegRead((uint32*)CYREG_BLE_BLELL_CE_CNFG_STS_REGISTER,&hwRegConnected); 
 105              		.loc 1 129 0
 106 004a BB1D     		adds	r3, r7, #6
 107 004c 164A     		ldr	r2, .L6+16
 108 004e 1900     		movs	r1, r3
 109 0050 1000     		movs	r0, r2
 110 0052 FFF7FEFF 		bl	CyBLE_Bless_LlRegRead
 130:main.c        ****  
 131:main.c        **** 	        if((CyBle_GetState()==CYBLE_STATE_CONNECTED) && (!(0x400 & hwRegConnected))) 
 111              		.loc 1 131 0
 112 0056 154B     		ldr	r3, .L6+20
 113 0058 1B78     		ldrb	r3, [r3]
 114 005a 022B     		cmp	r3, #2
 115 005c D5D1     		bne	.L5
 116              		.loc 1 131 0 is_stmt 0 discriminator 1
 117 005e BB1D     		adds	r3, r7, #6
 118 0060 1A88     		ldrh	r2, [r3]
 119 0062 8023     		movs	r3, #128
 120 0064 DB00     		lsls	r3, r3, #3
 121 0066 1340     		ands	r3, r2
 122 0068 9BB2     		uxth	r3, r3
 123 006a 002B     		cmp	r3, #0
 124 006c CDD1     		bne	.L5
 132:main.c        **** 	        { 
 133:main.c        **** 	            /* Restart BLE STACK */ 
 134:main.c        **** 				#if (DEBUG_ENABLED == 1)
 135:main.c        **** 					UART_UartPutString("     \\//\\//\\//\\// Restart BLE Stack \\//\\//\\//\\// ");
 125              		.loc 1 135 0 is_stmt 1
 126 006e 104B     		ldr	r3, .L6+24
 127 0070 1800     		movs	r0, r3
 128 0072 FFF7FEFF 		bl	UART_UartPutString
 136:main.c        **** 					UART_UartPutCRLF(' ');
 129              		.loc 1 136 0
 130 0076 2020     		movs	r0, #32
 131 0078 FFF7FEFF 		bl	UART_UartPutCRLF
 137:main.c        **** 				#endif
 138:main.c        **** 
 139:main.c        **** 	            CyBle_Stop();
 132              		.loc 1 139 0
 133 007c FFF7FEFF 		bl	CyBle_Stop
 140:main.c        **** 	            CyBle_Start(GenericEventHandler);
 134              		.loc 1 140 0
 135 0080 0C4B     		ldr	r3, .L6+28
 136 0082 1800     		movs	r0, r3
 137 0084 FFF7FEFF 		bl	CyBle_Start
 141:main.c        **** 			
 142:main.c        **** 				stackRestartIssued = TRUE;
 138              		.loc 1 142 0
ARM GAS  C:\Users\run1009\AppData\Local\Temp\cciqnwef.s 			page 6


 139 0088 0B4B     		ldr	r3, .L6+32
 140 008a 0122     		movs	r2, #1
 141 008c 1A70     		strb	r2, [r3]
 143:main.c        **** 				
 144:main.c        **** 				/* Reset the BLE gap state flag */
 145:main.c        **** 				ble_gap_state = BLE_PERIPHERAL;
 142              		.loc 1 145 0
 143 008e 0B4B     		ldr	r3, .L6+36
 144 0090 0122     		movs	r2, #1
 145 0092 1A70     		strb	r2, [r3]
 146:main.c        **** 	        }
 147:main.c        **** 		#endif
 148:main.c        **** 		
 149:main.c        **** 		#ifdef ENABLE_LOW_POWER_MODE
 150:main.c        **** 		/* This function puts the system to Sleep/Deep Sleep, depending on BLESS 
 151:main.c        **** 		* state */
 152:main.c        **** 		HandleLowPowerMode();
 153:main.c        **** 		#endif
 154:main.c        **** 
 155:main.c        ****     }
 146              		.loc 1 155 0
 147 0094 B9E7     		b	.L5
 148              	.L7:
 149 0096 C046     		.align	2
 150              	.L6:
 151 0098 00000000 		.word	receiveFirstData
 152 009c 00000000 		.word	current_watchdog_counter
 153 00a0 00000000 		.word	sensorReceiveStartedTime
 154 00a4 00000000 		.word	getSensorTime
 155 00a8 1C112E40 		.word	1076760860
 156 00ac 00000000 		.word	cyBle_state
 157 00b0 00000000 		.word	.LC5
 158 00b4 00000000 		.word	GenericEventHandler
 159 00b8 00000000 		.word	stackRestartIssued
 160 00bc 00000000 		.word	ble_gap_state
 161              		.cfi_endproc
 162              	.LFE36:
 163              		.size	main, .-main
 164              		.section	.rodata
 165 0032 0000     		.align	2
 166              	.LC17:
 167 0034 2D2D2D2D 		.ascii	"-----------------------------Mesh Directed Flood---"
 167      2D2D2D2D 
 167      2D2D2D2D 
 167      2D2D2D2D 
 167      2D2D2D2D 
 168 0067 2D2D2D2D 		.ascii	"--------------------------------\000"
 168      2D2D2D2D 
 168      2D2D2D2D 
 168      2D2D2D2D 
 168      2D2D2D2D 
 169              		.section	.text.InitializeSystem,"ax",%progbits
 170              		.align	2
 171              		.global	InitializeSystem
 172              		.code	16
 173              		.thumb_func
 174              		.type	InitializeSystem, %function
ARM GAS  C:\Users\run1009\AppData\Local\Temp\cciqnwef.s 			page 7


 175              	InitializeSystem:
 176              	.LFB37:
 156:main.c        **** }
 157:main.c        **** 
 158:main.c        **** /*******************************************************************************
 159:main.c        **** * Function Name: InitializeSystem
 160:main.c        **** ********************************************************************************
 161:main.c        **** * Summary:
 162:main.c        **** *       Starts the components in the project and registers BLE event handler 
 163:main.c        **** * function. It also modifies the advertisement packet and appends data counter
 164:main.c        **** * at its end.
 165:main.c        **** *
 166:main.c        **** * Parameters:
 167:main.c        **** *  void
 168:main.c        **** *
 169:main.c        **** * Return:
 170:main.c        **** *  void
 171:main.c        **** *
 172:main.c        **** *******************************************************************************/
 173:main.c        **** void InitializeSystem(void)
 174:main.c        **** {
 177              		.loc 1 174 0
 178              		.cfi_startproc
 179              		@ args = 0, pretend = 0, frame = 24
 180              		@ frame_needed = 1, uses_anonymous_args = 0
 181 0000 80B5     		push	{r7, lr}
 182              		.cfi_def_cfa_offset 8
 183              		.cfi_offset 7, -8
 184              		.cfi_offset 14, -4
 185 0002 86B0     		sub	sp, sp, #24
 186              		.cfi_def_cfa_offset 32
 187 0004 00AF     		add	r7, sp, #0
 188              		.cfi_def_cfa_register 7
 175:main.c        **** 	#ifdef STORE_SFLASH_NODE_ADDRESS
 176:main.c        **** 		uint8 *sflashPtr;
 177:main.c        **** 		uint8 readData[2];
 178:main.c        **** 		CYBLE_GATT_HANDLE_VALUE_PAIR_T	handleValPair;	
 179:main.c        **** 	#endif
 180:main.c        **** 
 181:main.c        **** 	/* Enable global interrupts. */
 182:main.c        **** 	CyGlobalIntEnable; 
 189              		.loc 1 182 0
 190              		.syntax divided
 191              	@ 182 "main.c" 1
 192 0006 62B6     		CPSIE   i
 193              	@ 0 "" 2
 183:main.c        **** 	
 184:main.c        **** 	/* Start BLE component and Register the generic Event callback function */
 185:main.c        **** 	CyBle_Start(GenericEventHandler);
 194              		.loc 1 185 0
 195              		.thumb
 196              		.syntax unified
 197 0008 4C4B     		ldr	r3, .L13
 198 000a 1800     		movs	r0, r3
 199 000c FFF7FEFF 		bl	CyBle_Start
 186:main.c        **** 	
 187:main.c        **** 	/* Configure the Watchdog (WDT) timer for 100 millisecond timing */
ARM GAS  C:\Users\run1009\AppData\Local\Temp\cciqnwef.s 			page 8


 188:main.c        **** 	InitializeWatchdog(WATCHDOG_COUNT_VAL);
 200              		.loc 1 188 0
 201 0010 4B4B     		ldr	r3, .L13+4
 202 0012 1800     		movs	r0, r3
 203 0014 FFF7FEFF 		bl	InitializeWatchdog
 189:main.c        **** 	
 190:main.c        **** 	#ifdef ENABLE_ADV_DATA_COUNTER
 191:main.c        **** 	new_advData = *cyBle_discoveryModeInfo.advData;
 204              		.loc 1 191 0
 205 0018 4A4B     		ldr	r3, .L13+8
 206 001a 9B68     		ldr	r3, [r3, #8]
 207 001c 4A4A     		ldr	r2, .L13+12
 208 001e 1000     		movs	r0, r2
 209 0020 1900     		movs	r1, r3
 210 0022 2023     		movs	r3, #32
 211 0024 1A00     		movs	r2, r3
 212 0026 FFF7FEFF 		bl	memcpy
 192:main.c        **** 	
 193:main.c        **** 	if( cyBle_discoveryModeInfo.advData->advDataLen < 29)
 213              		.loc 1 193 0
 214 002a 464B     		ldr	r3, .L13+8
 215 002c 9B68     		ldr	r3, [r3, #8]
 216 002e DB7F     		ldrb	r3, [r3, #31]
 217 0030 1C2B     		cmp	r3, #28
 218 0032 1DD8     		bhi	.L9
 194:main.c        **** 	{
 195:main.c        **** 		/* Initialize the DataCounter data in advertisement packet. This is custom data in 
 196:main.c        **** 		* ADV packet and used to track whether the RGB LED data is latest or not */
 197:main.c        **** 		new_advData.advData[cyBle_discoveryModeInfo.advData->advDataLen] = CUSTOM_ADV_DATA_MARKER;	//leng
 219              		.loc 1 197 0
 220 0034 434B     		ldr	r3, .L13+8
 221 0036 9B68     		ldr	r3, [r3, #8]
 222 0038 DB7F     		ldrb	r3, [r3, #31]
 223 003a 1A00     		movs	r2, r3
 224 003c 424B     		ldr	r3, .L13+12
 225 003e 0221     		movs	r1, #2
 226 0040 9954     		strb	r1, [r3, r2]
 198:main.c        ****         
 199:main.c        ****         #ifdef NODE1
 200:main.c        **** 		new_advData.advData[cyBle_discoveryModeInfo.advData->advDataLen+1] = dataADVCounter;
 201:main.c        ****         new_advData.advData[cyBle_discoveryModeInfo.advData->advDataLen+2] = dataADVCounterFromAnot
 202:main.c        ****         #endif
 203:main.c        ****         
 204:main.c        ****         #ifdef NODE2
 205:main.c        **** 		new_advData.advData[cyBle_discoveryModeInfo.advData->advDataLen+1] = dataADVCounterFromAnotherNod
 227              		.loc 1 205 0
 228 0042 404B     		ldr	r3, .L13+8
 229 0044 9B68     		ldr	r3, [r3, #8]
 230 0046 DB7F     		ldrb	r3, [r3, #31]
 231 0048 0133     		adds	r3, r3, #1
 232 004a 404A     		ldr	r2, .L13+16
 233 004c 1178     		ldrb	r1, [r2]
 234 004e 3E4A     		ldr	r2, .L13+12
 235 0050 D154     		strb	r1, [r2, r3]
 206:main.c        ****         new_advData.advData[cyBle_discoveryModeInfo.advData->advDataLen+2] = dataADVCounter;
 236              		.loc 1 206 0
 237 0052 3C4B     		ldr	r3, .L13+8
ARM GAS  C:\Users\run1009\AppData\Local\Temp\cciqnwef.s 			page 9


 238 0054 9B68     		ldr	r3, [r3, #8]
 239 0056 DB7F     		ldrb	r3, [r3, #31]
 240 0058 0233     		adds	r3, r3, #2
 241 005a 3D4A     		ldr	r2, .L13+20
 242 005c 1178     		ldrb	r1, [r2]
 243 005e 3A4A     		ldr	r2, .L13+12
 244 0060 D154     		strb	r1, [r2, r3]
 207:main.c        ****         #endif
 208:main.c        **** 		new_advData.advDataLen = cyBle_discoveryModeInfo.advData->advDataLen+3;
 245              		.loc 1 208 0
 246 0062 384B     		ldr	r3, .L13+8
 247 0064 9B68     		ldr	r3, [r3, #8]
 248 0066 DB7F     		ldrb	r3, [r3, #31]
 249 0068 0333     		adds	r3, r3, #3
 250 006a DAB2     		uxtb	r2, r3
 251 006c 364B     		ldr	r3, .L13+12
 252 006e DA77     		strb	r2, [r3, #31]
 253              	.L9:
 209:main.c        **** 	}
 210:main.c        **** 	
 211:main.c        **** 	/* Assign the new ADV data to stack */
 212:main.c        **** 	cyBle_discoveryModeInfo.advData = &new_advData;
 254              		.loc 1 212 0
 255 0070 344B     		ldr	r3, .L13+8
 256 0072 354A     		ldr	r2, .L13+12
 257 0074 9A60     		str	r2, [r3, #8]
 213:main.c        **** 	#endif
 214:main.c        **** 	
 215:main.c        **** 	#ifdef STORE_SFLASH_NODE_ADDRESS
 216:main.c        **** 		/* Read the index 0 in row 1 for node address */
 217:main.c        **** 		sflashPtr = (uint8 *)USER_SFLASH_BASE_ADDRESS 
 258              		.loc 1 217 0
 259 0076 374B     		ldr	r3, .L13+24
 260 0078 7B61     		str	r3, [r7, #20]
 218:main.c        **** 							+ (NODE_ADDRESS_SFLASH_ROW * USER_SFLASH_ROW_SIZE) 
 219:main.c        **** 							+ SFLASH_NODE_ADDRESS_INDEX; 
 220:main.c        **** 		
 221:main.c        **** 		readData[NODE_ADDRESS_LSB_INDEX] = *sflashPtr++;
 261              		.loc 1 221 0
 262 007a 7B69     		ldr	r3, [r7, #20]
 263 007c 5A1C     		adds	r2, r3, #1
 264 007e 7A61     		str	r2, [r7, #20]
 265 0080 1A78     		ldrb	r2, [r3]
 266 0082 1023     		movs	r3, #16
 267 0084 FB18     		adds	r3, r7, r3
 268 0086 1A70     		strb	r2, [r3]
 222:main.c        **** 		readData[NODE_ADDRESS_MSB_INDEX] = *sflashPtr;
 269              		.loc 1 222 0
 270 0088 7B69     		ldr	r3, [r7, #20]
 271 008a 1A78     		ldrb	r2, [r3]
 272 008c 1023     		movs	r3, #16
 273 008e FB18     		adds	r3, r7, r3
 274 0090 5A70     		strb	r2, [r3, #1]
 223:main.c        **** 
 224:main.c        **** 		if(((0xFF != readData[0]) || (0xFF != readData[1]))
 275              		.loc 1 224 0
 276 0092 1023     		movs	r3, #16
ARM GAS  C:\Users\run1009\AppData\Local\Temp\cciqnwef.s 			page 10


 277 0094 FB18     		adds	r3, r7, r3
 278 0096 1B78     		ldrb	r3, [r3]
 279 0098 FF2B     		cmp	r3, #255
 280 009a 04D1     		bne	.L10
 281              		.loc 1 224 0 is_stmt 0 discriminator 1
 282 009c 1023     		movs	r3, #16
 283 009e FB18     		adds	r3, r7, r3
 284 00a0 5B78     		ldrb	r3, [r3, #1]
 285 00a2 FF2B     		cmp	r3, #255
 286 00a4 39D0     		beq	.L11
 287              	.L10:
 225:main.c        **** 			&& ((0x00 != readData[0]) || (0x00 != readData[1])))
 288              		.loc 1 225 0 is_stmt 1
 289 00a6 1023     		movs	r3, #16
 290 00a8 FB18     		adds	r3, r7, r3
 291 00aa 1B78     		ldrb	r3, [r3]
 292 00ac 002B     		cmp	r3, #0
 293 00ae 04D1     		bne	.L12
 294              		.loc 1 225 0 is_stmt 0 discriminator 1
 295 00b0 1023     		movs	r3, #16
 296 00b2 FB18     		adds	r3, r7, r3
 297 00b4 5B78     		ldrb	r3, [r3, #1]
 298 00b6 002B     		cmp	r3, #0
 299 00b8 2FD0     		beq	.L11
 300              	.L12:
 226:main.c        **** 		{
 227:main.c        **** 			/* If the read adress is not equal to 0xFFFF or 0x0000, then it is  
 228:main.c        **** 			* assumed that a valid node address has been already assigned. Rename 
 229:main.c        **** 			* the BLE device to Titan to indicate that the device can be connected
 230:main.c        **** 			* and RGB LED data transffered */
 231:main.c        **** 			node_address = (uint16)(((uint16)readData[NODE_ADDRESS_MSB_INDEX] << 8)
 301              		.loc 1 231 0 is_stmt 1
 302 00ba 1023     		movs	r3, #16
 303 00bc FB18     		adds	r3, r7, r3
 304 00be 5B78     		ldrb	r3, [r3, #1]
 305 00c0 1B02     		lsls	r3, r3, #8
 306 00c2 1AB2     		sxth	r2, r3
 232:main.c        **** 									| (uint16)readData[NODE_ADDRESS_LSB_INDEX]);
 307              		.loc 1 232 0
 308 00c4 1023     		movs	r3, #16
 309 00c6 FB18     		adds	r3, r7, r3
 310 00c8 1B78     		ldrb	r3, [r3]
 231:main.c        **** 									| (uint16)readData[NODE_ADDRESS_LSB_INDEX]);
 311              		.loc 1 231 0
 312 00ca 1BB2     		sxth	r3, r3
 313 00cc 1343     		orrs	r3, r2
 314 00ce 1BB2     		sxth	r3, r3
 315 00d0 9AB2     		uxth	r2, r3
 316 00d2 214B     		ldr	r3, .L13+28
 317 00d4 1A80     		strh	r2, [r3]
 233:main.c        **** 			
 234:main.c        **** 			new_advData.advData[ADV_DATA_NAME_START_INDEX] = 'T';
 318              		.loc 1 234 0
 319 00d6 1C4B     		ldr	r3, .L13+12
 320 00d8 5422     		movs	r2, #84
 321 00da 5A71     		strb	r2, [r3, #5]
 235:main.c        **** 			new_advData.advData[ADV_DATA_NAME_START_INDEX+1] = 'i';
ARM GAS  C:\Users\run1009\AppData\Local\Temp\cciqnwef.s 			page 11


 322              		.loc 1 235 0
 323 00dc 1A4B     		ldr	r3, .L13+12
 324 00de 6922     		movs	r2, #105
 325 00e0 9A71     		strb	r2, [r3, #6]
 236:main.c        **** 			new_advData.advData[ADV_DATA_NAME_START_INDEX+2] = 't';
 326              		.loc 1 236 0
 327 00e2 194B     		ldr	r3, .L13+12
 328 00e4 7422     		movs	r2, #116
 329 00e6 DA71     		strb	r2, [r3, #7]
 237:main.c        **** 			new_advData.advData[ADV_DATA_NAME_START_INDEX+3] = 'a';
 330              		.loc 1 237 0
 331 00e8 174B     		ldr	r3, .L13+12
 332 00ea 6122     		movs	r2, #97
 333 00ec 1A72     		strb	r2, [r3, #8]
 238:main.c        **** 			new_advData.advData[ADV_DATA_NAME_START_INDEX+4] = 'n';
 334              		.loc 1 238 0
 335 00ee 164B     		ldr	r3, .L13+12
 336 00f0 6E22     		movs	r2, #110
 337 00f2 5A72     		strb	r2, [r3, #9]
 239:main.c        **** 			
 240:main.c        **** 			cyBle_discoveryModeInfo.advData = &new_advData;
 338              		.loc 1 240 0
 339 00f4 134B     		ldr	r3, .L13+8
 340 00f6 144A     		ldr	r2, .L13+12
 341 00f8 9A60     		str	r2, [r3, #8]
 241:main.c        **** 			
 242:main.c        **** 			/* Update the GATT DB with the valid node address read from SFLASH */
 243:main.c        **** 			handleValPair.attrHandle = CYBLE_NODE_ADDRESS_CHAR_HANDLE;
 342              		.loc 1 243 0
 343 00fa 3B1D     		adds	r3, r7, #4
 344 00fc 1522     		movs	r2, #21
 345 00fe 1A81     		strh	r2, [r3, #8]
 244:main.c        **** 			handleValPair.value.len = 2;
 346              		.loc 1 244 0
 347 0100 3B1D     		adds	r3, r7, #4
 348 0102 0222     		movs	r2, #2
 349 0104 9A80     		strh	r2, [r3, #4]
 245:main.c        **** 			handleValPair.value.val = readData;
 350              		.loc 1 245 0
 351 0106 3B1D     		adds	r3, r7, #4
 352 0108 1022     		movs	r2, #16
 353 010a BA18     		adds	r2, r7, r2
 354 010c 1A60     		str	r2, [r3]
 246:main.c        **** 			
 247:main.c        **** 			CyBle_GattsWriteAttributeValue(&handleValPair,0,&cyBle_connHandle,CYBLE_GATT_DB_LOCALLY_INITIATE
 355              		.loc 1 247 0
 356 010e 134A     		ldr	r2, .L13+32
 357 0110 381D     		adds	r0, r7, #4
 358 0112 0023     		movs	r3, #0
 359 0114 0021     		movs	r1, #0
 360 0116 FFF7FEFF 		bl	CyBle_GattsWriteAttributeValue
 361              	.L11:
 248:main.c        **** 		}
 249:main.c        **** 	#endif
 250:main.c        **** 	
 251:main.c        **** 
 252:main.c        **** 	#if (DEBUG_ENABLED == 1)
ARM GAS  C:\Users\run1009\AppData\Local\Temp\cciqnwef.s 			page 12


 253:main.c        **** 		UART_Start();
 362              		.loc 1 253 0
 363 011a FFF7FEFF 		bl	UART_Start
 254:main.c        **** 		UART_UartPutCRLF(' ');
 364              		.loc 1 254 0
 365 011e 2020     		movs	r0, #32
 366 0120 FFF7FEFF 		bl	UART_UartPutCRLF
 255:main.c        **** 		UART_UartPutString("-----------------------------Mesh Directed Flood-----------------------------
 367              		.loc 1 255 0
 368 0124 0E4B     		ldr	r3, .L13+36
 369 0126 1800     		movs	r0, r3
 370 0128 FFF7FEFF 		bl	UART_UartPutString
 256:main.c        **** 		UART_UartPutCRLF(' ');
 371              		.loc 1 256 0
 372 012c 2020     		movs	r0, #32
 373 012e FFF7FEFF 		bl	UART_UartPutCRLF
 257:main.c        **** 	#endif
 258:main.c        **** }
 374              		.loc 1 258 0
 375 0132 C046     		nop
 376 0134 BD46     		mov	sp, r7
 377 0136 06B0     		add	sp, sp, #24
 378              		@ sp needed
 379 0138 80BD     		pop	{r7, pc}
 380              	.L14:
 381 013a C046     		.align	2
 382              	.L13:
 383 013c 00000000 		.word	GenericEventHandler
 384 0140 CC0C0000 		.word	3276
 385 0144 00000000 		.word	cyBle_discoveryModeInfo
 386 0148 00000000 		.word	new_advData
 387 014c 00000000 		.word	dataADVCounterFromAnotherNode
 388 0150 00000000 		.word	dataADVCounter
 389 0154 80F2FF0F 		.word	268432000
 390 0158 00000000 		.word	node_address
 391 015c 00000000 		.word	cyBle_connHandle
 392 0160 34000000 		.word	.LC17
 393              		.cfi_endproc
 394              	.LFE37:
 395              		.size	InitializeSystem, .-InitializeSystem
 396              		.text
 397              	.Letext0:
 398              		.file 2 "Generated_Source\\PSoC4/cytypes.h"
 399              		.file 3 "Generated_Source\\PSoC4/BLE_Stack.h"
 400              		.file 4 "Generated_Source\\PSoC4/BLE_StackGap.h"
 401              		.file 5 "Generated_Source\\PSoC4/BLE_StackGatt.h"
 402              		.file 6 "Generated_Source\\PSoC4/BLE_eventHandler.h"
 403              		.file 7 "Generated_Source\\PSoC4/BLE.h"
 404              		.file 8 "./main.h"
 405              		.section	.debug_info,"",%progbits
 406              	.Ldebug_info0:
 407 0000 4A060000 		.4byte	0x64a
 408 0004 0400     		.2byte	0x4
 409 0006 00000000 		.4byte	.Ldebug_abbrev0
 410 000a 04       		.byte	0x4
 411 000b 01       		.uleb128 0x1
 412 000c CA060000 		.4byte	.LASF155
ARM GAS  C:\Users\run1009\AppData\Local\Temp\cciqnwef.s 			page 13


 413 0010 0C       		.byte	0xc
 414 0011 A8060000 		.4byte	.LASF156
 415 0015 FE040000 		.4byte	.LASF157
 416 0019 00000000 		.4byte	.Ldebug_ranges0+0
 417 001d 00000000 		.4byte	0
 418 0021 00000000 		.4byte	.Ldebug_line0
 419 0025 02       		.uleb128 0x2
 420 0026 01       		.byte	0x1
 421 0027 06       		.byte	0x6
 422 0028 49020000 		.4byte	.LASF0
 423 002c 02       		.uleb128 0x2
 424 002d 01       		.byte	0x1
 425 002e 08       		.byte	0x8
 426 002f 3F0A0000 		.4byte	.LASF1
 427 0033 02       		.uleb128 0x2
 428 0034 02       		.byte	0x2
 429 0035 05       		.byte	0x5
 430 0036 BE0A0000 		.4byte	.LASF2
 431 003a 02       		.uleb128 0x2
 432 003b 02       		.byte	0x2
 433 003c 07       		.byte	0x7
 434 003d E5050000 		.4byte	.LASF3
 435 0041 02       		.uleb128 0x2
 436 0042 04       		.byte	0x4
 437 0043 05       		.byte	0x5
 438 0044 49010000 		.4byte	.LASF4
 439 0048 02       		.uleb128 0x2
 440 0049 04       		.byte	0x4
 441 004a 07       		.byte	0x7
 442 004b D4040000 		.4byte	.LASF5
 443 004f 02       		.uleb128 0x2
 444 0050 08       		.byte	0x8
 445 0051 05       		.byte	0x5
 446 0052 3B020000 		.4byte	.LASF6
 447 0056 02       		.uleb128 0x2
 448 0057 08       		.byte	0x8
 449 0058 07       		.byte	0x7
 450 0059 52010000 		.4byte	.LASF7
 451 005d 03       		.uleb128 0x3
 452 005e 04       		.byte	0x4
 453 005f 05       		.byte	0x5
 454 0060 696E7400 		.ascii	"int\000"
 455 0064 02       		.uleb128 0x2
 456 0065 04       		.byte	0x4
 457 0066 07       		.byte	0x7
 458 0067 A2040000 		.4byte	.LASF8
 459 006b 04       		.uleb128 0x4
 460 006c 68030000 		.4byte	.LASF9
 461 0070 02       		.byte	0x2
 462 0071 E401     		.2byte	0x1e4
 463 0073 2C000000 		.4byte	0x2c
 464 0077 04       		.uleb128 0x4
 465 0078 4D0A0000 		.4byte	.LASF10
 466 007c 02       		.byte	0x2
 467 007d E501     		.2byte	0x1e5
 468 007f 3A000000 		.4byte	0x3a
 469 0083 04       		.uleb128 0x4
ARM GAS  C:\Users\run1009\AppData\Local\Temp\cciqnwef.s 			page 14


 470 0084 CC030000 		.4byte	.LASF11
 471 0088 02       		.byte	0x2
 472 0089 E601     		.2byte	0x1e6
 473 008b 48000000 		.4byte	0x48
 474 008f 02       		.uleb128 0x2
 475 0090 04       		.byte	0x4
 476 0091 04       		.byte	0x4
 477 0092 E5090000 		.4byte	.LASF12
 478 0096 02       		.uleb128 0x2
 479 0097 08       		.byte	0x8
 480 0098 04       		.byte	0x4
 481 0099 99030000 		.4byte	.LASF13
 482 009d 02       		.uleb128 0x2
 483 009e 01       		.byte	0x1
 484 009f 08       		.byte	0x8
 485 00a0 EE0B0000 		.4byte	.LASF14
 486 00a4 05       		.uleb128 0x5
 487 00a5 77000000 		.4byte	0x77
 488 00a9 02       		.uleb128 0x2
 489 00aa 08       		.byte	0x8
 490 00ab 04       		.byte	0x4
 491 00ac 75080000 		.4byte	.LASF15
 492 00b0 02       		.uleb128 0x2
 493 00b1 04       		.byte	0x4
 494 00b2 07       		.byte	0x7
 495 00b3 6C080000 		.4byte	.LASF16
 496 00b7 06       		.uleb128 0x6
 497 00b8 01       		.byte	0x1
 498 00b9 2C000000 		.4byte	0x2c
 499 00bd 03       		.byte	0x3
 500 00be 3501     		.2byte	0x135
 501 00c0 75020000 		.4byte	0x275
 502 00c4 07       		.uleb128 0x7
 503 00c5 F8050000 		.4byte	.LASF17
 504 00c9 00       		.byte	0
 505 00ca 07       		.uleb128 0x7
 506 00cb 55020000 		.4byte	.LASF18
 507 00cf 01       		.byte	0x1
 508 00d0 07       		.uleb128 0x7
 509 00d1 37010000 		.4byte	.LASF19
 510 00d5 02       		.byte	0x2
 511 00d6 07       		.uleb128 0x7
 512 00d7 FA0C0000 		.4byte	.LASF20
 513 00db 03       		.byte	0x3
 514 00dc 07       		.uleb128 0x7
 515 00dd 7C010000 		.4byte	.LASF21
 516 00e1 04       		.byte	0x4
 517 00e2 07       		.uleb128 0x7
 518 00e3 1E000000 		.4byte	.LASF22
 519 00e7 05       		.byte	0x5
 520 00e8 07       		.uleb128 0x7
 521 00e9 2D060000 		.4byte	.LASF23
 522 00ed 06       		.byte	0x6
 523 00ee 07       		.uleb128 0x7
 524 00ef 95070000 		.4byte	.LASF24
 525 00f3 20       		.byte	0x20
 526 00f4 07       		.uleb128 0x7
ARM GAS  C:\Users\run1009\AppData\Local\Temp\cciqnwef.s 			page 15


 527 00f5 9C020000 		.4byte	.LASF25
 528 00f9 21       		.byte	0x21
 529 00fa 07       		.uleb128 0x7
 530 00fb 65060000 		.4byte	.LASF26
 531 00ff 22       		.byte	0x22
 532 0100 07       		.uleb128 0x7
 533 0101 D40C0000 		.4byte	.LASF27
 534 0105 23       		.byte	0x23
 535 0106 07       		.uleb128 0x7
 536 0107 31090000 		.4byte	.LASF28
 537 010b 24       		.byte	0x24
 538 010c 07       		.uleb128 0x7
 539 010d 8D080000 		.4byte	.LASF29
 540 0111 25       		.byte	0x25
 541 0112 07       		.uleb128 0x7
 542 0113 40030000 		.4byte	.LASF30
 543 0117 26       		.byte	0x26
 544 0118 07       		.uleb128 0x7
 545 0119 89060000 		.4byte	.LASF31
 546 011d 27       		.byte	0x27
 547 011e 07       		.uleb128 0x7
 548 011f 120C0000 		.4byte	.LASF32
 549 0123 28       		.byte	0x28
 550 0124 07       		.uleb128 0x7
 551 0125 DD010000 		.4byte	.LASF33
 552 0129 29       		.byte	0x29
 553 012a 07       		.uleb128 0x7
 554 012b 98000000 		.4byte	.LASF34
 555 012f 2A       		.byte	0x2a
 556 0130 07       		.uleb128 0x7
 557 0131 68020000 		.4byte	.LASF35
 558 0135 2B       		.byte	0x2b
 559 0136 07       		.uleb128 0x7
 560 0137 400E0000 		.4byte	.LASF36
 561 013b 2C       		.byte	0x2c
 562 013c 07       		.uleb128 0x7
 563 013d FA010000 		.4byte	.LASF37
 564 0141 2D       		.byte	0x2d
 565 0142 07       		.uleb128 0x7
 566 0143 540A0000 		.4byte	.LASF38
 567 0147 2E       		.byte	0x2e
 568 0148 07       		.uleb128 0x7
 569 0149 200D0000 		.4byte	.LASF39
 570 014d 2F       		.byte	0x2f
 571 014e 07       		.uleb128 0x7
 572 014f F3080000 		.4byte	.LASF40
 573 0153 30       		.byte	0x30
 574 0154 07       		.uleb128 0x7
 575 0155 B00E0000 		.4byte	.LASF41
 576 0159 31       		.byte	0x31
 577 015a 07       		.uleb128 0x7
 578 015b D2080000 		.4byte	.LASF42
 579 015f 32       		.byte	0x32
 580 0160 07       		.uleb128 0x7
 581 0161 8E0B0000 		.4byte	.LASF43
 582 0165 33       		.byte	0x33
 583 0166 07       		.uleb128 0x7
ARM GAS  C:\Users\run1009\AppData\Local\Temp\cciqnwef.s 			page 16


 584 0167 E6040000 		.4byte	.LASF44
 585 016b 34       		.byte	0x34
 586 016c 07       		.uleb128 0x7
 587 016d 14090000 		.4byte	.LASF45
 588 0171 35       		.byte	0x35
 589 0172 07       		.uleb128 0x7
 590 0173 27040000 		.4byte	.LASF46
 591 0177 36       		.byte	0x36
 592 0178 07       		.uleb128 0x7
 593 0179 E0070000 		.4byte	.LASF47
 594 017d 37       		.byte	0x37
 595 017e 07       		.uleb128 0x7
 596 017f 740B0000 		.4byte	.LASF48
 597 0183 40       		.byte	0x40
 598 0184 07       		.uleb128 0x7
 599 0185 58070000 		.4byte	.LASF49
 600 0189 41       		.byte	0x41
 601 018a 07       		.uleb128 0x7
 602 018b F00E0000 		.4byte	.LASF50
 603 018f 42       		.byte	0x42
 604 0190 07       		.uleb128 0x7
 605 0191 490D0000 		.4byte	.LASF51
 606 0195 43       		.byte	0x43
 607 0196 07       		.uleb128 0x7
 608 0197 65050000 		.4byte	.LASF52
 609 019b 44       		.byte	0x44
 610 019c 07       		.uleb128 0x7
 611 019d BE090000 		.4byte	.LASF53
 612 01a1 45       		.byte	0x45
 613 01a2 07       		.uleb128 0x7
 614 01a3 33080000 		.4byte	.LASF54
 615 01a7 46       		.byte	0x46
 616 01a8 07       		.uleb128 0x7
 617 01a9 0F060000 		.4byte	.LASF55
 618 01ad 47       		.byte	0x47
 619 01ae 07       		.uleb128 0x7
 620 01af 190E0000 		.4byte	.LASF56
 621 01b3 48       		.byte	0x48
 622 01b4 07       		.uleb128 0x7
 623 01b5 B3020000 		.4byte	.LASF57
 624 01b9 49       		.byte	0x49
 625 01ba 07       		.uleb128 0x7
 626 01bb 00000000 		.4byte	.LASF58
 627 01bf 4A       		.byte	0x4a
 628 01c0 07       		.uleb128 0x7
 629 01c1 F30B0000 		.4byte	.LASF59
 630 01c5 4B       		.byte	0x4b
 631 01c6 07       		.uleb128 0x7
 632 01c7 4B050000 		.4byte	.LASF60
 633 01cb 4C       		.byte	0x4c
 634 01cc 07       		.uleb128 0x7
 635 01cd B8080000 		.4byte	.LASF61
 636 01d1 4D       		.byte	0x4d
 637 01d2 07       		.uleb128 0x7
 638 01d3 E5020000 		.4byte	.LASF62
 639 01d7 4E       		.byte	0x4e
 640 01d8 07       		.uleb128 0x7
ARM GAS  C:\Users\run1009\AppData\Local\Temp\cciqnwef.s 			page 17


 641 01d9 060B0000 		.4byte	.LASF63
 642 01dd 4F       		.byte	0x4f
 643 01de 07       		.uleb128 0x7
 644 01df 46060000 		.4byte	.LASF64
 645 01e3 50       		.byte	0x50
 646 01e4 07       		.uleb128 0x7
 647 01e5 7A030000 		.4byte	.LASF65
 648 01e9 51       		.byte	0x51
 649 01ea 07       		.uleb128 0x7
 650 01eb 4D090000 		.4byte	.LASF66
 651 01ef 52       		.byte	0x52
 652 01f0 07       		.uleb128 0x7
 653 01f1 C80A0000 		.4byte	.LASF67
 654 01f5 53       		.byte	0x53
 655 01f6 07       		.uleb128 0x7
 656 01f7 F5090000 		.4byte	.LASF68
 657 01fb 54       		.byte	0x54
 658 01fc 07       		.uleb128 0x7
 659 01fd 83050000 		.4byte	.LASF69
 660 0201 55       		.byte	0x55
 661 0202 07       		.uleb128 0x7
 662 0203 80040000 		.4byte	.LASF70
 663 0207 56       		.byte	0x56
 664 0208 07       		.uleb128 0x7
 665 0209 440C0000 		.4byte	.LASF71
 666 020d 57       		.byte	0x57
 667 020e 07       		.uleb128 0x7
 668 020f A7050000 		.4byte	.LASF72
 669 0213 58       		.byte	0x58
 670 0214 07       		.uleb128 0x7
 671 0215 B7010000 		.4byte	.LASF73
 672 0219 70       		.byte	0x70
 673 021a 07       		.uleb128 0x7
 674 021b 850E0000 		.4byte	.LASF74
 675 021f 71       		.byte	0x71
 676 0220 07       		.uleb128 0x7
 677 0221 79070000 		.4byte	.LASF75
 678 0225 72       		.byte	0x72
 679 0226 07       		.uleb128 0x7
 680 0227 15080000 		.4byte	.LASF76
 681 022b 73       		.byte	0x73
 682 022c 07       		.uleb128 0x7
 683 022d A0090000 		.4byte	.LASF77
 684 0231 74       		.byte	0x74
 685 0232 07       		.uleb128 0x7
 686 0233 640E0000 		.4byte	.LASF78
 687 0237 75       		.byte	0x75
 688 0238 07       		.uleb128 0x7
 689 0239 CF000000 		.4byte	.LASF79
 690 023d 76       		.byte	0x76
 691 023e 07       		.uleb128 0x7
 692 023f 4E000000 		.4byte	.LASF80
 693 0243 77       		.byte	0x77
 694 0244 07       		.uleb128 0x7
 695 0245 6D0C0000 		.4byte	.LASF81
 696 0249 78       		.byte	0x78
 697 024a 07       		.uleb128 0x7
ARM GAS  C:\Users\run1009\AppData\Local\Temp\cciqnwef.s 			page 18


 698 024b B10C0000 		.4byte	.LASF82
 699 024f 79       		.byte	0x79
 700 0250 07       		.uleb128 0x7
 701 0251 03040000 		.4byte	.LASF83
 702 0255 7A       		.byte	0x7a
 703 0256 07       		.uleb128 0x7
 704 0257 99010000 		.4byte	.LASF84
 705 025b FA       		.byte	0xfa
 706 025c 07       		.uleb128 0x7
 707 025d AF040000 		.4byte	.LASF85
 708 0261 FB       		.byte	0xfb
 709 0262 07       		.uleb128 0x7
 710 0263 F40A0000 		.4byte	.LASF86
 711 0267 FC       		.byte	0xfc
 712 0268 07       		.uleb128 0x7
 713 0269 0E0F0000 		.4byte	.LASF87
 714 026d FD       		.byte	0xfd
 715 026e 07       		.uleb128 0x7
 716 026f D3030000 		.4byte	.LASF88
 717 0273 FF       		.byte	0xff
 718 0274 00       		.byte	0
 719 0275 08       		.uleb128 0x8
 720 0276 6B000000 		.4byte	0x6b
 721 027a 85020000 		.4byte	0x285
 722 027e 09       		.uleb128 0x9
 723 027f B0000000 		.4byte	0xb0
 724 0283 05       		.byte	0x5
 725 0284 00       		.byte	0
 726 0285 0A       		.uleb128 0xa
 727 0286 04       		.byte	0x4
 728 0287 6B000000 		.4byte	0x6b
 729 028b 0B       		.uleb128 0xb
 730 028c 01       		.byte	0x1
 731 028d 2C000000 		.4byte	0x2c
 732 0291 04       		.byte	0x4
 733 0292 E0       		.byte	0xe0
 734 0293 B6020000 		.4byte	0x2b6
 735 0297 07       		.uleb128 0x7
 736 0298 8C0D0000 		.4byte	.LASF89
 737 029c 00       		.byte	0
 738 029d 07       		.uleb128 0x7
 739 029e F0000000 		.4byte	.LASF90
 740 02a2 01       		.byte	0x1
 741 02a3 07       		.uleb128 0x7
 742 02a4 48040000 		.4byte	.LASF91
 743 02a8 02       		.byte	0x2
 744 02a9 07       		.uleb128 0x7
 745 02aa C00D0000 		.4byte	.LASF92
 746 02ae 03       		.byte	0x3
 747 02af 07       		.uleb128 0x7
 748 02b0 300B0000 		.4byte	.LASF93
 749 02b4 04       		.byte	0x4
 750 02b5 00       		.byte	0
 751 02b6 0C       		.uleb128 0xc
 752 02b7 630B0000 		.4byte	.LASF94
 753 02bb 04       		.byte	0x4
 754 02bc F0       		.byte	0xf0
ARM GAS  C:\Users\run1009\AppData\Local\Temp\cciqnwef.s 			page 19


 755 02bd 8B020000 		.4byte	0x28b
 756 02c1 0D       		.uleb128 0xd
 757 02c2 10       		.byte	0x10
 758 02c3 04       		.byte	0x4
 759 02c4 2102     		.2byte	0x221
 760 02c6 33030000 		.4byte	0x333
 761 02ca 0E       		.uleb128 0xe
 762 02cb 250B0000 		.4byte	.LASF95
 763 02cf 04       		.byte	0x4
 764 02d0 2702     		.2byte	0x227
 765 02d2 77000000 		.4byte	0x77
 766 02d6 00       		.byte	0
 767 02d7 0E       		.uleb128 0xe
 768 02d8 E90A0000 		.4byte	.LASF96
 769 02dc 04       		.byte	0x4
 770 02dd 2D02     		.2byte	0x22d
 771 02df 77000000 		.4byte	0x77
 772 02e3 02       		.byte	0x2
 773 02e4 0E       		.uleb128 0xe
 774 02e5 91010000 		.4byte	.LASF97
 775 02e9 04       		.byte	0x4
 776 02ea 3602     		.2byte	0x236
 777 02ec B6020000 		.4byte	0x2b6
 778 02f0 04       		.byte	0x4
 779 02f1 0E       		.uleb128 0xe
 780 02f2 81080000 		.4byte	.LASF98
 781 02f6 04       		.byte	0x4
 782 02f7 3E02     		.2byte	0x23e
 783 02f9 6B000000 		.4byte	0x6b
 784 02fd 05       		.byte	0x5
 785 02fe 0E       		.uleb128 0xe
 786 02ff 300A0000 		.4byte	.LASF99
 787 0303 04       		.byte	0x4
 788 0304 4502     		.2byte	0x245
 789 0306 6B000000 		.4byte	0x6b
 790 030a 06       		.byte	0x6
 791 030b 0E       		.uleb128 0xe
 792 030c 87020000 		.4byte	.LASF100
 793 0310 04       		.byte	0x4
 794 0311 4B02     		.2byte	0x24b
 795 0313 75020000 		.4byte	0x275
 796 0317 07       		.byte	0x7
 797 0318 0E       		.uleb128 0xe
 798 0319 C1000000 		.4byte	.LASF101
 799 031d 04       		.byte	0x4
 800 031e 5302     		.2byte	0x253
 801 0320 6B000000 		.4byte	0x6b
 802 0324 0D       		.byte	0xd
 803 0325 0E       		.uleb128 0xe
 804 0326 D5020000 		.4byte	.LASF102
 805 032a 04       		.byte	0x4
 806 032b 5F02     		.2byte	0x25f
 807 032d 6B000000 		.4byte	0x6b
 808 0331 0E       		.byte	0xe
 809 0332 00       		.byte	0
 810 0333 04       		.uleb128 0x4
 811 0334 900C0000 		.4byte	.LASF103
ARM GAS  C:\Users\run1009\AppData\Local\Temp\cciqnwef.s 			page 20


 812 0338 04       		.byte	0x4
 813 0339 6102     		.2byte	0x261
 814 033b C1020000 		.4byte	0x2c1
 815 033f 0D       		.uleb128 0xd
 816 0340 20       		.byte	0x20
 817 0341 04       		.byte	0x4
 818 0342 6402     		.2byte	0x264
 819 0344 63030000 		.4byte	0x363
 820 0348 0E       		.uleb128 0xe
 821 0349 5B0B0000 		.4byte	.LASF104
 822 034d 04       		.byte	0x4
 823 034e 6702     		.2byte	0x267
 824 0350 63030000 		.4byte	0x363
 825 0354 00       		.byte	0
 826 0355 0E       		.uleb128 0xe
 827 0356 250A0000 		.4byte	.LASF105
 828 035a 04       		.byte	0x4
 829 035b 6A02     		.2byte	0x26a
 830 035d 6B000000 		.4byte	0x6b
 831 0361 1F       		.byte	0x1f
 832 0362 00       		.byte	0
 833 0363 08       		.uleb128 0x8
 834 0364 6B000000 		.4byte	0x6b
 835 0368 73030000 		.4byte	0x373
 836 036c 09       		.uleb128 0x9
 837 036d B0000000 		.4byte	0xb0
 838 0371 1E       		.byte	0x1e
 839 0372 00       		.byte	0
 840 0373 04       		.uleb128 0x4
 841 0374 81000000 		.4byte	.LASF106
 842 0378 04       		.byte	0x4
 843 0379 6C02     		.2byte	0x26c
 844 037b 3F030000 		.4byte	0x33f
 845 037f 0D       		.uleb128 0xd
 846 0380 20       		.byte	0x20
 847 0381 04       		.byte	0x4
 848 0382 6F02     		.2byte	0x26f
 849 0384 A3030000 		.4byte	0x3a3
 850 0388 0E       		.uleb128 0xe
 851 0389 6E030000 		.4byte	.LASF107
 852 038d 04       		.byte	0x4
 853 038e 7302     		.2byte	0x273
 854 0390 63030000 		.4byte	0x363
 855 0394 00       		.byte	0
 856 0395 0E       		.uleb128 0xe
 857 0396 AF060000 		.4byte	.LASF108
 858 039a 04       		.byte	0x4
 859 039b 7602     		.2byte	0x276
 860 039d 6B000000 		.4byte	0x6b
 861 03a1 1F       		.byte	0x1f
 862 03a2 00       		.byte	0
 863 03a3 04       		.uleb128 0x4
 864 03a4 CA050000 		.4byte	.LASF109
 865 03a8 04       		.byte	0x4
 866 03a9 7802     		.2byte	0x278
 867 03ab 7F030000 		.4byte	0x37f
 868 03af 0D       		.uleb128 0xd
ARM GAS  C:\Users\run1009\AppData\Local\Temp\cciqnwef.s 			page 21


 869 03b0 14       		.byte	0x14
 870 03b1 04       		.byte	0x4
 871 03b2 7B02     		.2byte	0x27b
 872 03b4 FA030000 		.4byte	0x3fa
 873 03b8 0E       		.uleb128 0xe
 874 03b9 CC020000 		.4byte	.LASF110
 875 03bd 04       		.byte	0x4
 876 03be 8302     		.2byte	0x283
 877 03c0 6B000000 		.4byte	0x6b
 878 03c4 00       		.byte	0
 879 03c5 0E       		.uleb128 0xe
 880 03c6 830D0000 		.4byte	.LASF111
 881 03ca 04       		.byte	0x4
 882 03cb 8602     		.2byte	0x286
 883 03cd FA030000 		.4byte	0x3fa
 884 03d1 04       		.byte	0x4
 885 03d2 0E       		.uleb128 0xe
 886 03d3 5B0B0000 		.4byte	.LASF104
 887 03d7 04       		.byte	0x4
 888 03d8 8802     		.2byte	0x288
 889 03da 00040000 		.4byte	0x400
 890 03de 08       		.byte	0x8
 891 03df 0E       		.uleb128 0xe
 892 03e0 6E030000 		.4byte	.LASF107
 893 03e4 04       		.byte	0x4
 894 03e5 8A02     		.2byte	0x28a
 895 03e7 06040000 		.4byte	0x406
 896 03eb 0C       		.byte	0xc
 897 03ec 0E       		.uleb128 0xe
 898 03ed CE040000 		.4byte	.LASF112
 899 03f1 04       		.byte	0x4
 900 03f2 9402     		.2byte	0x294
 901 03f4 77000000 		.4byte	0x77
 902 03f8 10       		.byte	0x10
 903 03f9 00       		.byte	0
 904 03fa 0A       		.uleb128 0xa
 905 03fb 04       		.byte	0x4
 906 03fc 33030000 		.4byte	0x333
 907 0400 0A       		.uleb128 0xa
 908 0401 04       		.byte	0x4
 909 0402 73030000 		.4byte	0x373
 910 0406 0A       		.uleb128 0xa
 911 0407 04       		.byte	0x4
 912 0408 A3030000 		.4byte	0x3a3
 913 040c 04       		.uleb128 0x4
 914 040d 670D0000 		.4byte	.LASF113
 915 0411 04       		.byte	0x4
 916 0412 9602     		.2byte	0x296
 917 0414 AF030000 		.4byte	0x3af
 918 0418 04       		.uleb128 0x4
 919 0419 D40E0000 		.4byte	.LASF114
 920 041d 05       		.byte	0x5
 921 041e 8901     		.2byte	0x189
 922 0420 77000000 		.4byte	0x77
 923 0424 0D       		.uleb128 0xd
 924 0425 02       		.byte	0x2
 925 0426 05       		.byte	0x5
ARM GAS  C:\Users\run1009\AppData\Local\Temp\cciqnwef.s 			page 22


 926 0427 9301     		.2byte	0x193
 927 0429 48040000 		.4byte	0x448
 928 042d 0E       		.uleb128 0xe
 929 042e E1030000 		.4byte	.LASF115
 930 0432 05       		.byte	0x5
 931 0433 9A01     		.2byte	0x19a
 932 0435 6B000000 		.4byte	0x6b
 933 0439 00       		.byte	0
 934 043a 0E       		.uleb128 0xe
 935 043b 73070000 		.4byte	.LASF116
 936 043f 05       		.byte	0x5
 937 0440 A001     		.2byte	0x1a0
 938 0442 6B000000 		.4byte	0x6b
 939 0446 01       		.byte	0x1
 940 0447 00       		.byte	0
 941 0448 04       		.uleb128 0x4
 942 0449 6D000000 		.4byte	.LASF117
 943 044d 05       		.byte	0x5
 944 044e A201     		.2byte	0x1a2
 945 0450 24040000 		.4byte	0x424
 946 0454 0D       		.uleb128 0xd
 947 0455 08       		.byte	0x8
 948 0456 05       		.byte	0x5
 949 0457 BE01     		.2byte	0x1be
 950 0459 85040000 		.4byte	0x485
 951 045d 0F       		.uleb128 0xf
 952 045e 76616C00 		.ascii	"val\000"
 953 0462 05       		.byte	0x5
 954 0463 C101     		.2byte	0x1c1
 955 0465 85020000 		.4byte	0x285
 956 0469 00       		.byte	0
 957 046a 0F       		.uleb128 0xf
 958 046b 6C656E00 		.ascii	"len\000"
 959 046f 05       		.byte	0x5
 960 0470 C401     		.2byte	0x1c4
 961 0472 77000000 		.4byte	0x77
 962 0476 04       		.byte	0x4
 963 0477 0E       		.uleb128 0xe
 964 0478 92020000 		.4byte	.LASF118
 965 047c 05       		.byte	0x5
 966 047d CB01     		.2byte	0x1cb
 967 047f 77000000 		.4byte	0x77
 968 0483 06       		.byte	0x6
 969 0484 00       		.byte	0
 970 0485 04       		.uleb128 0x4
 971 0486 69010000 		.4byte	.LASF119
 972 048a 05       		.byte	0x5
 973 048b CD01     		.2byte	0x1cd
 974 048d 54040000 		.4byte	0x454
 975 0491 0D       		.uleb128 0xd
 976 0492 0C       		.byte	0xc
 977 0493 05       		.byte	0x5
 978 0494 D001     		.2byte	0x1d0
 979 0496 B5040000 		.4byte	0x4b5
 980 049a 0E       		.uleb128 0xe
 981 049b 7A040000 		.4byte	.LASF120
 982 049f 05       		.byte	0x5
ARM GAS  C:\Users\run1009\AppData\Local\Temp\cciqnwef.s 			page 23


 983 04a0 D301     		.2byte	0x1d3
 984 04a2 85040000 		.4byte	0x485
 985 04a6 00       		.byte	0
 986 04a7 0E       		.uleb128 0xe
 987 04a8 F8030000 		.4byte	.LASF121
 988 04ac 05       		.byte	0x5
 989 04ad D601     		.2byte	0x1d6
 990 04af 18040000 		.4byte	0x418
 991 04b3 08       		.byte	0x8
 992 04b4 00       		.byte	0
 993 04b5 04       		.uleb128 0x4
 994 04b6 81090000 		.4byte	.LASF122
 995 04ba 05       		.byte	0x5
 996 04bb D801     		.2byte	0x1d8
 997 04bd 91040000 		.4byte	0x491
 998 04c1 06       		.uleb128 0x6
 999 04c2 01       		.byte	0x1
 1000 04c3 2C000000 		.4byte	0x2c
 1001 04c7 06       		.byte	0x6
 1002 04c8 5A08     		.2byte	0x85a
 1003 04ca F9040000 		.4byte	0x4f9
 1004 04ce 07       		.uleb128 0x7
 1005 04cf 3A000000 		.4byte	.LASF123
 1006 04d3 00       		.byte	0
 1007 04d4 07       		.uleb128 0x7
 1008 04d5 EA0D0000 		.4byte	.LASF124
 1009 04d9 01       		.byte	0x1
 1010 04da 07       		.uleb128 0x7
 1011 04db 030E0000 		.4byte	.LASF125
 1012 04df 02       		.byte	0x2
 1013 04e0 07       		.uleb128 0x7
 1014 04e1 23020000 		.4byte	.LASF126
 1015 04e5 03       		.byte	0x3
 1016 04e6 07       		.uleb128 0x7
 1017 04e7 B7030000 		.4byte	.LASF127
 1018 04eb 04       		.byte	0x4
 1019 04ec 07       		.uleb128 0x7
 1020 04ed 960A0000 		.4byte	.LASF128
 1021 04f1 05       		.byte	0x5
 1022 04f2 07       		.uleb128 0x7
 1023 04f3 27030000 		.4byte	.LASF129
 1024 04f7 06       		.byte	0x6
 1025 04f8 00       		.byte	0
 1026 04f9 04       		.uleb128 0x4
 1027 04fa B20D0000 		.4byte	.LASF130
 1028 04fe 06       		.byte	0x6
 1029 04ff 6808     		.2byte	0x868
 1030 0501 C1040000 		.4byte	0x4c1
 1031 0505 06       		.uleb128 0x6
 1032 0506 01       		.byte	0x1
 1033 0507 2C000000 		.4byte	0x2c
 1034 050b 06       		.byte	0x6
 1035 050c 9D08     		.2byte	0x89d
 1036 050e 31050000 		.4byte	0x531
 1037 0512 07       		.uleb128 0x7
 1038 0513 C60B0000 		.4byte	.LASF131
 1039 0517 00       		.byte	0
ARM GAS  C:\Users\run1009\AppData\Local\Temp\cciqnwef.s 			page 24


 1040 0518 07       		.uleb128 0x7
 1041 0519 340C0000 		.4byte	.LASF132
 1042 051d 01       		.byte	0x1
 1043 051e 07       		.uleb128 0x7
 1044 051f 6E090000 		.4byte	.LASF133
 1045 0523 02       		.byte	0x2
 1046 0524 07       		.uleb128 0x7
 1047 0525 A0030000 		.4byte	.LASF134
 1048 0529 03       		.byte	0x3
 1049 052a 07       		.uleb128 0x7
 1050 052b B50B0000 		.4byte	.LASF135
 1051 052f 04       		.byte	0x4
 1052 0530 00       		.byte	0
 1053 0531 10       		.uleb128 0x10
 1054 0532 AB0E0000 		.4byte	.LASF136
 1055 0536 01       		.byte	0x1
 1056 0537 52       		.byte	0x52
 1057 0538 5D000000 		.4byte	0x5d
 1058 053c 00000000 		.4byte	.LFB36
 1059 0540 C0000000 		.4byte	.LFE36-.LFB36
 1060 0544 01       		.uleb128 0x1
 1061 0545 9C       		.byte	0x9c
 1062 0546 59050000 		.4byte	0x559
 1063 054a 11       		.uleb128 0x11
 1064 054b 160A0000 		.4byte	.LASF138
 1065 054f 01       		.byte	0x1
 1066 0550 55       		.byte	0x55
 1067 0551 77000000 		.4byte	0x77
 1068 0555 02       		.uleb128 0x2
 1069 0556 91       		.byte	0x91
 1070 0557 76       		.sleb128 -10
 1071 0558 00       		.byte	0
 1072 0559 12       		.uleb128 0x12
 1073 055a AD0A0000 		.4byte	.LASF137
 1074 055e 01       		.byte	0x1
 1075 055f AD       		.byte	0xad
 1076 0560 00000000 		.4byte	.LFB37
 1077 0564 64010000 		.4byte	.LFE37-.LFB37
 1078 0568 01       		.uleb128 0x1
 1079 0569 9C       		.byte	0x9c
 1080 056a 99050000 		.4byte	0x599
 1081 056e 11       		.uleb128 0x11
 1082 056f EB090000 		.4byte	.LASF139
 1083 0573 01       		.byte	0x1
 1084 0574 B0       		.byte	0xb0
 1085 0575 85020000 		.4byte	0x285
 1086 0579 02       		.uleb128 0x2
 1087 057a 91       		.byte	0x91
 1088 057b 74       		.sleb128 -12
 1089 057c 11       		.uleb128 0x11
 1090 057d A80C0000 		.4byte	.LASF140
 1091 0581 01       		.byte	0x1
 1092 0582 B1       		.byte	0xb1
 1093 0583 99050000 		.4byte	0x599
 1094 0587 02       		.uleb128 0x2
 1095 0588 91       		.byte	0x91
 1096 0589 70       		.sleb128 -16
ARM GAS  C:\Users\run1009\AppData\Local\Temp\cciqnwef.s 			page 25


 1097 058a 11       		.uleb128 0x11
 1098 058b B9070000 		.4byte	.LASF141
 1099 058f 01       		.byte	0x1
 1100 0590 B2       		.byte	0xb2
 1101 0591 B5040000 		.4byte	0x4b5
 1102 0595 02       		.uleb128 0x2
 1103 0596 91       		.byte	0x91
 1104 0597 64       		.sleb128 -28
 1105 0598 00       		.byte	0
 1106 0599 08       		.uleb128 0x8
 1107 059a 6B000000 		.4byte	0x6b
 1108 059e A9050000 		.4byte	0x5a9
 1109 05a2 09       		.uleb128 0x9
 1110 05a3 B0000000 		.4byte	0xb0
 1111 05a7 01       		.byte	0x1
 1112 05a8 00       		.byte	0
 1113 05a9 13       		.uleb128 0x13
 1114 05aa 54080000 		.4byte	.LASF142
 1115 05ae 07       		.byte	0x7
 1116 05af B602     		.2byte	0x2b6
 1117 05b1 0C040000 		.4byte	0x40c
 1118 05b5 13       		.uleb128 0x13
 1119 05b6 BE060000 		.4byte	.LASF143
 1120 05ba 06       		.byte	0x6
 1121 05bb B30A     		.2byte	0xab3
 1122 05bd F9040000 		.4byte	0x4f9
 1123 05c1 13       		.uleb128 0x13
 1124 05c2 A7080000 		.4byte	.LASF144
 1125 05c6 06       		.byte	0x6
 1126 05c7 B40A     		.2byte	0xab4
 1127 05c9 48040000 		.4byte	0x448
 1128 05cd 14       		.uleb128 0x14
 1129 05ce C7070000 		.4byte	.LASF145
 1130 05d2 08       		.byte	0x8
 1131 05d3 24       		.byte	0x24
 1132 05d4 A4000000 		.4byte	0xa4
 1133 05d8 14       		.uleb128 0x14
 1134 05d9 6C040000 		.4byte	.LASF146
 1135 05dd 01       		.byte	0x1
 1136 05de 2C       		.byte	0x2c
 1137 05df 6B000000 		.4byte	0x6b
 1138 05e3 14       		.uleb128 0x14
 1139 05e4 1C010000 		.4byte	.LASF147
 1140 05e8 01       		.byte	0x1
 1141 05e9 31       		.byte	0x31
 1142 05ea 6B000000 		.4byte	0x6b
 1143 05ee 14       		.uleb128 0x14
 1144 05ef 780A0000 		.4byte	.LASF148
 1145 05f3 01       		.byte	0x1
 1146 05f4 32       		.byte	0x32
 1147 05f5 6B000000 		.4byte	0x6b
 1148 05f9 14       		.uleb128 0x14
 1149 05fa 2B010000 		.4byte	.LASF149
 1150 05fe 01       		.byte	0x1
 1151 05ff 35       		.byte	0x35
 1152 0600 73030000 		.4byte	0x373
 1153 0604 14       		.uleb128 0x14
ARM GAS  C:\Users\run1009\AppData\Local\Temp\cciqnwef.s 			page 26


 1154 0605 130D0000 		.4byte	.LASF150
 1155 0609 01       		.byte	0x1
 1156 060a 3D       		.byte	0x3d
 1157 060b 77000000 		.4byte	0x77
 1158 060f 15       		.uleb128 0x15
 1159 0610 D50B0000 		.4byte	.LASF151
 1160 0614 01       		.byte	0x1
 1161 0615 3E       		.byte	0x3e
 1162 0616 A4000000 		.4byte	0xa4
 1163 061a 05       		.uleb128 0x5
 1164 061b 03       		.byte	0x3
 1165 061c 00000000 		.4byte	sensorReceiveStartedTime
 1166 0620 14       		.uleb128 0x14
 1167 0621 EA030000 		.4byte	.LASF152
 1168 0625 01       		.byte	0x1
 1169 0626 3F       		.byte	0x3f
 1170 0627 6B000000 		.4byte	0x6b
 1171 062b 15       		.uleb128 0x15
 1172 062c 03030000 		.4byte	.LASF153
 1173 0630 01       		.byte	0x1
 1174 0631 40       		.byte	0x40
 1175 0632 6B000000 		.4byte	0x6b
 1176 0636 05       		.uleb128 0x5
 1177 0637 03       		.byte	0x3
 1178 0638 00000000 		.4byte	receiveFirstData
 1179 063c 15       		.uleb128 0x15
 1180 063d 14030000 		.4byte	.LASF154
 1181 0641 01       		.byte	0x1
 1182 0642 42       		.byte	0x42
 1183 0643 6B000000 		.4byte	0x6b
 1184 0647 05       		.uleb128 0x5
 1185 0648 03       		.byte	0x3
 1186 0649 00000000 		.4byte	stackRestartIssued
 1187 064d 00       		.byte	0
 1188              		.section	.debug_abbrev,"",%progbits
 1189              	.Ldebug_abbrev0:
 1190 0000 01       		.uleb128 0x1
 1191 0001 11       		.uleb128 0x11
 1192 0002 01       		.byte	0x1
 1193 0003 25       		.uleb128 0x25
 1194 0004 0E       		.uleb128 0xe
 1195 0005 13       		.uleb128 0x13
 1196 0006 0B       		.uleb128 0xb
 1197 0007 03       		.uleb128 0x3
 1198 0008 0E       		.uleb128 0xe
 1199 0009 1B       		.uleb128 0x1b
 1200 000a 0E       		.uleb128 0xe
 1201 000b 55       		.uleb128 0x55
 1202 000c 17       		.uleb128 0x17
 1203 000d 11       		.uleb128 0x11
 1204 000e 01       		.uleb128 0x1
 1205 000f 10       		.uleb128 0x10
 1206 0010 17       		.uleb128 0x17
 1207 0011 00       		.byte	0
 1208 0012 00       		.byte	0
 1209 0013 02       		.uleb128 0x2
 1210 0014 24       		.uleb128 0x24
ARM GAS  C:\Users\run1009\AppData\Local\Temp\cciqnwef.s 			page 27


 1211 0015 00       		.byte	0
 1212 0016 0B       		.uleb128 0xb
 1213 0017 0B       		.uleb128 0xb
 1214 0018 3E       		.uleb128 0x3e
 1215 0019 0B       		.uleb128 0xb
 1216 001a 03       		.uleb128 0x3
 1217 001b 0E       		.uleb128 0xe
 1218 001c 00       		.byte	0
 1219 001d 00       		.byte	0
 1220 001e 03       		.uleb128 0x3
 1221 001f 24       		.uleb128 0x24
 1222 0020 00       		.byte	0
 1223 0021 0B       		.uleb128 0xb
 1224 0022 0B       		.uleb128 0xb
 1225 0023 3E       		.uleb128 0x3e
 1226 0024 0B       		.uleb128 0xb
 1227 0025 03       		.uleb128 0x3
 1228 0026 08       		.uleb128 0x8
 1229 0027 00       		.byte	0
 1230 0028 00       		.byte	0
 1231 0029 04       		.uleb128 0x4
 1232 002a 16       		.uleb128 0x16
 1233 002b 00       		.byte	0
 1234 002c 03       		.uleb128 0x3
 1235 002d 0E       		.uleb128 0xe
 1236 002e 3A       		.uleb128 0x3a
 1237 002f 0B       		.uleb128 0xb
 1238 0030 3B       		.uleb128 0x3b
 1239 0031 05       		.uleb128 0x5
 1240 0032 49       		.uleb128 0x49
 1241 0033 13       		.uleb128 0x13
 1242 0034 00       		.byte	0
 1243 0035 00       		.byte	0
 1244 0036 05       		.uleb128 0x5
 1245 0037 35       		.uleb128 0x35
 1246 0038 00       		.byte	0
 1247 0039 49       		.uleb128 0x49
 1248 003a 13       		.uleb128 0x13
 1249 003b 00       		.byte	0
 1250 003c 00       		.byte	0
 1251 003d 06       		.uleb128 0x6
 1252 003e 04       		.uleb128 0x4
 1253 003f 01       		.byte	0x1
 1254 0040 0B       		.uleb128 0xb
 1255 0041 0B       		.uleb128 0xb
 1256 0042 49       		.uleb128 0x49
 1257 0043 13       		.uleb128 0x13
 1258 0044 3A       		.uleb128 0x3a
 1259 0045 0B       		.uleb128 0xb
 1260 0046 3B       		.uleb128 0x3b
 1261 0047 05       		.uleb128 0x5
 1262 0048 01       		.uleb128 0x1
 1263 0049 13       		.uleb128 0x13
 1264 004a 00       		.byte	0
 1265 004b 00       		.byte	0
 1266 004c 07       		.uleb128 0x7
 1267 004d 28       		.uleb128 0x28
ARM GAS  C:\Users\run1009\AppData\Local\Temp\cciqnwef.s 			page 28


 1268 004e 00       		.byte	0
 1269 004f 03       		.uleb128 0x3
 1270 0050 0E       		.uleb128 0xe
 1271 0051 1C       		.uleb128 0x1c
 1272 0052 0B       		.uleb128 0xb
 1273 0053 00       		.byte	0
 1274 0054 00       		.byte	0
 1275 0055 08       		.uleb128 0x8
 1276 0056 01       		.uleb128 0x1
 1277 0057 01       		.byte	0x1
 1278 0058 49       		.uleb128 0x49
 1279 0059 13       		.uleb128 0x13
 1280 005a 01       		.uleb128 0x1
 1281 005b 13       		.uleb128 0x13
 1282 005c 00       		.byte	0
 1283 005d 00       		.byte	0
 1284 005e 09       		.uleb128 0x9
 1285 005f 21       		.uleb128 0x21
 1286 0060 00       		.byte	0
 1287 0061 49       		.uleb128 0x49
 1288 0062 13       		.uleb128 0x13
 1289 0063 2F       		.uleb128 0x2f
 1290 0064 0B       		.uleb128 0xb
 1291 0065 00       		.byte	0
 1292 0066 00       		.byte	0
 1293 0067 0A       		.uleb128 0xa
 1294 0068 0F       		.uleb128 0xf
 1295 0069 00       		.byte	0
 1296 006a 0B       		.uleb128 0xb
 1297 006b 0B       		.uleb128 0xb
 1298 006c 49       		.uleb128 0x49
 1299 006d 13       		.uleb128 0x13
 1300 006e 00       		.byte	0
 1301 006f 00       		.byte	0
 1302 0070 0B       		.uleb128 0xb
 1303 0071 04       		.uleb128 0x4
 1304 0072 01       		.byte	0x1
 1305 0073 0B       		.uleb128 0xb
 1306 0074 0B       		.uleb128 0xb
 1307 0075 49       		.uleb128 0x49
 1308 0076 13       		.uleb128 0x13
 1309 0077 3A       		.uleb128 0x3a
 1310 0078 0B       		.uleb128 0xb
 1311 0079 3B       		.uleb128 0x3b
 1312 007a 0B       		.uleb128 0xb
 1313 007b 01       		.uleb128 0x1
 1314 007c 13       		.uleb128 0x13
 1315 007d 00       		.byte	0
 1316 007e 00       		.byte	0
 1317 007f 0C       		.uleb128 0xc
 1318 0080 16       		.uleb128 0x16
 1319 0081 00       		.byte	0
 1320 0082 03       		.uleb128 0x3
 1321 0083 0E       		.uleb128 0xe
 1322 0084 3A       		.uleb128 0x3a
 1323 0085 0B       		.uleb128 0xb
 1324 0086 3B       		.uleb128 0x3b
ARM GAS  C:\Users\run1009\AppData\Local\Temp\cciqnwef.s 			page 29


 1325 0087 0B       		.uleb128 0xb
 1326 0088 49       		.uleb128 0x49
 1327 0089 13       		.uleb128 0x13
 1328 008a 00       		.byte	0
 1329 008b 00       		.byte	0
 1330 008c 0D       		.uleb128 0xd
 1331 008d 13       		.uleb128 0x13
 1332 008e 01       		.byte	0x1
 1333 008f 0B       		.uleb128 0xb
 1334 0090 0B       		.uleb128 0xb
 1335 0091 3A       		.uleb128 0x3a
 1336 0092 0B       		.uleb128 0xb
 1337 0093 3B       		.uleb128 0x3b
 1338 0094 05       		.uleb128 0x5
 1339 0095 01       		.uleb128 0x1
 1340 0096 13       		.uleb128 0x13
 1341 0097 00       		.byte	0
 1342 0098 00       		.byte	0
 1343 0099 0E       		.uleb128 0xe
 1344 009a 0D       		.uleb128 0xd
 1345 009b 00       		.byte	0
 1346 009c 03       		.uleb128 0x3
 1347 009d 0E       		.uleb128 0xe
 1348 009e 3A       		.uleb128 0x3a
 1349 009f 0B       		.uleb128 0xb
 1350 00a0 3B       		.uleb128 0x3b
 1351 00a1 05       		.uleb128 0x5
 1352 00a2 49       		.uleb128 0x49
 1353 00a3 13       		.uleb128 0x13
 1354 00a4 38       		.uleb128 0x38
 1355 00a5 0B       		.uleb128 0xb
 1356 00a6 00       		.byte	0
 1357 00a7 00       		.byte	0
 1358 00a8 0F       		.uleb128 0xf
 1359 00a9 0D       		.uleb128 0xd
 1360 00aa 00       		.byte	0
 1361 00ab 03       		.uleb128 0x3
 1362 00ac 08       		.uleb128 0x8
 1363 00ad 3A       		.uleb128 0x3a
 1364 00ae 0B       		.uleb128 0xb
 1365 00af 3B       		.uleb128 0x3b
 1366 00b0 05       		.uleb128 0x5
 1367 00b1 49       		.uleb128 0x49
 1368 00b2 13       		.uleb128 0x13
 1369 00b3 38       		.uleb128 0x38
 1370 00b4 0B       		.uleb128 0xb
 1371 00b5 00       		.byte	0
 1372 00b6 00       		.byte	0
 1373 00b7 10       		.uleb128 0x10
 1374 00b8 2E       		.uleb128 0x2e
 1375 00b9 01       		.byte	0x1
 1376 00ba 3F       		.uleb128 0x3f
 1377 00bb 19       		.uleb128 0x19
 1378 00bc 03       		.uleb128 0x3
 1379 00bd 0E       		.uleb128 0xe
 1380 00be 3A       		.uleb128 0x3a
 1381 00bf 0B       		.uleb128 0xb
ARM GAS  C:\Users\run1009\AppData\Local\Temp\cciqnwef.s 			page 30


 1382 00c0 3B       		.uleb128 0x3b
 1383 00c1 0B       		.uleb128 0xb
 1384 00c2 49       		.uleb128 0x49
 1385 00c3 13       		.uleb128 0x13
 1386 00c4 11       		.uleb128 0x11
 1387 00c5 01       		.uleb128 0x1
 1388 00c6 12       		.uleb128 0x12
 1389 00c7 06       		.uleb128 0x6
 1390 00c8 40       		.uleb128 0x40
 1391 00c9 18       		.uleb128 0x18
 1392 00ca 9642     		.uleb128 0x2116
 1393 00cc 19       		.uleb128 0x19
 1394 00cd 01       		.uleb128 0x1
 1395 00ce 13       		.uleb128 0x13
 1396 00cf 00       		.byte	0
 1397 00d0 00       		.byte	0
 1398 00d1 11       		.uleb128 0x11
 1399 00d2 34       		.uleb128 0x34
 1400 00d3 00       		.byte	0
 1401 00d4 03       		.uleb128 0x3
 1402 00d5 0E       		.uleb128 0xe
 1403 00d6 3A       		.uleb128 0x3a
 1404 00d7 0B       		.uleb128 0xb
 1405 00d8 3B       		.uleb128 0x3b
 1406 00d9 0B       		.uleb128 0xb
 1407 00da 49       		.uleb128 0x49
 1408 00db 13       		.uleb128 0x13
 1409 00dc 02       		.uleb128 0x2
 1410 00dd 18       		.uleb128 0x18
 1411 00de 00       		.byte	0
 1412 00df 00       		.byte	0
 1413 00e0 12       		.uleb128 0x12
 1414 00e1 2E       		.uleb128 0x2e
 1415 00e2 01       		.byte	0x1
 1416 00e3 3F       		.uleb128 0x3f
 1417 00e4 19       		.uleb128 0x19
 1418 00e5 03       		.uleb128 0x3
 1419 00e6 0E       		.uleb128 0xe
 1420 00e7 3A       		.uleb128 0x3a
 1421 00e8 0B       		.uleb128 0xb
 1422 00e9 3B       		.uleb128 0x3b
 1423 00ea 0B       		.uleb128 0xb
 1424 00eb 27       		.uleb128 0x27
 1425 00ec 19       		.uleb128 0x19
 1426 00ed 11       		.uleb128 0x11
 1427 00ee 01       		.uleb128 0x1
 1428 00ef 12       		.uleb128 0x12
 1429 00f0 06       		.uleb128 0x6
 1430 00f1 40       		.uleb128 0x40
 1431 00f2 18       		.uleb128 0x18
 1432 00f3 9642     		.uleb128 0x2116
 1433 00f5 19       		.uleb128 0x19
 1434 00f6 01       		.uleb128 0x1
 1435 00f7 13       		.uleb128 0x13
 1436 00f8 00       		.byte	0
 1437 00f9 00       		.byte	0
 1438 00fa 13       		.uleb128 0x13
ARM GAS  C:\Users\run1009\AppData\Local\Temp\cciqnwef.s 			page 31


 1439 00fb 34       		.uleb128 0x34
 1440 00fc 00       		.byte	0
 1441 00fd 03       		.uleb128 0x3
 1442 00fe 0E       		.uleb128 0xe
 1443 00ff 3A       		.uleb128 0x3a
 1444 0100 0B       		.uleb128 0xb
 1445 0101 3B       		.uleb128 0x3b
 1446 0102 05       		.uleb128 0x5
 1447 0103 49       		.uleb128 0x49
 1448 0104 13       		.uleb128 0x13
 1449 0105 3F       		.uleb128 0x3f
 1450 0106 19       		.uleb128 0x19
 1451 0107 3C       		.uleb128 0x3c
 1452 0108 19       		.uleb128 0x19
 1453 0109 00       		.byte	0
 1454 010a 00       		.byte	0
 1455 010b 14       		.uleb128 0x14
 1456 010c 34       		.uleb128 0x34
 1457 010d 00       		.byte	0
 1458 010e 03       		.uleb128 0x3
 1459 010f 0E       		.uleb128 0xe
 1460 0110 3A       		.uleb128 0x3a
 1461 0111 0B       		.uleb128 0xb
 1462 0112 3B       		.uleb128 0x3b
 1463 0113 0B       		.uleb128 0xb
 1464 0114 49       		.uleb128 0x49
 1465 0115 13       		.uleb128 0x13
 1466 0116 3F       		.uleb128 0x3f
 1467 0117 19       		.uleb128 0x19
 1468 0118 3C       		.uleb128 0x3c
 1469 0119 19       		.uleb128 0x19
 1470 011a 00       		.byte	0
 1471 011b 00       		.byte	0
 1472 011c 15       		.uleb128 0x15
 1473 011d 34       		.uleb128 0x34
 1474 011e 00       		.byte	0
 1475 011f 03       		.uleb128 0x3
 1476 0120 0E       		.uleb128 0xe
 1477 0121 3A       		.uleb128 0x3a
 1478 0122 0B       		.uleb128 0xb
 1479 0123 3B       		.uleb128 0x3b
 1480 0124 0B       		.uleb128 0xb
 1481 0125 49       		.uleb128 0x49
 1482 0126 13       		.uleb128 0x13
 1483 0127 3F       		.uleb128 0x3f
 1484 0128 19       		.uleb128 0x19
 1485 0129 02       		.uleb128 0x2
 1486 012a 18       		.uleb128 0x18
 1487 012b 00       		.byte	0
 1488 012c 00       		.byte	0
 1489 012d 00       		.byte	0
 1490              		.section	.debug_aranges,"",%progbits
 1491 0000 24000000 		.4byte	0x24
 1492 0004 0200     		.2byte	0x2
 1493 0006 00000000 		.4byte	.Ldebug_info0
 1494 000a 04       		.byte	0x4
 1495 000b 00       		.byte	0
ARM GAS  C:\Users\run1009\AppData\Local\Temp\cciqnwef.s 			page 32


 1496 000c 0000     		.2byte	0
 1497 000e 0000     		.2byte	0
 1498 0010 00000000 		.4byte	.LFB36
 1499 0014 C0000000 		.4byte	.LFE36-.LFB36
 1500 0018 00000000 		.4byte	.LFB37
 1501 001c 64010000 		.4byte	.LFE37-.LFB37
 1502 0020 00000000 		.4byte	0
 1503 0024 00000000 		.4byte	0
 1504              		.section	.debug_ranges,"",%progbits
 1505              	.Ldebug_ranges0:
 1506 0000 00000000 		.4byte	.LFB36
 1507 0004 C0000000 		.4byte	.LFE36
 1508 0008 00000000 		.4byte	.LFB37
 1509 000c 64010000 		.4byte	.LFE37
 1510 0010 00000000 		.4byte	0
 1511 0014 00000000 		.4byte	0
 1512              		.section	.debug_line,"",%progbits
 1513              	.Ldebug_line0:
 1514 0000 17010000 		.section	.debug_str,"MS",%progbits,1
 1514      0200A000 
 1514      00000201 
 1514      FB0E0D00 
 1514      01010101 
 1515              	.LASF58:
 1516 0000 4359424C 		.ascii	"CYBLE_EVT_GATTC_READ_BLOB_RSP\000"
 1516      455F4556 
 1516      545F4741 
 1516      5454435F 
 1516      52454144 
 1517              	.LASF22:
 1518 001e 4359424C 		.ascii	"CYBLE_EVT_STACK_BUSY_STATUS\000"
 1518      455F4556 
 1518      545F5354 
 1518      41434B5F 
 1518      42555359 
 1519              	.LASF123:
 1520 003a 4359424C 		.ascii	"CYBLE_STATE_STOPPED\000"
 1520      455F5354 
 1520      4154455F 
 1520      53544F50 
 1520      50454400 
 1521              	.LASF80:
 1522 004e 4359424C 		.ascii	"CYBLE_EVT_L2CAP_CBFC_DATA_READ\000"
 1522      455F4556 
 1522      545F4C32 
 1522      4341505F 
 1522      43424643 
 1523              	.LASF117:
 1524 006d 4359424C 		.ascii	"CYBLE_CONN_HANDLE_T\000"
 1524      455F434F 
 1524      4E4E5F48 
 1524      414E444C 
 1524      455F5400 
 1525              	.LASF106:
 1526 0081 4359424C 		.ascii	"CYBLE_GAPP_DISC_DATA_T\000"
 1526      455F4741 
 1526      50505F44 
ARM GAS  C:\Users\run1009\AppData\Local\Temp\cciqnwef.s 			page 33


 1526      4953435F 
 1526      44415441 
 1527              	.LASF34:
 1528 0098 4359424C 		.ascii	"CYBLE_EVT_GAP_CONNECTION_UPDATE_COMPLETE\000"
 1528      455F4556 
 1528      545F4741 
 1528      505F434F 
 1528      4E4E4543 
 1529              	.LASF101:
 1530 00c1 61647643 		.ascii	"advChannelMap\000"
 1530      68616E6E 
 1530      656C4D61 
 1530      7000
 1531              	.LASF79:
 1532 00cf 4359424C 		.ascii	"CYBLE_EVT_L2CAP_CBFC_DISCONN_CNF\000"
 1532      455F4556 
 1532      545F4C32 
 1532      4341505F 
 1532      43424643 
 1533              	.LASF90:
 1534 00f0 4359424C 		.ascii	"CYBLE_GAPP_CONNECTABLE_HIGH_DC_DIRECTED_ADV\000"
 1534      455F4741 
 1534      50505F43 
 1534      4F4E4E45 
 1534      43544142 
 1535              	.LASF147:
 1536 011c 64617461 		.ascii	"dataADVCounter\000"
 1536      41445643 
 1536      6F756E74 
 1536      657200
 1537              	.LASF149:
 1538 012b 6E65775F 		.ascii	"new_advData\000"
 1538      61647644 
 1538      61746100 
 1539              	.LASF19:
 1540 0137 4359424C 		.ascii	"CYBLE_EVT_TIMEOUT\000"
 1540      455F4556 
 1540      545F5449 
 1540      4D454F55 
 1540      5400
 1541              	.LASF4:
 1542 0149 6C6F6E67 		.ascii	"long int\000"
 1542      20696E74 
 1542      00
 1543              	.LASF7:
 1544 0152 6C6F6E67 		.ascii	"long long unsigned int\000"
 1544      206C6F6E 
 1544      6720756E 
 1544      7369676E 
 1544      65642069 
 1545              	.LASF119:
 1546 0169 4359424C 		.ascii	"CYBLE_GATT_VALUE_T\000"
 1546      455F4741 
 1546      54545F56 
 1546      414C5545 
 1546      5F5400
 1547              	.LASF21:
ARM GAS  C:\Users\run1009\AppData\Local\Temp\cciqnwef.s 			page 34


 1548 017c 4359424C 		.ascii	"CYBLE_EVT_HCI_STATUS\000"
 1548      455F4556 
 1548      545F4843 
 1548      495F5354 
 1548      41545553 
 1549              	.LASF97:
 1550 0191 61647654 		.ascii	"advType\000"
 1550      79706500 
 1551              	.LASF84:
 1552 0199 4359424C 		.ascii	"CYBLE_EVT_PENDING_FLASH_WRITE\000"
 1552      455F4556 
 1552      545F5045 
 1552      4E44494E 
 1552      475F464C 
 1553              	.LASF73:
 1554 01b7 4359424C 		.ascii	"CYBLE_EVT_L2CAP_CONN_PARAM_UPDATE_REQ\000"
 1554      455F4556 
 1554      545F4C32 
 1554      4341505F 
 1554      434F4E4E 
 1555              	.LASF33:
 1556 01dd 4359424C 		.ascii	"CYBLE_EVT_GAP_ENCRYPT_CHANGE\000"
 1556      455F4556 
 1556      545F4741 
 1556      505F454E 
 1556      43525950 
 1557              	.LASF37:
 1558 01fa 4359424C 		.ascii	"CYBLE_EVT_GAP_NUMERIC_COMPARISON_REQUEST\000"
 1558      455F4556 
 1558      545F4741 
 1558      505F4E55 
 1558      4D455249 
 1559              	.LASF126:
 1560 0223 4359424C 		.ascii	"CYBLE_STATE_ADVERTISING\000"
 1560      455F5354 
 1560      4154455F 
 1560      41445645 
 1560      52544953 
 1561              	.LASF6:
 1562 023b 6C6F6E67 		.ascii	"long long int\000"
 1562      206C6F6E 
 1562      6720696E 
 1562      7400
 1563              	.LASF0:
 1564 0249 7369676E 		.ascii	"signed char\000"
 1564      65642063 
 1564      68617200 
 1565              	.LASF18:
 1566 0255 4359424C 		.ascii	"CYBLE_EVT_STACK_ON\000"
 1566      455F4556 
 1566      545F5354 
 1566      41434B5F 
 1566      4F4E00
 1567              	.LASF35:
 1568 0268 4359424C 		.ascii	"CYBLE_EVT_GAPC_SCAN_START_STOP\000"
 1568      455F4556 
 1568      545F4741 
ARM GAS  C:\Users\run1009\AppData\Local\Temp\cciqnwef.s 			page 35


 1568      50435F53 
 1568      43414E5F 
 1569              	.LASF100:
 1570 0287 64697265 		.ascii	"directAddr\000"
 1570      63744164 
 1570      647200
 1571              	.LASF118:
 1572 0292 61637475 		.ascii	"actualLen\000"
 1572      616C4C65 
 1572      6E00
 1573              	.LASF25:
 1574 029c 4359424C 		.ascii	"CYBLE_EVT_GAP_AUTH_REQ\000"
 1574      455F4556 
 1574      545F4741 
 1574      505F4155 
 1574      54485F52 
 1575              	.LASF57:
 1576 02b3 4359424C 		.ascii	"CYBLE_EVT_GATTC_READ_RSP\000"
 1576      455F4556 
 1576      545F4741 
 1576      5454435F 
 1576      52454144 
 1577              	.LASF110:
 1578 02cc 64697363 		.ascii	"discMode\000"
 1578      4D6F6465 
 1578      00
 1579              	.LASF102:
 1580 02d5 61647646 		.ascii	"advFilterPolicy\000"
 1580      696C7465 
 1580      72506F6C 
 1580      69637900 
 1581              	.LASF62:
 1582 02e5 4359424C 		.ascii	"CYBLE_EVT_GATTS_WRITE_CMD_REQ\000"
 1582      455F4556 
 1582      545F4741 
 1582      5454535F 
 1582      57524954 
 1583              	.LASF153:
 1584 0303 72656365 		.ascii	"receiveFirstData\000"
 1584      69766546 
 1584      69727374 
 1584      44617461 
 1584      00
 1585              	.LASF154:
 1586 0314 73746163 		.ascii	"stackRestartIssued\000"
 1586      6B526573 
 1586      74617274 
 1586      49737375 
 1586      656400
 1587              	.LASF129:
 1588 0327 4359424C 		.ascii	"CYBLE_STATE_DISCONNECTED\000"
 1588      455F5354 
 1588      4154455F 
 1588      44495343 
 1588      4F4E4E45 
 1589              	.LASF30:
 1590 0340 4359424C 		.ascii	"CYBLE_EVT_GAPP_ADVERTISEMENT_START_STOP\000"
ARM GAS  C:\Users\run1009\AppData\Local\Temp\cciqnwef.s 			page 36


 1590      455F4556 
 1590      545F4741 
 1590      50505F41 
 1590      44564552 
 1591              	.LASF9:
 1592 0368 75696E74 		.ascii	"uint8\000"
 1592      3800
 1593              	.LASF107:
 1594 036e 7363616E 		.ascii	"scanRspData\000"
 1594      52737044 
 1594      61746100 
 1595              	.LASF65:
 1596 037a 4359424C 		.ascii	"CYBLE_EVT_GATTC_EXEC_WRITE_RSP\000"
 1596      455F4556 
 1596      545F4741 
 1596      5454435F 
 1596      45584543 
 1597              	.LASF13:
 1598 0399 646F7562 		.ascii	"double\000"
 1598      6C6500
 1599              	.LASF134:
 1600 03a0 4359424C 		.ascii	"CYBLE_SRVI_CUSTOMS_END\000"
 1600      455F5352 
 1600      56495F43 
 1600      5553544F 
 1600      4D535F45 
 1601              	.LASF127:
 1602 03b7 4359424C 		.ascii	"CYBLE_STATE_SCANNING\000"
 1602      455F5354 
 1602      4154455F 
 1602      5343414E 
 1602      4E494E47 
 1603              	.LASF11:
 1604 03cc 75696E74 		.ascii	"uint32\000"
 1604      333200
 1605              	.LASF88:
 1606 03d3 4359424C 		.ascii	"CYBLE_EVT_MAX\000"
 1606      455F4556 
 1606      545F4D41 
 1606      5800
 1607              	.LASF115:
 1608 03e1 62644861 		.ascii	"bdHandle\000"
 1608      6E646C65 
 1608      00
 1609              	.LASF152:
 1610 03ea 67657453 		.ascii	"getSensorTime\000"
 1610      656E736F 
 1610      7254696D 
 1610      6500
 1611              	.LASF121:
 1612 03f8 61747472 		.ascii	"attrHandle\000"
 1612      48616E64 
 1612      6C6500
 1613              	.LASF83:
 1614 0403 4359424C 		.ascii	"CYBLE_EVT_L2CAP_CBFC_DATA_WRITE_IND\000"
 1614      455F4556 
 1614      545F4C32 
ARM GAS  C:\Users\run1009\AppData\Local\Temp\cciqnwef.s 			page 37


 1614      4341505F 
 1614      43424643 
 1615              	.LASF46:
 1616 0427 4359424C 		.ascii	"CYBLE_EVT_GAP_AUTH_REQ_REPLY_ERR\000"
 1616      455F4556 
 1616      545F4741 
 1616      505F4155 
 1616      54485F52 
 1617              	.LASF91:
 1618 0448 4359424C 		.ascii	"CYBLE_GAPP_SCANNABLE_UNDIRECTED_ADV\000"
 1618      455F4741 
 1618      50505F53 
 1618      43414E4E 
 1618      41424C45 
 1619              	.LASF146:
 1620 046c 626C655F 		.ascii	"ble_gap_state\000"
 1620      6761705F 
 1620      73746174 
 1620      6500
 1621              	.LASF120:
 1622 047a 76616C75 		.ascii	"value\000"
 1622      6500
 1623              	.LASF70:
 1624 0480 4359424C 		.ascii	"CYBLE_EVT_GATTC_STOP_CMD_COMPLETE\000"
 1624      455F4556 
 1624      545F4741 
 1624      5454435F 
 1624      53544F50 
 1625              	.LASF8:
 1626 04a2 756E7369 		.ascii	"unsigned int\000"
 1626      676E6564 
 1626      20696E74 
 1626      00
 1627              	.LASF85:
 1628 04af 4359424C 		.ascii	"CYBLE_EVT_LE_PING_AUTH_TIMEOUT\000"
 1628      455F4556 
 1628      545F4C45 
 1628      5F50494E 
 1628      475F4155 
 1629              	.LASF112:
 1630 04ce 61647654 		.ascii	"advTo\000"
 1630      6F00
 1631              	.LASF5:
 1632 04d4 6C6F6E67 		.ascii	"long unsigned int\000"
 1632      20756E73 
 1632      69676E65 
 1632      6420696E 
 1632      7400
 1633              	.LASF44:
 1634 04e6 4359424C 		.ascii	"CYBLE_EVT_GAP_CONN_ESTB\000"
 1634      455F4556 
 1634      545F4741 
 1634      505F434F 
 1634      4E4E5F45 
 1635              	.LASF157:
 1636 04fe 433A5C55 		.ascii	"C:\\Users\\run1009\\Documents\\Mesh_Flood_DIR_Senso"
 1636      73657273 
ARM GAS  C:\Users\run1009\AppData\Local\Temp\cciqnwef.s 			page 38


 1636      5C72756E 
 1636      31303039 
 1636      5C446F63 
 1637 052d 725C4D65 		.ascii	"r\\Mesh_Flood_DIR_Sensor.cydsn\000"
 1637      73685F46 
 1637      6C6F6F64 
 1637      5F444952 
 1637      5F53656E 
 1638              	.LASF60:
 1639 054b 4359424C 		.ascii	"CYBLE_EVT_GATTS_WRITE_REQ\000"
 1639      455F4556 
 1639      545F4741 
 1639      5454535F 
 1639      57524954 
 1640              	.LASF52:
 1641 0565 4359424C 		.ascii	"CYBLE_EVT_GATTC_XCHNG_MTU_RSP\000"
 1641      455F4556 
 1641      545F4741 
 1641      5454435F 
 1641      5843484E 
 1642              	.LASF69:
 1643 0583 4359424C 		.ascii	"CYBLE_EVT_GATTS_DATA_SIGNED_CMD_REQ\000"
 1643      455F4556 
 1643      545F4741 
 1643      5454535F 
 1643      44415441 
 1644              	.LASF72:
 1645 05a7 4359424C 		.ascii	"CYBLE_EVT_GATTC_LONG_PROCEDURE_END\000"
 1645      455F4556 
 1645      545F4741 
 1645      5454435F 
 1645      4C4F4E47 
 1646              	.LASF109:
 1647 05ca 4359424C 		.ascii	"CYBLE_GAPP_SCAN_RSP_DATA_T\000"
 1647      455F4741 
 1647      50505F53 
 1647      43414E5F 
 1647      5253505F 
 1648              	.LASF3:
 1649 05e5 73686F72 		.ascii	"short unsigned int\000"
 1649      7420756E 
 1649      7369676E 
 1649      65642069 
 1649      6E7400
 1650              	.LASF17:
 1651 05f8 4359424C 		.ascii	"CYBLE_EVT_HOST_INVALID\000"
 1651      455F4556 
 1651      545F484F 
 1651      53545F49 
 1651      4E56414C 
 1652              	.LASF55:
 1653 060f 4359424C 		.ascii	"CYBLE_EVT_GATTC_FIND_INFO_RSP\000"
 1653      455F4556 
 1653      545F4741 
 1653      5454435F 
 1653      46494E44 
 1654              	.LASF23:
ARM GAS  C:\Users\run1009\AppData\Local\Temp\cciqnwef.s 			page 39


 1655 062d 4359424C 		.ascii	"CYBLE_EVT_MEMORY_REQUEST\000"
 1655      455F4556 
 1655      545F4D45 
 1655      4D4F5259 
 1655      5F524551 
 1656              	.LASF64:
 1657 0646 4359424C 		.ascii	"CYBLE_EVT_GATTS_EXEC_WRITE_REQ\000"
 1657      455F4556 
 1657      545F4741 
 1657      5454535F 
 1657      45584543 
 1658              	.LASF26:
 1659 0665 4359424C 		.ascii	"CYBLE_EVT_GAP_PASSKEY_ENTRY_REQUEST\000"
 1659      455F4556 
 1659      545F4741 
 1659      505F5041 
 1659      53534B45 
 1660              	.LASF31:
 1661 0689 4359424C 		.ascii	"CYBLE_EVT_GAP_DEVICE_CONNECTED\000"
 1661      455F4556 
 1661      545F4741 
 1661      505F4445 
 1661      56494345 
 1662              	.LASF156:
 1663 06a8 6D61696E 		.ascii	"main.c\000"
 1663      2E6300
 1664              	.LASF108:
 1665 06af 7363616E 		.ascii	"scanRspDataLen\000"
 1665      52737044 
 1665      6174614C 
 1665      656E00
 1666              	.LASF143:
 1667 06be 6379426C 		.ascii	"cyBle_state\000"
 1667      655F7374 
 1667      61746500 
 1668              	.LASF155:
 1669 06ca 474E5520 		.ascii	"GNU C11 5.4.1 20160609 (release) [ARM/embedded-5-br"
 1669      43313120 
 1669      352E342E 
 1669      31203230 
 1669      31363036 
 1670 06fd 616E6368 		.ascii	"anch revision 237715] -mcpu=cortex-m0 -mthumb -g -O"
 1670      20726576 
 1670      6973696F 
 1670      6E203233 
 1670      37373135 
 1671 0730 30202D66 		.ascii	"0 -ffunction-sections -ffat-lto-objects\000"
 1671      66756E63 
 1671      74696F6E 
 1671      2D736563 
 1671      74696F6E 
 1672              	.LASF49:
 1673 0758 4359424C 		.ascii	"CYBLE_EVT_GATT_CONNECT_IND\000"
 1673      455F4556 
 1673      545F4741 
 1673      54545F43 
 1673      4F4E4E45 
ARM GAS  C:\Users\run1009\AppData\Local\Temp\cciqnwef.s 			page 40


 1674              	.LASF116:
 1675 0773 61747449 		.ascii	"attId\000"
 1675      6400
 1676              	.LASF75:
 1677 0779 4359424C 		.ascii	"CYBLE_EVT_L2CAP_COMMAND_REJ\000"
 1677      455F4556 
 1677      545F4C32 
 1677      4341505F 
 1677      434F4D4D 
 1678              	.LASF24:
 1679 0795 4359424C 		.ascii	"CYBLE_EVT_GAPC_SCAN_PROGRESS_RESULT\000"
 1679      455F4556 
 1679      545F4741 
 1679      50435F53 
 1679      43414E5F 
 1680              	.LASF141:
 1681 07b9 68616E64 		.ascii	"handleValPair\000"
 1681      6C655661 
 1681      6C506169 
 1681      7200
 1682              	.LASF145:
 1683 07c7 63757272 		.ascii	"current_watchdog_counter\000"
 1683      656E745F 
 1683      77617463 
 1683      68646F67 
 1683      5F636F75 
 1684              	.LASF47:
 1685 07e0 4359424C 		.ascii	"CYBLE_EVT_GAP_SMP_LOC_P256_KEYS_GEN_AND_SET_COMPLET"
 1685      455F4556 
 1685      545F4741 
 1685      505F534D 
 1685      505F4C4F 
 1686 0813 4500     		.ascii	"E\000"
 1687              	.LASF76:
 1688 0815 4359424C 		.ascii	"CYBLE_EVT_L2CAP_CBFC_CONN_IND\000"
 1688      455F4556 
 1688      545F4C32 
 1688      4341505F 
 1688      43424643 
 1689              	.LASF54:
 1690 0833 4359424C 		.ascii	"CYBLE_EVT_GATTC_READ_BY_TYPE_RSP\000"
 1690      455F4556 
 1690      545F4741 
 1690      5454435F 
 1690      52454144 
 1691              	.LASF142:
 1692 0854 6379426C 		.ascii	"cyBle_discoveryModeInfo\000"
 1692      655F6469 
 1692      73636F76 
 1692      6572794D 
 1692      6F646549 
 1693              	.LASF16:
 1694 086c 73697A65 		.ascii	"sizetype\000"
 1694      74797065 
 1694      00
 1695              	.LASF15:
 1696 0875 6C6F6E67 		.ascii	"long double\000"
ARM GAS  C:\Users\run1009\AppData\Local\Temp\cciqnwef.s 			page 41


 1696      20646F75 
 1696      626C6500 
 1697              	.LASF98:
 1698 0881 6F776E41 		.ascii	"ownAddrType\000"
 1698      64647254 
 1698      79706500 
 1699              	.LASF29:
 1700 088d 4359424C 		.ascii	"CYBLE_EVT_GAP_AUTH_FAILED\000"
 1700      455F4556 
 1700      545F4741 
 1700      505F4155 
 1700      54485F46 
 1701              	.LASF144:
 1702 08a7 6379426C 		.ascii	"cyBle_connHandle\000"
 1702      655F636F 
 1702      6E6E4861 
 1702      6E646C65 
 1702      00
 1703              	.LASF61:
 1704 08b8 4359424C 		.ascii	"CYBLE_EVT_GATTC_WRITE_RSP\000"
 1704      455F4556 
 1704      545F4741 
 1704      5454435F 
 1704      57524954 
 1705              	.LASF42:
 1706 08d2 4359424C 		.ascii	"CYBLE_EVT_GAPC_DIRECT_ADV_REPORT\000"
 1706      455F4556 
 1706      545F4741 
 1706      50435F44 
 1706      49524543 
 1707              	.LASF40:
 1708 08f3 4359424C 		.ascii	"CYBLE_EVT_GAP_DATA_LENGTH_CHANGE\000"
 1708      455F4556 
 1708      545F4741 
 1708      505F4441 
 1708      54415F4C 
 1709              	.LASF45:
 1710 0914 4359424C 		.ascii	"CYBLE_EVT_GAP_SCAN_REQ_RECVD\000"
 1710      455F4556 
 1710      545F4741 
 1710      505F5343 
 1710      414E5F52 
 1711              	.LASF28:
 1712 0931 4359424C 		.ascii	"CYBLE_EVT_GAP_AUTH_COMPLETE\000"
 1712      455F4556 
 1712      545F4741 
 1712      505F4155 
 1712      54485F43 
 1713              	.LASF66:
 1714 094d 4359424C 		.ascii	"CYBLE_EVT_GATTC_HANDLE_VALUE_NTF\000"
 1714      455F4556 
 1714      545F4741 
 1714      5454435F 
 1714      48414E44 
 1715              	.LASF133:
 1716 096e 4359424C 		.ascii	"CYBLE_SRVI_CUSTOMS\000"
 1716      455F5352 
ARM GAS  C:\Users\run1009\AppData\Local\Temp\cciqnwef.s 			page 42


 1716      56495F43 
 1716      5553544F 
 1716      4D5300
 1717              	.LASF122:
 1718 0981 4359424C 		.ascii	"CYBLE_GATT_HANDLE_VALUE_PAIR_T\000"
 1718      455F4741 
 1718      54545F48 
 1718      414E444C 
 1718      455F5641 
 1719              	.LASF77:
 1720 09a0 4359424C 		.ascii	"CYBLE_EVT_L2CAP_CBFC_CONN_CNF\000"
 1720      455F4556 
 1720      545F4C32 
 1720      4341505F 
 1720      43424643 
 1721              	.LASF53:
 1722 09be 4359424C 		.ascii	"CYBLE_EVT_GATTC_READ_BY_GROUP_TYPE_RSP\000"
 1722      455F4556 
 1722      545F4741 
 1722      5454435F 
 1722      52454144 
 1723              	.LASF12:
 1724 09e5 666C6F61 		.ascii	"float\000"
 1724      7400
 1725              	.LASF139:
 1726 09eb 73666C61 		.ascii	"sflashPtr\000"
 1726      73685074 
 1726      7200
 1727              	.LASF68:
 1728 09f5 4359424C 		.ascii	"CYBLE_EVT_GATTS_HANDLE_VALUE_CNF\000"
 1728      455F4556 
 1728      545F4741 
 1728      5454535F 
 1728      48414E44 
 1729              	.LASF138:
 1730 0a16 68775265 		.ascii	"hwRegConnected\000"
 1730      67436F6E 
 1730      6E656374 
 1730      656400
 1731              	.LASF105:
 1732 0a25 61647644 		.ascii	"advDataLen\000"
 1732      6174614C 
 1732      656E00
 1733              	.LASF99:
 1734 0a30 64697265 		.ascii	"directAddrType\000"
 1734      63744164 
 1734      64725479 
 1734      706500
 1735              	.LASF1:
 1736 0a3f 756E7369 		.ascii	"unsigned char\000"
 1736      676E6564 
 1736      20636861 
 1736      7200
 1737              	.LASF10:
 1738 0a4d 75696E74 		.ascii	"uint16\000"
 1738      313600
 1739              	.LASF38:
ARM GAS  C:\Users\run1009\AppData\Local\Temp\cciqnwef.s 			page 43


 1740 0a54 4359424C 		.ascii	"CYBLE_EVT_GAP_KEYPRESS_NOTIFICATION\000"
 1740      455F4556 
 1740      545F4741 
 1740      505F4B45 
 1740      59505245 
 1741              	.LASF148:
 1742 0a78 64617461 		.ascii	"dataADVCounterFromAnotherNode\000"
 1742      41445643 
 1742      6F756E74 
 1742      65724672 
 1742      6F6D416E 
 1743              	.LASF128:
 1744 0a96 4359424C 		.ascii	"CYBLE_STATE_CONNECTING\000"
 1744      455F5354 
 1744      4154455F 
 1744      434F4E4E 
 1744      45435449 
 1745              	.LASF137:
 1746 0aad 496E6974 		.ascii	"InitializeSystem\000"
 1746      69616C69 
 1746      7A655379 
 1746      7374656D 
 1746      00
 1747              	.LASF2:
 1748 0abe 73686F72 		.ascii	"short int\000"
 1748      7420696E 
 1748      7400
 1749              	.LASF67:
 1750 0ac8 4359424C 		.ascii	"CYBLE_EVT_GATTC_HANDLE_VALUE_IND\000"
 1750      455F4556 
 1750      545F4741 
 1750      5454435F 
 1750      48414E44 
 1751              	.LASF96:
 1752 0ae9 61647649 		.ascii	"advIntvMax\000"
 1752      6E74764D 
 1752      617800
 1753              	.LASF86:
 1754 0af4 4359424C 		.ascii	"CYBLE_EVT_HCI_PKT\000"
 1754      455F4556 
 1754      545F4843 
 1754      495F504B 
 1754      5400
 1755              	.LASF63:
 1756 0b06 4359424C 		.ascii	"CYBLE_EVT_GATTS_PREP_WRITE_REQ\000"
 1756      455F4556 
 1756      545F4741 
 1756      5454535F 
 1756      50524550 
 1757              	.LASF95:
 1758 0b25 61647649 		.ascii	"advIntvMin\000"
 1758      6E74764D 
 1758      696E00
 1759              	.LASF93:
 1760 0b30 4359424C 		.ascii	"CYBLE_GAPP_CONNECTABLE_LOW_DC_DIRECTED_ADV\000"
 1760      455F4741 
 1760      50505F43 
ARM GAS  C:\Users\run1009\AppData\Local\Temp\cciqnwef.s 			page 44


 1760      4F4E4E45 
 1760      43544142 
 1761              	.LASF104:
 1762 0b5b 61647644 		.ascii	"advData\000"
 1762      61746100 
 1763              	.LASF94:
 1764 0b63 4359424C 		.ascii	"CYBLE_GAPP_ADV_T\000"
 1764      455F4741 
 1764      50505F41 
 1764      44565F54 
 1764      00
 1765              	.LASF48:
 1766 0b74 4359424C 		.ascii	"CYBLE_EVT_GATTC_ERROR_RSP\000"
 1766      455F4556 
 1766      545F4741 
 1766      5454435F 
 1766      4552524F 
 1767              	.LASF43:
 1768 0b8e 4359424C 		.ascii	"CYBLE_EVT_GAP_SMP_NEGOTIATED_AUTH_INFO\000"
 1768      455F4556 
 1768      545F4741 
 1768      505F534D 
 1768      505F4E45 
 1769              	.LASF135:
 1770 0bb5 4359424C 		.ascii	"CYBLE_SRVI_COUNT\000"
 1770      455F5352 
 1770      56495F43 
 1770      4F554E54 
 1770      00
 1771              	.LASF131:
 1772 0bc6 4359424C 		.ascii	"CYBLE_SRVI_GAP\000"
 1772      455F5352 
 1772      56495F47 
 1772      415000
 1773              	.LASF151:
 1774 0bd5 73656E73 		.ascii	"sensorReceiveStartedTime\000"
 1774      6F725265 
 1774      63656976 
 1774      65537461 
 1774      72746564 
 1775              	.LASF14:
 1776 0bee 63686172 		.ascii	"char\000"
 1776      00
 1777              	.LASF59:
 1778 0bf3 4359424C 		.ascii	"CYBLE_EVT_GATTC_READ_MULTI_RSP\000"
 1778      455F4556 
 1778      545F4741 
 1778      5454435F 
 1778      52454144 
 1779              	.LASF32:
 1780 0c12 4359424C 		.ascii	"CYBLE_EVT_GAP_DEVICE_DISCONNECTED\000"
 1780      455F4556 
 1780      545F4741 
 1780      505F4445 
 1780      56494345 
 1781              	.LASF132:
 1782 0c34 4359424C 		.ascii	"CYBLE_SRVI_GATT\000"
ARM GAS  C:\Users\run1009\AppData\Local\Temp\cciqnwef.s 			page 45


 1782      455F5352 
 1782      56495F47 
 1782      41545400 
 1783              	.LASF71:
 1784 0c44 4359424C 		.ascii	"CYBLE_EVT_GATTS_READ_CHAR_VAL_ACCESS_REQ\000"
 1784      455F4556 
 1784      545F4741 
 1784      5454535F 
 1784      52454144 
 1785              	.LASF81:
 1786 0c6d 4359424C 		.ascii	"CYBLE_EVT_L2CAP_CBFC_RX_CREDIT_IND\000"
 1786      455F4556 
 1786      545F4C32 
 1786      4341505F 
 1786      43424643 
 1787              	.LASF103:
 1788 0c90 4359424C 		.ascii	"CYBLE_GAPP_DISC_PARAM_T\000"
 1788      455F4741 
 1788      50505F44 
 1788      4953435F 
 1788      50415241 
 1789              	.LASF140:
 1790 0ca8 72656164 		.ascii	"readData\000"
 1790      44617461 
 1790      00
 1791              	.LASF82:
 1792 0cb1 4359424C 		.ascii	"CYBLE_EVT_L2CAP_CBFC_TX_CREDIT_IND\000"
 1792      455F4556 
 1792      545F4C32 
 1792      4341505F 
 1792      43424643 
 1793              	.LASF27:
 1794 0cd4 4359424C 		.ascii	"CYBLE_EVT_GAP_PASSKEY_DISPLAY_REQUEST\000"
 1794      455F4556 
 1794      545F4741 
 1794      505F5041 
 1794      53534B45 
 1795              	.LASF20:
 1796 0cfa 4359424C 		.ascii	"CYBLE_EVT_HARDWARE_ERROR\000"
 1796      455F4556 
 1796      545F4841 
 1796      52445741 
 1796      52455F45 
 1797              	.LASF150:
 1798 0d13 6E6F6465 		.ascii	"node_address\000"
 1798      5F616464 
 1798      72657373 
 1798      00
 1799              	.LASF39:
 1800 0d20 4359424C 		.ascii	"CYBLE_EVT_GAP_OOB_GENERATED_NOTIFICATION\000"
 1800      455F4556 
 1800      545F4741 
 1800      505F4F4F 
 1800      425F4745 
 1801              	.LASF51:
 1802 0d49 4359424C 		.ascii	"CYBLE_EVT_GATTS_XCNHG_MTU_REQ\000"
 1802      455F4556 
ARM GAS  C:\Users\run1009\AppData\Local\Temp\cciqnwef.s 			page 46


 1802      545F4741 
 1802      5454535F 
 1802      58434E48 
 1803              	.LASF113:
 1804 0d67 4359424C 		.ascii	"CYBLE_GAPP_DISC_MODE_INFO_T\000"
 1804      455F4741 
 1804      50505F44 
 1804      4953435F 
 1804      4D4F4445 
 1805              	.LASF111:
 1806 0d83 61647650 		.ascii	"advParam\000"
 1806      6172616D 
 1806      00
 1807              	.LASF89:
 1808 0d8c 4359424C 		.ascii	"CYBLE_GAPP_CONNECTABLE_UNDIRECTED_ADV\000"
 1808      455F4741 
 1808      50505F43 
 1808      4F4E4E45 
 1808      43544142 
 1809              	.LASF130:
 1810 0db2 4359424C 		.ascii	"CYBLE_STATE_T\000"
 1810      455F5354 
 1810      4154455F 
 1810      5400
 1811              	.LASF92:
 1812 0dc0 4359424C 		.ascii	"CYBLE_GAPP_NON_CONNECTABLE_UNDIRECTED_ADV\000"
 1812      455F4741 
 1812      50505F4E 
 1812      4F4E5F43 
 1812      4F4E4E45 
 1813              	.LASF124:
 1814 0dea 4359424C 		.ascii	"CYBLE_STATE_INITIALIZING\000"
 1814      455F5354 
 1814      4154455F 
 1814      494E4954 
 1814      49414C49 
 1815              	.LASF125:
 1816 0e03 4359424C 		.ascii	"CYBLE_STATE_CONNECTED\000"
 1816      455F5354 
 1816      4154455F 
 1816      434F4E4E 
 1816      45435445 
 1817              	.LASF56:
 1818 0e19 4359424C 		.ascii	"CYBLE_EVT_GATTC_FIND_BY_TYPE_VALUE_RSP\000"
 1818      455F4556 
 1818      545F4741 
 1818      5454435F 
 1818      46494E44 
 1819              	.LASF36:
 1820 0e40 4359424C 		.ascii	"CYBLE_EVT_GAP_KEYINFO_EXCHNGE_CMPLT\000"
 1820      455F4556 
 1820      545F4741 
 1820      505F4B45 
 1820      59494E46 
 1821              	.LASF78:
 1822 0e64 4359424C 		.ascii	"CYBLE_EVT_L2CAP_CBFC_DISCONN_IND\000"
 1822      455F4556 
ARM GAS  C:\Users\run1009\AppData\Local\Temp\cciqnwef.s 			page 47


 1822      545F4C32 
 1822      4341505F 
 1822      43424643 
 1823              	.LASF74:
 1824 0e85 4359424C 		.ascii	"CYBLE_EVT_L2CAP_CONN_PARAM_UPDATE_RSP\000"
 1824      455F4556 
 1824      545F4C32 
 1824      4341505F 
 1824      434F4E4E 
 1825              	.LASF136:
 1826 0eab 6D61696E 		.ascii	"main\000"
 1826      00
 1827              	.LASF41:
 1828 0eb0 4359424C 		.ascii	"CYBLE_EVT_GAP_ENHANCE_CONN_COMPLETE\000"
 1828      455F4556 
 1828      545F4741 
 1828      505F454E 
 1828      48414E43 
 1829              	.LASF114:
 1830 0ed4 4359424C 		.ascii	"CYBLE_GATT_DB_ATTR_HANDLE_T\000"
 1830      455F4741 
 1830      54545F44 
 1830      425F4154 
 1830      54525F48 
 1831              	.LASF50:
 1832 0ef0 4359424C 		.ascii	"CYBLE_EVT_GATT_DISCONNECT_IND\000"
 1832      455F4556 
 1832      545F4741 
 1832      54545F44 
 1832      4953434F 
 1833              	.LASF87:
 1834 0f0e 4359424C 		.ascii	"CYBLE_EVT_FLASH_CORRUPT\000"
 1834      455F4556 
 1834      545F464C 
 1834      4153485F 
 1834      434F5252 
 1835              		.ident	"GCC: (GNU Tools for ARM Embedded Processors) 5.4.1 20160609 (release) [ARM/embedded-5-bran
