ARM GAS  C:\Users\run1009\AppData\Local\Temp\ccyCEo1d.s 			page 1


   1              		.syntax unified
   2              		.cpu cortex-m0
   3              		.fpu softvfp
   4              		.eabi_attribute 20, 1
   5              		.eabi_attribute 21, 1
   6              		.eabi_attribute 23, 3
   7              		.eabi_attribute 24, 1
   8              		.eabi_attribute 25, 1
   9              		.eabi_attribute 26, 1
  10              		.eabi_attribute 30, 6
  11              		.eabi_attribute 34, 0
  12              		.eabi_attribute 18, 4
  13              		.thumb
  14              		.syntax unified
  15              		.file	"sensor_process.c"
  16              		.text
  17              	.Ltext0:
  18              		.cfi_sections	.debug_frame
  19              		.global	check_pressed
  20              		.bss
  21              		.type	check_pressed, %object
  22              		.size	check_pressed, 1
  23              	check_pressed:
  24 0000 00       		.space	1
  25              		.section	.rodata
  26              		.align	2
  27              	.LC2:
  28 0000 54696D65 		.ascii	"Time to get sensor data:  \000"
  28      20746F20 
  28      67657420 
  28      73656E73 
  28      6F722064 
  29              		.section	.text.CheckSensorStatus,"ax",%progbits
  30              		.align	2
  31              		.global	CheckSensorStatus
  32              		.code	16
  33              		.thumb_func
  34              		.type	CheckSensorStatus, %function
  35              	CheckSensorStatus:
  36              	.LFB36:
  37              		.file 1 "sensor_process.c"
   1:sensor_process.c **** /*******************************************************************************
   2:sensor_process.c **** * File Name: sensor_process.c
   3:sensor_process.c **** *
   4:sensor_process.c **** * Version: 1.0
   5:sensor_process.c **** *
   6:sensor_process.c **** * Description:
   7:sensor_process.c **** * This file contains the definiton for sensor related functions.
   8:sensor_process.c **** *
   9:sensor_process.c **** ********************************************************************************
  10:sensor_process.c **** * Copyright 2015, Cypress Semiconductor Corporation.  All rights reserved.
  11:sensor_process.c **** * You may use this file only in accordance with the license, terms, conditions,
  12:sensor_process.c **** * disclaimers, and limitations in the end user license agreement accompanying
  13:sensor_process.c **** * the software package with which this file was provided.
  14:sensor_process.c **** *******************************************************************************/
  15:sensor_process.c **** /*******************************************************************************
  16:sensor_process.c **** * For this project, the sensor input is the button press and sensor data is
ARM GAS  C:\Users\run1009\AppData\Local\Temp\ccyCEo1d.s 			page 2


  17:sensor_process.c **** * a new RGB LED data to all nodes.
  18:sensor_process.c **** *******************************************************************************/
  19:sensor_process.c **** 
  20:sensor_process.c **** #include <main.h>
  21:sensor_process.c **** extern uint8 ble_gap_state;
  22:sensor_process.c **** extern uint8 RGBData[];
  23:sensor_process.c **** extern uint8 switch_Role;
  24:sensor_process.c **** extern uint8 dataADVCounter;
  25:sensor_process.c **** 
  26:sensor_process.c **** uint8 check_pressed = FALSE;
  27:sensor_process.c **** 
  28:sensor_process.c **** /*******************************************************************************
  29:sensor_process.c **** * Function Name: CheckSensorStatus
  30:sensor_process.c **** ********************************************************************************
  31:sensor_process.c **** * Summary:
  32:sensor_process.c **** *        Scans for new sensor data and initiates BLE data transfer over Mesh, if
  33:sensor_process.c **** * new sensor data found. 
  34:sensor_process.c **** * For this project, the sensor input is User switch and sensor data is a new RGB 
  35:sensor_process.c **** * LED data sent to all the nodes (broadcast)
  36:sensor_process.c **** *
  37:sensor_process.c **** * Parameters:
  38:sensor_process.c **** *  void
  39:sensor_process.c **** *
  40:sensor_process.c **** * Return:
  41:sensor_process.c **** *  void
  42:sensor_process.c **** *
  43:sensor_process.c **** *******************************************************************************/
  44:sensor_process.c **** void CheckSensorStatus(void)
  45:sensor_process.c **** {
  38              		.loc 1 45 0
  39              		.cfi_startproc
  40              		@ args = 0, pretend = 0, frame = 0
  41              		@ frame_needed = 1, uses_anonymous_args = 0
  42 0000 80B5     		push	{r7, lr}
  43              		.cfi_def_cfa_offset 8
  44              		.cfi_offset 7, -8
  45              		.cfi_offset 14, -4
  46 0002 00AF     		add	r7, sp, #0
  47              		.cfi_def_cfa_register 7
  46:sensor_process.c **** 	/* Is ISR registered a button press... */
  47:sensor_process.c **** 	//if(TRUE == check_pressed)
  48:sensor_process.c **** 	//{
  49:sensor_process.c **** 		/* Change color (new sensor data) only when the node is in
  50:sensor_process.c **** 		* peripheral mode and advertising */
  51:sensor_process.c **** 		if((BLE_PERIPHERAL == ble_gap_state)
  48              		.loc 1 51 0
  49 0004 094B     		ldr	r3, .L4
  50 0006 1B78     		ldrb	r3, [r3]
  51 0008 012B     		cmp	r3, #1
  52 000a 0CD1     		bne	.L3
  52:sensor_process.c **** 			&& (CYBLE_STATE_ADVERTISING == CyBle_GetState()))
  53              		.loc 1 52 0
  54 000c 084B     		ldr	r3, .L4+4
  55 000e 1B78     		ldrb	r3, [r3]
  56 0010 032B     		cmp	r3, #3
  57 0012 08D1     		bne	.L3
  53:sensor_process.c **** 		{
ARM GAS  C:\Users\run1009\AppData\Local\Temp\ccyCEo1d.s 			page 3


  54:sensor_process.c **** 			#if (DEBUG_ENABLED == 1)
  55:sensor_process.c **** 			UART_UartPutString("Time to get sensor data:  ");
  58              		.loc 1 55 0
  59 0014 074B     		ldr	r3, .L4+8
  60 0016 1800     		movs	r0, r3
  61 0018 FFF7FEFF 		bl	UART_UartPutString
  56:sensor_process.c **** 			UART_UartPutCRLF(' ');
  62              		.loc 1 56 0
  63 001c 2020     		movs	r0, #32
  64 001e FFF7FEFF 		bl	UART_UartPutCRLF
  57:sensor_process.c **** 			#endif
  58:sensor_process.c **** 			
  59:sensor_process.c **** 			/* Set the next RGB LED color as reflection of new sensor data.
  60:sensor_process.c **** 			* Broadcast to all. */
  61:sensor_process.c **** 			SetNextColor();	
  65              		.loc 1 61 0
  66 0022 FFF7FEFF 		bl	SetNextColor
  67              	.L3:
  62:sensor_process.c **** 		}
  63:sensor_process.c **** 		
  64:sensor_process.c **** 		/* Reset flag */
  65:sensor_process.c **** 		//check_pressed = FALSE;
  66:sensor_process.c **** 	//}
  67:sensor_process.c **** }
  68              		.loc 1 67 0
  69 0026 C046     		nop
  70 0028 BD46     		mov	sp, r7
  71              		@ sp needed
  72 002a 80BD     		pop	{r7, pc}
  73              	.L5:
  74              		.align	2
  75              	.L4:
  76 002c 00000000 		.word	ble_gap_state
  77 0030 00000000 		.word	cyBle_state
  78 0034 00000000 		.word	.LC2
  79              		.cfi_endproc
  80              	.LFE36:
  81              		.size	CheckSensorStatus, .-CheckSensorStatus
  82              		.section	.rodata
  83 001b 00       		.align	2
  84              	.LC8:
  85 001c 73776974 		.ascii	"switch_Role called from SetNextColor() \000"
  85      63685F52 
  85      6F6C6520 
  85      63616C6C 
  85      65642066 
  86              		.section	.text.SetNextColor,"ax",%progbits
  87              		.align	2
  88              		.global	SetNextColor
  89              		.code	16
  90              		.thumb_func
  91              		.type	SetNextColor, %function
  92              	SetNextColor:
  93              	.LFB37:
  68:sensor_process.c **** 
  69:sensor_process.c **** /*******************************************************************************
  70:sensor_process.c **** * Function Name: SetNextColor
ARM GAS  C:\Users\run1009\AppData\Local\Temp\ccyCEo1d.s 			page 4


  71:sensor_process.c **** ********************************************************************************
  72:sensor_process.c **** * Summary:
  73:sensor_process.c **** *        Sets next RGB color and intensity data
  74:sensor_process.c **** *
  75:sensor_process.c **** * Parameters:
  76:sensor_process.c **** *  Global variables for R,G,B and intensity
  77:sensor_process.c **** *
  78:sensor_process.c **** * Return:
  79:sensor_process.c **** *  void
  80:sensor_process.c **** *
  81:sensor_process.c **** *******************************************************************************/
  82:sensor_process.c **** void SetNextColor(void)
  83:sensor_process.c **** {
  94              		.loc 1 83 0
  95              		.cfi_startproc
  96              		@ args = 0, pretend = 0, frame = 8
  97              		@ frame_needed = 1, uses_anonymous_args = 0
  98 0000 80B5     		push	{r7, lr}
  99              		.cfi_def_cfa_offset 8
 100              		.cfi_offset 7, -8
 101              		.cfi_offset 14, -4
 102 0002 82B0     		sub	sp, sp, #8
 103              		.cfi_def_cfa_offset 16
 104 0004 00AF     		add	r7, sp, #0
 105              		.cfi_def_cfa_register 7
  84:sensor_process.c **** 	/* State variable for controlling color */
  85:sensor_process.c **** 	static uint8 color_state = COLOR_STATE_RED;
  86:sensor_process.c **** 	uint8 red, green, blue, intensity;
  87:sensor_process.c **** 	
  88:sensor_process.c **** 	switch(color_state)
 106              		.loc 1 88 0
 107 0006 614B     		ldr	r3, .L18
 108 0008 1B78     		ldrb	r3, [r3]
 109 000a 082B     		cmp	r3, #8
 110 000c 00D9     		bls	.LCB57
 111 000e 84E0     		b	.L7	@long jump
 112              	.LCB57:
 113 0010 9A00     		lsls	r2, r3, #2
 114 0012 5F4B     		ldr	r3, .L18+4
 115 0014 D318     		adds	r3, r2, r3
 116 0016 1B68     		ldr	r3, [r3]
 117 0018 9F46     		mov	pc, r3
 118              		.section	.rodata
 119              		.align	2
 120              	.L9:
 121 0044 1A010000 		.word	.L7
 122 0048 1A000000 		.word	.L8
 123 004c 3A000000 		.word	.L10
 124 0050 5A000000 		.word	.L11
 125 0054 7A000000 		.word	.L12
 126 0058 9A000000 		.word	.L13
 127 005c BA000000 		.word	.L14
 128 0060 DA000000 		.word	.L15
 129 0064 FA000000 		.word	.L16
 130              		.section	.text.SetNextColor
 131              	.L8:
  89:sensor_process.c **** 	{
ARM GAS  C:\Users\run1009\AppData\Local\Temp\ccyCEo1d.s 			page 5


  90:sensor_process.c **** 		case COLOR_STATE_RED:
  91:sensor_process.c **** 			red = 0xFF;
 132              		.loc 1 91 0
 133 001a FB1D     		adds	r3, r7, #7
 134 001c FF22     		movs	r2, #255
 135 001e 1A70     		strb	r2, [r3]
  92:sensor_process.c **** 			green = 0x00;
 136              		.loc 1 92 0
 137 0020 BB1D     		adds	r3, r7, #6
 138 0022 0022     		movs	r2, #0
 139 0024 1A70     		strb	r2, [r3]
  93:sensor_process.c **** 			blue = 0x00;
 140              		.loc 1 93 0
 141 0026 7B1D     		adds	r3, r7, #5
 142 0028 0022     		movs	r2, #0
 143 002a 1A70     		strb	r2, [r3]
  94:sensor_process.c **** 			intensity = 0xFF;
 144              		.loc 1 94 0
 145 002c 3B1D     		adds	r3, r7, #4
 146 002e FF22     		movs	r2, #255
 147 0030 1A70     		strb	r2, [r3]
  95:sensor_process.c **** 		
  96:sensor_process.c **** 			color_state = COLOR_STATE_GREEN;
 148              		.loc 1 96 0
 149 0032 564B     		ldr	r3, .L18
 150 0034 0222     		movs	r2, #2
 151 0036 1A70     		strb	r2, [r3]
  97:sensor_process.c **** 		break;
 152              		.loc 1 97 0
 153 0038 7FE0     		b	.L17
 154              	.L10:
  98:sensor_process.c **** 		
  99:sensor_process.c **** 		case COLOR_STATE_GREEN:
 100:sensor_process.c **** 			red = 0x00;
 155              		.loc 1 100 0
 156 003a FB1D     		adds	r3, r7, #7
 157 003c 0022     		movs	r2, #0
 158 003e 1A70     		strb	r2, [r3]
 101:sensor_process.c **** 			green = 0xFF;
 159              		.loc 1 101 0
 160 0040 BB1D     		adds	r3, r7, #6
 161 0042 FF22     		movs	r2, #255
 162 0044 1A70     		strb	r2, [r3]
 102:sensor_process.c **** 			blue = 0x00;
 163              		.loc 1 102 0
 164 0046 7B1D     		adds	r3, r7, #5
 165 0048 0022     		movs	r2, #0
 166 004a 1A70     		strb	r2, [r3]
 103:sensor_process.c **** 			intensity = 0xFF;
 167              		.loc 1 103 0
 168 004c 3B1D     		adds	r3, r7, #4
 169 004e FF22     		movs	r2, #255
 170 0050 1A70     		strb	r2, [r3]
 104:sensor_process.c **** 		
 105:sensor_process.c **** 			color_state = COLOR_STATE_BLUE;
 171              		.loc 1 105 0
 172 0052 4E4B     		ldr	r3, .L18
ARM GAS  C:\Users\run1009\AppData\Local\Temp\ccyCEo1d.s 			page 6


 173 0054 0322     		movs	r2, #3
 174 0056 1A70     		strb	r2, [r3]
 106:sensor_process.c **** 		break;
 175              		.loc 1 106 0
 176 0058 6FE0     		b	.L17
 177              	.L11:
 107:sensor_process.c **** 		
 108:sensor_process.c **** 		case COLOR_STATE_BLUE:
 109:sensor_process.c **** 			red = 0x00;
 178              		.loc 1 109 0
 179 005a FB1D     		adds	r3, r7, #7
 180 005c 0022     		movs	r2, #0
 181 005e 1A70     		strb	r2, [r3]
 110:sensor_process.c **** 			green = 0x00;
 182              		.loc 1 110 0
 183 0060 BB1D     		adds	r3, r7, #6
 184 0062 0022     		movs	r2, #0
 185 0064 1A70     		strb	r2, [r3]
 111:sensor_process.c **** 			blue = 0xFF;
 186              		.loc 1 111 0
 187 0066 7B1D     		adds	r3, r7, #5
 188 0068 FF22     		movs	r2, #255
 189 006a 1A70     		strb	r2, [r3]
 112:sensor_process.c **** 			intensity = 0xFF;
 190              		.loc 1 112 0
 191 006c 3B1D     		adds	r3, r7, #4
 192 006e FF22     		movs	r2, #255
 193 0070 1A70     		strb	r2, [r3]
 113:sensor_process.c **** 		
 114:sensor_process.c **** 			color_state = COLOR_STATE_YELLOW;
 194              		.loc 1 114 0
 195 0072 464B     		ldr	r3, .L18
 196 0074 0422     		movs	r2, #4
 197 0076 1A70     		strb	r2, [r3]
 115:sensor_process.c **** 		break;
 198              		.loc 1 115 0
 199 0078 5FE0     		b	.L17
 200              	.L12:
 116:sensor_process.c **** 		
 117:sensor_process.c **** 		case COLOR_STATE_YELLOW:
 118:sensor_process.c **** 			red = 0xFF;
 201              		.loc 1 118 0
 202 007a FB1D     		adds	r3, r7, #7
 203 007c FF22     		movs	r2, #255
 204 007e 1A70     		strb	r2, [r3]
 119:sensor_process.c **** 			green = 0xFF;
 205              		.loc 1 119 0
 206 0080 BB1D     		adds	r3, r7, #6
 207 0082 FF22     		movs	r2, #255
 208 0084 1A70     		strb	r2, [r3]
 120:sensor_process.c **** 			blue = 0x00;
 209              		.loc 1 120 0
 210 0086 7B1D     		adds	r3, r7, #5
 211 0088 0022     		movs	r2, #0
 212 008a 1A70     		strb	r2, [r3]
 121:sensor_process.c **** 			intensity = 0xFF;
 213              		.loc 1 121 0
ARM GAS  C:\Users\run1009\AppData\Local\Temp\ccyCEo1d.s 			page 7


 214 008c 3B1D     		adds	r3, r7, #4
 215 008e FF22     		movs	r2, #255
 216 0090 1A70     		strb	r2, [r3]
 122:sensor_process.c **** 		
 123:sensor_process.c **** 			color_state = COLOR_STATE_CYAN;
 217              		.loc 1 123 0
 218 0092 3E4B     		ldr	r3, .L18
 219 0094 0522     		movs	r2, #5
 220 0096 1A70     		strb	r2, [r3]
 124:sensor_process.c **** 		break;
 221              		.loc 1 124 0
 222 0098 4FE0     		b	.L17
 223              	.L13:
 125:sensor_process.c **** 		
 126:sensor_process.c **** 		case COLOR_STATE_CYAN:
 127:sensor_process.c **** 			red = 0x00;
 224              		.loc 1 127 0
 225 009a FB1D     		adds	r3, r7, #7
 226 009c 0022     		movs	r2, #0
 227 009e 1A70     		strb	r2, [r3]
 128:sensor_process.c **** 			green = 0xFF;
 228              		.loc 1 128 0
 229 00a0 BB1D     		adds	r3, r7, #6
 230 00a2 FF22     		movs	r2, #255
 231 00a4 1A70     		strb	r2, [r3]
 129:sensor_process.c **** 			blue = 0xFF;
 232              		.loc 1 129 0
 233 00a6 7B1D     		adds	r3, r7, #5
 234 00a8 FF22     		movs	r2, #255
 235 00aa 1A70     		strb	r2, [r3]
 130:sensor_process.c **** 			intensity = 0xFF;
 236              		.loc 1 130 0
 237 00ac 3B1D     		adds	r3, r7, #4
 238 00ae FF22     		movs	r2, #255
 239 00b0 1A70     		strb	r2, [r3]
 131:sensor_process.c **** 		
 132:sensor_process.c **** 			color_state = COLOR_STATE_PURPLE;
 240              		.loc 1 132 0
 241 00b2 364B     		ldr	r3, .L18
 242 00b4 0622     		movs	r2, #6
 243 00b6 1A70     		strb	r2, [r3]
 133:sensor_process.c **** 		break;
 244              		.loc 1 133 0
 245 00b8 3FE0     		b	.L17
 246              	.L14:
 134:sensor_process.c **** 		
 135:sensor_process.c **** 		case COLOR_STATE_PURPLE:
 136:sensor_process.c **** 			red = 0xFF;
 247              		.loc 1 136 0
 248 00ba FB1D     		adds	r3, r7, #7
 249 00bc FF22     		movs	r2, #255
 250 00be 1A70     		strb	r2, [r3]
 137:sensor_process.c **** 			green = 0x00;
 251              		.loc 1 137 0
 252 00c0 BB1D     		adds	r3, r7, #6
 253 00c2 0022     		movs	r2, #0
 254 00c4 1A70     		strb	r2, [r3]
ARM GAS  C:\Users\run1009\AppData\Local\Temp\ccyCEo1d.s 			page 8


 138:sensor_process.c **** 			blue = 0xFF;
 255              		.loc 1 138 0
 256 00c6 7B1D     		adds	r3, r7, #5
 257 00c8 FF22     		movs	r2, #255
 258 00ca 1A70     		strb	r2, [r3]
 139:sensor_process.c **** 			intensity = 0xFF;
 259              		.loc 1 139 0
 260 00cc 3B1D     		adds	r3, r7, #4
 261 00ce FF22     		movs	r2, #255
 262 00d0 1A70     		strb	r2, [r3]
 140:sensor_process.c **** 		
 141:sensor_process.c **** 			color_state = COLOR_STATE_WHITE;
 263              		.loc 1 141 0
 264 00d2 2E4B     		ldr	r3, .L18
 265 00d4 0722     		movs	r2, #7
 266 00d6 1A70     		strb	r2, [r3]
 142:sensor_process.c **** 		break;
 267              		.loc 1 142 0
 268 00d8 2FE0     		b	.L17
 269              	.L15:
 143:sensor_process.c **** 		
 144:sensor_process.c **** 		case COLOR_STATE_WHITE:
 145:sensor_process.c **** 			red = 0xFF;
 270              		.loc 1 145 0
 271 00da FB1D     		adds	r3, r7, #7
 272 00dc FF22     		movs	r2, #255
 273 00de 1A70     		strb	r2, [r3]
 146:sensor_process.c **** 			green = 0xFF;
 274              		.loc 1 146 0
 275 00e0 BB1D     		adds	r3, r7, #6
 276 00e2 FF22     		movs	r2, #255
 277 00e4 1A70     		strb	r2, [r3]
 147:sensor_process.c **** 			blue = 0xFF;
 278              		.loc 1 147 0
 279 00e6 7B1D     		adds	r3, r7, #5
 280 00e8 FF22     		movs	r2, #255
 281 00ea 1A70     		strb	r2, [r3]
 148:sensor_process.c **** 			intensity = 0xFF;
 282              		.loc 1 148 0
 283 00ec 3B1D     		adds	r3, r7, #4
 284 00ee FF22     		movs	r2, #255
 285 00f0 1A70     		strb	r2, [r3]
 149:sensor_process.c **** 		
 150:sensor_process.c **** 			color_state = COLOR_STATE_HALF_INT;
 286              		.loc 1 150 0
 287 00f2 264B     		ldr	r3, .L18
 288 00f4 0822     		movs	r2, #8
 289 00f6 1A70     		strb	r2, [r3]
 151:sensor_process.c **** 		break;
 290              		.loc 1 151 0
 291 00f8 1FE0     		b	.L17
 292              	.L16:
 152:sensor_process.c **** 		
 153:sensor_process.c **** 		case COLOR_STATE_HALF_INT:
 154:sensor_process.c **** 			red = 0xFF;
 293              		.loc 1 154 0
 294 00fa FB1D     		adds	r3, r7, #7
ARM GAS  C:\Users\run1009\AppData\Local\Temp\ccyCEo1d.s 			page 9


 295 00fc FF22     		movs	r2, #255
 296 00fe 1A70     		strb	r2, [r3]
 155:sensor_process.c **** 			green = 0xFF;
 297              		.loc 1 155 0
 298 0100 BB1D     		adds	r3, r7, #6
 299 0102 FF22     		movs	r2, #255
 300 0104 1A70     		strb	r2, [r3]
 156:sensor_process.c **** 			blue = 0xFF;
 301              		.loc 1 156 0
 302 0106 7B1D     		adds	r3, r7, #5
 303 0108 FF22     		movs	r2, #255
 304 010a 1A70     		strb	r2, [r3]
 157:sensor_process.c **** 			intensity = 0x22;
 305              		.loc 1 157 0
 306 010c 3B1D     		adds	r3, r7, #4
 307 010e 2222     		movs	r2, #34
 308 0110 1A70     		strb	r2, [r3]
 158:sensor_process.c **** 		
 159:sensor_process.c **** 			color_state = COLOR_STATE_RED;
 309              		.loc 1 159 0
 310 0112 1E4B     		ldr	r3, .L18
 311 0114 0122     		movs	r2, #1
 312 0116 1A70     		strb	r2, [r3]
 160:sensor_process.c **** 		break;
 313              		.loc 1 160 0
 314 0118 0FE0     		b	.L17
 315              	.L7:
 161:sensor_process.c **** 		
 162:sensor_process.c **** 		default:
 163:sensor_process.c **** 			red = 0xFF;
 316              		.loc 1 163 0
 317 011a FB1D     		adds	r3, r7, #7
 318 011c FF22     		movs	r2, #255
 319 011e 1A70     		strb	r2, [r3]
 164:sensor_process.c **** 			green = 0x00;
 320              		.loc 1 164 0
 321 0120 BB1D     		adds	r3, r7, #6
 322 0122 0022     		movs	r2, #0
 323 0124 1A70     		strb	r2, [r3]
 165:sensor_process.c **** 			blue = 0x00;
 324              		.loc 1 165 0
 325 0126 7B1D     		adds	r3, r7, #5
 326 0128 0022     		movs	r2, #0
 327 012a 1A70     		strb	r2, [r3]
 166:sensor_process.c **** 			intensity = 0xFF;
 328              		.loc 1 166 0
 329 012c 3B1D     		adds	r3, r7, #4
 330 012e FF22     		movs	r2, #255
 331 0130 1A70     		strb	r2, [r3]
 167:sensor_process.c **** 		
 168:sensor_process.c **** 			color_state = COLOR_STATE_RED;	
 332              		.loc 1 168 0
 333 0132 164B     		ldr	r3, .L18
 334 0134 0122     		movs	r2, #1
 335 0136 1A70     		strb	r2, [r3]
 169:sensor_process.c **** 		break;
 336              		.loc 1 169 0
ARM GAS  C:\Users\run1009\AppData\Local\Temp\ccyCEo1d.s 			page 10


 337 0138 C046     		nop
 338              	.L17:
 170:sensor_process.c **** 	}
 171:sensor_process.c **** 	
 172:sensor_process.c **** 	/* Update PrISM parameters for new RGB LED color */
 173:sensor_process.c **** 	RGBData[RGB_RED_INDEX] = red;
 339              		.loc 1 173 0
 340 013a 164B     		ldr	r3, .L18+8
 341 013c FA1D     		adds	r2, r7, #7
 342 013e 1278     		ldrb	r2, [r2]
 343 0140 1A70     		strb	r2, [r3]
 174:sensor_process.c **** 	RGBData[RGB_GREEN_INDEX] = green;
 344              		.loc 1 174 0
 345 0142 144B     		ldr	r3, .L18+8
 346 0144 BA1D     		adds	r2, r7, #6
 347 0146 1278     		ldrb	r2, [r2]
 348 0148 5A70     		strb	r2, [r3, #1]
 175:sensor_process.c **** 	RGBData[RGB_BLUE_INDEX] = blue;
 349              		.loc 1 175 0
 350 014a 124B     		ldr	r3, .L18+8
 351 014c 7A1D     		adds	r2, r7, #5
 352 014e 1278     		ldrb	r2, [r2]
 353 0150 9A70     		strb	r2, [r3, #2]
 176:sensor_process.c **** 	RGBData[RGB_INTENSITY_INDEX] = intensity;
 354              		.loc 1 176 0
 355 0152 104B     		ldr	r3, .L18+8
 356 0154 3A1D     		adds	r2, r7, #4
 357 0156 1278     		ldrb	r2, [r2]
 358 0158 DA70     		strb	r2, [r3, #3]
 177:sensor_process.c **** 	
 178:sensor_process.c **** 	/* Update PrISM parameters for new  RGB LED data */
 179:sensor_process.c **** 	UpdateRGBled(RGBData, 4);
 359              		.loc 1 179 0
 360 015a 0E4B     		ldr	r3, .L18+8
 361 015c 0421     		movs	r1, #4
 362 015e 1800     		movs	r0, r3
 363 0160 FFF7FEFF 		bl	UpdateRGBled
 180:sensor_process.c **** 	
 181:sensor_process.c **** 	#ifdef ENABLE_ADV_DATA_COUNTER
 182:sensor_process.c **** 	/* Increment the ADV data counter so that scanning Central device knows
 183:sensor_process.c **** 	* if this device has updated RGB LED data or not */
 184:sensor_process.c **** 	//dataADVCounter++;
 185:sensor_process.c **** 	#endif
 186:sensor_process.c **** 	
 187:sensor_process.c **** 	/* Set the role switch flag so that main loop can switch to Central role */
 188:sensor_process.c **** 	switch_Role = TRUE;
 364              		.loc 1 188 0
 365 0164 0C4B     		ldr	r3, .L18+12
 366 0166 0122     		movs	r2, #1
 367 0168 1A70     		strb	r2, [r3]
 189:sensor_process.c **** 	#if (DEBUG_ENABLED == 1)
 190:sensor_process.c **** 		UART_UartPutString("switch_Role called from SetNextColor() ");
 368              		.loc 1 190 0
 369 016a 0C4B     		ldr	r3, .L18+16
 370 016c 1800     		movs	r0, r3
 371 016e FFF7FEFF 		bl	UART_UartPutString
 191:sensor_process.c **** 		SendBLEStatetoUART(CyBle_GetState());
ARM GAS  C:\Users\run1009\AppData\Local\Temp\ccyCEo1d.s 			page 11


 372              		.loc 1 191 0
 373 0172 0B4B     		ldr	r3, .L18+20
 374 0174 1B78     		ldrb	r3, [r3]
 375 0176 1800     		movs	r0, r3
 376 0178 FFF7FEFF 		bl	SendBLEStatetoUART
 192:sensor_process.c **** 		UART_UartPutCRLF(' ');
 377              		.loc 1 192 0
 378 017c 2020     		movs	r0, #32
 379 017e FFF7FEFF 		bl	UART_UartPutCRLF
 193:sensor_process.c **** 	#endif
 194:sensor_process.c **** 	
 195:sensor_process.c **** }
 380              		.loc 1 195 0
 381 0182 C046     		nop
 382 0184 BD46     		mov	sp, r7
 383 0186 02B0     		add	sp, sp, #8
 384              		@ sp needed
 385 0188 80BD     		pop	{r7, pc}
 386              	.L19:
 387 018a C046     		.align	2
 388              	.L18:
 389 018c 00000000 		.word	color_state.8788
 390 0190 44000000 		.word	.L9
 391 0194 00000000 		.word	RGBData
 392 0198 00000000 		.word	switch_Role
 393 019c 1C000000 		.word	.LC8
 394 01a0 00000000 		.word	cyBle_state
 395              		.cfi_endproc
 396              	.LFE37:
 397              		.size	SetNextColor, .-SetNextColor
 398              		.section	.text.Button_ISR,"ax",%progbits
 399              		.align	2
 400              		.global	Button_ISR
 401              		.code	16
 402              		.thumb_func
 403              		.type	Button_ISR, %function
 404              	Button_ISR:
 405              	.LFB38:
 196:sensor_process.c **** 
 197:sensor_process.c **** /*******************************************************************************
 198:sensor_process.c **** * Function Name: Button_ISR
 199:sensor_process.c **** ********************************************************************************
 200:sensor_process.c **** * Summary:
 201:sensor_process.c **** *        ISR for Button Press Event thgough Glitch Filter
 202:sensor_process.c **** *
 203:sensor_process.c **** * Parameters:
 204:sensor_process.c **** *  void
 205:sensor_process.c **** *
 206:sensor_process.c **** * Return:
 207:sensor_process.c **** *  void
 208:sensor_process.c **** *
 209:sensor_process.c **** *******************************************************************************/
 210:sensor_process.c **** void Button_ISR(void)
 211:sensor_process.c **** {
 406              		.loc 1 211 0
 407              		.cfi_startproc
 408              		@ args = 0, pretend = 0, frame = 0
ARM GAS  C:\Users\run1009\AppData\Local\Temp\ccyCEo1d.s 			page 12


 409              		@ frame_needed = 1, uses_anonymous_args = 0
 410 0000 80B5     		push	{r7, lr}
 411              		.cfi_def_cfa_offset 8
 412              		.cfi_offset 7, -8
 413              		.cfi_offset 14, -4
 414 0002 00AF     		add	r7, sp, #0
 415              		.cfi_def_cfa_register 7
 212:sensor_process.c **** 	/* Clear pending button interrupt */
 213:sensor_process.c **** 	isr_button_ClearPending();
 416              		.loc 1 213 0
 417 0004 FFF7FEFF 		bl	isr_button_ClearPending
 214:sensor_process.c **** 	
 215:sensor_process.c **** 	/* Set flag for processing button application */
 216:sensor_process.c **** 	check_pressed = TRUE;
 418              		.loc 1 216 0
 419 0008 024B     		ldr	r3, .L21
 420 000a 0122     		movs	r2, #1
 421 000c 1A70     		strb	r2, [r3]
 217:sensor_process.c **** }
 422              		.loc 1 217 0
 423 000e C046     		nop
 424 0010 BD46     		mov	sp, r7
 425              		@ sp needed
 426 0012 80BD     		pop	{r7, pc}
 427              	.L22:
 428              		.align	2
 429              	.L21:
 430 0014 00000000 		.word	check_pressed
 431              		.cfi_endproc
 432              	.LFE38:
 433              		.size	Button_ISR, .-Button_ISR
 434              		.data
 435              		.type	color_state.8788, %object
 436              		.size	color_state.8788, 1
 437              	color_state.8788:
 438 0000 01       		.byte	1
 439              		.text
 440              	.Letext0:
 441              		.file 2 "Generated_Source\\PSoC4/BLE_Stack.h"
 442              		.file 3 "Generated_Source\\PSoC4/BLE_eventHandler.h"
 443              		.file 4 "Generated_Source\\PSoC4/cytypes.h"
 444              		.section	.debug_info,"",%progbits
 445              	.Ldebug_info0:
 446 0000 8F030000 		.4byte	0x38f
 447 0004 0400     		.2byte	0x4
 448 0006 00000000 		.4byte	.Ldebug_abbrev0
 449 000a 04       		.byte	0x4
 450 000b 01       		.uleb128 0x1
 451 000c 8C040000 		.4byte	.LASF111
 452 0010 0C       		.byte	0xc
 453 0011 22080000 		.4byte	.LASF112
 454 0015 BB050000 		.4byte	.LASF113
 455 0019 00000000 		.4byte	.Ldebug_ranges0+0
 456 001d 00000000 		.4byte	0
 457 0021 00000000 		.4byte	.Ldebug_line0
 458 0025 02       		.uleb128 0x2
 459 0026 01       		.byte	0x1
ARM GAS  C:\Users\run1009\AppData\Local\Temp\ccyCEo1d.s 			page 13


 460 0027 06       		.byte	0x6
 461 0028 57060000 		.4byte	.LASF0
 462 002c 02       		.uleb128 0x2
 463 002d 01       		.byte	0x1
 464 002e 08       		.byte	0x8
 465 002f 8E050000 		.4byte	.LASF1
 466 0033 02       		.uleb128 0x2
 467 0034 02       		.byte	0x2
 468 0035 05       		.byte	0x5
 469 0036 E8000000 		.4byte	.LASF2
 470 003a 02       		.uleb128 0x2
 471 003b 02       		.byte	0x2
 472 003c 07       		.byte	0x7
 473 003d 98070000 		.4byte	.LASF3
 474 0041 02       		.uleb128 0x2
 475 0042 04       		.byte	0x4
 476 0043 05       		.byte	0x5
 477 0044 C1030000 		.4byte	.LASF4
 478 0048 02       		.uleb128 0x2
 479 0049 04       		.byte	0x4
 480 004a 07       		.byte	0x7
 481 004b E8060000 		.4byte	.LASF5
 482 004f 02       		.uleb128 0x2
 483 0050 08       		.byte	0x8
 484 0051 05       		.byte	0x5
 485 0052 83010000 		.4byte	.LASF6
 486 0056 02       		.uleb128 0x2
 487 0057 08       		.byte	0x8
 488 0058 07       		.byte	0x7
 489 0059 89030000 		.4byte	.LASF7
 490 005d 03       		.uleb128 0x3
 491 005e 04       		.byte	0x4
 492 005f 05       		.byte	0x5
 493 0060 696E7400 		.ascii	"int\000"
 494 0064 02       		.uleb128 0x2
 495 0065 04       		.byte	0x4
 496 0066 07       		.byte	0x7
 497 0067 C0060000 		.4byte	.LASF8
 498 006b 04       		.uleb128 0x4
 499 006c 8E080000 		.4byte	.LASF93
 500 0070 04       		.byte	0x4
 501 0071 E401     		.2byte	0x1e4
 502 0073 2C000000 		.4byte	0x2c
 503 0077 02       		.uleb128 0x2
 504 0078 04       		.byte	0x4
 505 0079 04       		.byte	0x4
 506 007a 20030000 		.4byte	.LASF9
 507 007e 02       		.uleb128 0x2
 508 007f 08       		.byte	0x8
 509 0080 04       		.byte	0x4
 510 0081 5E090000 		.4byte	.LASF10
 511 0085 02       		.uleb128 0x2
 512 0086 01       		.byte	0x1
 513 0087 08       		.byte	0x8
 514 0088 1D080000 		.4byte	.LASF11
 515 008c 02       		.uleb128 0x2
 516 008d 08       		.byte	0x8
ARM GAS  C:\Users\run1009\AppData\Local\Temp\ccyCEo1d.s 			page 14


 517 008e 04       		.byte	0x4
 518 008f 5C050000 		.4byte	.LASF12
 519 0093 02       		.uleb128 0x2
 520 0094 04       		.byte	0x4
 521 0095 07       		.byte	0x7
 522 0096 3D010000 		.4byte	.LASF13
 523 009a 05       		.uleb128 0x5
 524 009b 01       		.byte	0x1
 525 009c 2C000000 		.4byte	0x2c
 526 00a0 02       		.byte	0x2
 527 00a1 3501     		.2byte	0x135
 528 00a3 58020000 		.4byte	0x258
 529 00a7 06       		.uleb128 0x6
 530 00a8 A0020000 		.4byte	.LASF14
 531 00ac 00       		.byte	0
 532 00ad 06       		.uleb128 0x6
 533 00ae E5010000 		.4byte	.LASF15
 534 00b2 01       		.byte	0x1
 535 00b3 06       		.uleb128 0x6
 536 00b4 D20A0000 		.4byte	.LASF16
 537 00b8 02       		.byte	0x2
 538 00b9 06       		.uleb128 0x6
 539 00ba CD090000 		.4byte	.LASF17
 540 00be 03       		.byte	0x3
 541 00bf 06       		.uleb128 0x6
 542 00c0 AF010000 		.4byte	.LASF18
 543 00c4 04       		.byte	0x4
 544 00c5 06       		.uleb128 0x6
 545 00c6 52040000 		.4byte	.LASF19
 546 00ca 05       		.byte	0x5
 547 00cb 06       		.uleb128 0x6
 548 00cc 52000000 		.4byte	.LASF20
 549 00d0 06       		.byte	0x6
 550 00d1 06       		.uleb128 0x6
 551 00d2 2B0A0000 		.4byte	.LASF21
 552 00d6 20       		.byte	0x20
 553 00d7 06       		.uleb128 0x6
 554 00d8 FA060000 		.4byte	.LASF22
 555 00dc 21       		.byte	0x21
 556 00dd 06       		.uleb128 0x6
 557 00de 14000000 		.4byte	.LASF23
 558 00e2 22       		.byte	0x22
 559 00e3 06       		.uleb128 0x6
 560 00e4 4F080000 		.4byte	.LASF24
 561 00e8 23       		.byte	0x23
 562 00e9 06       		.uleb128 0x6
 563 00ea A4060000 		.4byte	.LASF25
 564 00ee 24       		.byte	0x24
 565 00ef 06       		.uleb128 0x6
 566 00f0 F2000000 		.4byte	.LASF26
 567 00f4 25       		.byte	0x25
 568 00f5 06       		.uleb128 0x6
 569 00f6 A5090000 		.4byte	.LASF27
 570 00fa 26       		.byte	0x26
 571 00fb 06       		.uleb128 0x6
 572 00fc FB030000 		.4byte	.LASF28
 573 0100 27       		.byte	0x27
ARM GAS  C:\Users\run1009\AppData\Local\Temp\ccyCEo1d.s 			page 15


 574 0101 06       		.uleb128 0x6
 575 0102 7A0B0000 		.4byte	.LASF29
 576 0106 28       		.byte	0x28
 577 0107 06       		.uleb128 0x6
 578 0108 40070000 		.4byte	.LASF30
 579 010c 29       		.byte	0x29
 580 010d 06       		.uleb128 0x6
 581 010e CD070000 		.4byte	.LASF31
 582 0112 2A       		.byte	0x2a
 583 0113 06       		.uleb128 0x6
 584 0114 FE080000 		.4byte	.LASF32
 585 0118 2B       		.byte	0x2b
 586 0119 06       		.uleb128 0x6
 587 011a 3C020000 		.4byte	.LASF33
 588 011e 2C       		.byte	0x2c
 589 011f 06       		.uleb128 0x6
 590 0120 3F030000 		.4byte	.LASF34
 591 0124 2D       		.byte	0x2d
 592 0125 06       		.uleb128 0x6
 593 0126 C4000000 		.4byte	.LASF35
 594 012a 2E       		.byte	0x2e
 595 012b 06       		.uleb128 0x6
 596 012c D70B0000 		.4byte	.LASF36
 597 0130 2F       		.byte	0x2f
 598 0131 06       		.uleb128 0x6
 599 0132 55010000 		.4byte	.LASF37
 600 0136 30       		.byte	0x30
 601 0137 06       		.uleb128 0x6
 602 0138 38050000 		.4byte	.LASF38
 603 013c 31       		.byte	0x31
 604 013d 06       		.uleb128 0x6
 605 013e 68030000 		.4byte	.LASF39
 606 0142 32       		.byte	0x32
 607 0143 06       		.uleb128 0x6
 608 0144 F6070000 		.4byte	.LASF40
 609 0148 33       		.byte	0x33
 610 0149 06       		.uleb128 0x6
 611 014a 5D070000 		.4byte	.LASF41
 612 014e 34       		.byte	0x34
 613 014f 06       		.uleb128 0x6
 614 0150 88090000 		.4byte	.LASF42
 615 0154 35       		.byte	0x35
 616 0155 06       		.uleb128 0x6
 617 0156 A0030000 		.4byte	.LASF43
 618 015a 36       		.byte	0x36
 619 015b 06       		.uleb128 0x6
 620 015c 450B0000 		.4byte	.LASF44
 621 0160 37       		.byte	0x37
 622 0161 06       		.uleb128 0x6
 623 0162 79000000 		.4byte	.LASF45
 624 0166 40       		.byte	0x40
 625 0167 06       		.uleb128 0x6
 626 0168 CD060000 		.4byte	.LASF46
 627 016c 41       		.byte	0x41
 628 016d 06       		.uleb128 0x6
 629 016e 0C010000 		.4byte	.LASF47
 630 0172 42       		.byte	0x42
ARM GAS  C:\Users\run1009\AppData\Local\Temp\ccyCEo1d.s 			page 16


 631 0173 06       		.uleb128 0x6
 632 0174 13020000 		.4byte	.LASF48
 633 0178 43       		.byte	0x43
 634 0179 06       		.uleb128 0x6
 635 017a 900A0000 		.4byte	.LASF49
 636 017e 44       		.byte	0x44
 637 017f 06       		.uleb128 0x6
 638 0180 5B0A0000 		.4byte	.LASF50
 639 0184 45       		.byte	0x45
 640 0185 06       		.uleb128 0x6
 641 0186 C4010000 		.4byte	.LASF51
 642 018a 46       		.byte	0x46
 643 018b 06       		.uleb128 0x6
 644 018c 39060000 		.4byte	.LASF52
 645 0190 47       		.byte	0x47
 646 0191 06       		.uleb128 0x6
 647 0192 7D060000 		.4byte	.LASF53
 648 0196 48       		.byte	0x48
 649 0197 06       		.uleb128 0x6
 650 0198 26030000 		.4byte	.LASF54
 651 019c 49       		.byte	0x49
 652 019d 06       		.uleb128 0x6
 653 019e A9080000 		.4byte	.LASF55
 654 01a2 4A       		.byte	0x4a
 655 01a3 06       		.uleb128 0x6
 656 01a4 60020000 		.4byte	.LASF56
 657 01a8 4B       		.byte	0x4b
 658 01a9 06       		.uleb128 0x6
 659 01aa 63060000 		.4byte	.LASF57
 660 01ae 4C       		.byte	0x4c
 661 01af 06       		.uleb128 0x6
 662 01b0 38000000 		.4byte	.LASF58
 663 01b4 4D       		.byte	0x4d
 664 01b5 06       		.uleb128 0x6
 665 01b6 91010000 		.4byte	.LASF59
 666 01ba 4E       		.byte	0x4e
 667 01bb 06       		.uleb128 0x6
 668 01bc 9C050000 		.4byte	.LASF60
 669 01c0 4F       		.byte	0x4f
 670 01c1 06       		.uleb128 0x6
 671 01c2 A5000000 		.4byte	.LASF61
 672 01c6 50       		.byte	0x50
 673 01c7 06       		.uleb128 0x6
 674 01c8 DF080000 		.4byte	.LASF62
 675 01cc 51       		.byte	0x51
 676 01cd 06       		.uleb128 0x6
 677 01ce 31040000 		.4byte	.LASF63
 678 01d2 52       		.byte	0x52
 679 01d3 06       		.uleb128 0x6
 680 01d4 CA030000 		.4byte	.LASF64
 681 01d8 53       		.byte	0x53
 682 01d9 06       		.uleb128 0x6
 683 01da 7F020000 		.4byte	.LASF65
 684 01de 54       		.byte	0x54
 685 01df 06       		.uleb128 0x6
 686 01e0 9C0B0000 		.4byte	.LASF66
 687 01e4 55       		.byte	0x55
ARM GAS  C:\Users\run1009\AppData\Local\Temp\ccyCEo1d.s 			page 17


 688 01e5 06       		.uleb128 0x6
 689 01e6 230B0000 		.4byte	.LASF67
 690 01ea 56       		.byte	0x56
 691 01eb 06       		.uleb128 0x6
 692 01ec FA0A0000 		.4byte	.LASF68
 693 01f0 57       		.byte	0x57
 694 01f1 06       		.uleb128 0x6
 695 01f2 75070000 		.4byte	.LASF69
 696 01f6 58       		.byte	0x58
 697 01f7 06       		.uleb128 0x6
 698 01f8 68050000 		.4byte	.LASF70
 699 01fc 70       		.byte	0x70
 700 01fd 06       		.uleb128 0x6
 701 01fe 050A0000 		.4byte	.LASF71
 702 0202 71       		.byte	0x71
 703 0203 06       		.uleb128 0x6
 704 0204 33080000 		.4byte	.LASF72
 705 0208 72       		.byte	0x72
 706 0209 06       		.uleb128 0x6
 707 020a C8020000 		.4byte	.LASF73
 708 020e 73       		.byte	0x73
 709 020f 06       		.uleb128 0x6
 710 0210 1A050000 		.4byte	.LASF74
 711 0214 74       		.byte	0x74
 712 0215 06       		.uleb128 0x6
 713 0216 1F070000 		.4byte	.LASF75
 714 021a 75       		.byte	0x75
 715 021b 06       		.uleb128 0x6
 716 021c E6020000 		.4byte	.LASF76
 717 0220 76       		.byte	0x76
 718 0221 06       		.uleb128 0x6
 719 0222 E6090000 		.4byte	.LASF77
 720 0226 77       		.byte	0x77
 721 0227 06       		.uleb128 0x6
 722 0228 3B090000 		.4byte	.LASF78
 723 022c 78       		.byte	0x78
 724 022d 06       		.uleb128 0x6
 725 022e 65090000 		.4byte	.LASF79
 726 0232 79       		.byte	0x79
 727 0233 06       		.uleb128 0x6
 728 0234 AE0A0000 		.4byte	.LASF80
 729 0238 7A       		.byte	0x7a
 730 0239 06       		.uleb128 0x6
 731 023a 1D090000 		.4byte	.LASF81
 732 023e FA       		.byte	0xfa
 733 023f 06       		.uleb128 0x6
 734 0240 08060000 		.4byte	.LASF82
 735 0244 FB       		.byte	0xfb
 736 0245 06       		.uleb128 0x6
 737 0246 93000000 		.4byte	.LASF83
 738 024a FC       		.byte	0xfc
 739 024b 06       		.uleb128 0x6
 740 024c B5070000 		.4byte	.LASF84
 741 0250 FD       		.byte	0xfd
 742 0251 06       		.uleb128 0x6
 743 0252 E40A0000 		.4byte	.LASF85
 744 0256 FF       		.byte	0xff
ARM GAS  C:\Users\run1009\AppData\Local\Temp\ccyCEo1d.s 			page 18


 745 0257 00       		.byte	0
 746 0258 05       		.uleb128 0x5
 747 0259 01       		.byte	0x1
 748 025a 2C000000 		.4byte	0x2c
 749 025e 03       		.byte	0x3
 750 025f 5A08     		.2byte	0x85a
 751 0261 90020000 		.4byte	0x290
 752 0265 06       		.uleb128 0x6
 753 0266 00000000 		.4byte	.LASF86
 754 026a 00       		.byte	0
 755 026b 06       		.uleb128 0x6
 756 026c 07030000 		.4byte	.LASF87
 757 0270 01       		.byte	0x1
 758 0271 06       		.uleb128 0x6
 759 0272 F8010000 		.4byte	.LASF88
 760 0276 02       		.byte	0x2
 761 0277 06       		.uleb128 0x6
 762 0278 C7080000 		.4byte	.LASF89
 763 027c 03       		.byte	0x3
 764 027d 06       		.uleb128 0x6
 765 027e 94080000 		.4byte	.LASF90
 766 0282 04       		.byte	0x4
 767 0283 06       		.uleb128 0x6
 768 0284 C00B0000 		.4byte	.LASF91
 769 0288 05       		.byte	0x5
 770 0289 06       		.uleb128 0x6
 771 028a 75080000 		.4byte	.LASF92
 772 028e 06       		.byte	0x6
 773 028f 00       		.byte	0
 774 0290 04       		.uleb128 0x4
 775 0291 11070000 		.4byte	.LASF94
 776 0295 03       		.byte	0x3
 777 0296 6808     		.2byte	0x868
 778 0298 58020000 		.4byte	0x258
 779 029c 05       		.uleb128 0x5
 780 029d 01       		.byte	0x1
 781 029e 2C000000 		.4byte	0x2c
 782 02a2 03       		.byte	0x3
 783 02a3 9D08     		.2byte	0x89d
 784 02a5 C8020000 		.4byte	0x2c8
 785 02a9 06       		.uleb128 0x6
 786 02aa 46010000 		.4byte	.LASF95
 787 02ae 00       		.byte	0
 788 02af 06       		.uleb128 0x6
 789 02b0 EB030000 		.4byte	.LASF96
 790 02b4 01       		.byte	0x1
 791 02b5 06       		.uleb128 0x6
 792 02b6 2A010000 		.4byte	.LASF97
 793 02ba 02       		.byte	0x2
 794 02bb 06       		.uleb128 0x6
 795 02bc 1A040000 		.4byte	.LASF98
 796 02c0 03       		.byte	0x3
 797 02c1 06       		.uleb128 0x6
 798 02c2 B7020000 		.4byte	.LASF99
 799 02c6 04       		.byte	0x4
 800 02c7 00       		.byte	0
 801 02c8 07       		.uleb128 0x7
ARM GAS  C:\Users\run1009\AppData\Local\Temp\ccyCEo1d.s 			page 19


 802 02c9 27060000 		.4byte	.LASF104
 803 02cd 01       		.byte	0x1
 804 02ce 2C       		.byte	0x2c
 805 02cf 00000000 		.4byte	.LFB36
 806 02d3 38000000 		.4byte	.LFE36-.LFB36
 807 02d7 01       		.uleb128 0x1
 808 02d8 9C       		.byte	0x9c
 809 02d9 08       		.uleb128 0x8
 810 02da 76010000 		.4byte	.LASF114
 811 02de 01       		.byte	0x1
 812 02df 52       		.byte	0x52
 813 02e0 00000000 		.4byte	.LFB37
 814 02e4 A4010000 		.4byte	.LFE37-.LFB37
 815 02e8 01       		.uleb128 0x1
 816 02e9 9C       		.byte	0x9c
 817 02ea 38030000 		.4byte	0x338
 818 02ee 09       		.uleb128 0x9
 819 02ef 74040000 		.4byte	.LASF100
 820 02f3 01       		.byte	0x1
 821 02f4 55       		.byte	0x55
 822 02f5 6B000000 		.4byte	0x6b
 823 02f9 05       		.uleb128 0x5
 824 02fa 03       		.byte	0x3
 825 02fb 00000000 		.4byte	color_state.8788
 826 02ff 0A       		.uleb128 0xa
 827 0300 72656400 		.ascii	"red\000"
 828 0304 01       		.byte	0x1
 829 0305 56       		.byte	0x56
 830 0306 6B000000 		.4byte	0x6b
 831 030a 02       		.uleb128 0x2
 832 030b 91       		.byte	0x91
 833 030c 77       		.sleb128 -9
 834 030d 09       		.uleb128 0x9
 835 030e 6E040000 		.4byte	.LASF101
 836 0312 01       		.byte	0x1
 837 0313 56       		.byte	0x56
 838 0314 6B000000 		.4byte	0x6b
 839 0318 02       		.uleb128 0x2
 840 0319 91       		.byte	0x91
 841 031a 76       		.sleb128 -10
 842 031b 09       		.uleb128 0x9
 843 031c 0E020000 		.4byte	.LASF102
 844 0320 01       		.byte	0x1
 845 0321 56       		.byte	0x56
 846 0322 6B000000 		.4byte	0x6b
 847 0326 02       		.uleb128 0x2
 848 0327 91       		.byte	0x91
 849 0328 75       		.sleb128 -11
 850 0329 09       		.uleb128 0x9
 851 032a AB070000 		.4byte	.LASF103
 852 032e 01       		.byte	0x1
 853 032f 56       		.byte	0x56
 854 0330 6B000000 		.4byte	0x6b
 855 0334 02       		.uleb128 0x2
 856 0335 91       		.byte	0x91
 857 0336 74       		.sleb128 -12
 858 0337 00       		.byte	0
ARM GAS  C:\Users\run1009\AppData\Local\Temp\ccyCEo1d.s 			page 20


 859 0338 07       		.uleb128 0x7
 860 0339 31020000 		.4byte	.LASF105
 861 033d 01       		.byte	0x1
 862 033e D2       		.byte	0xd2
 863 033f 00000000 		.4byte	.LFB38
 864 0343 18000000 		.4byte	.LFE38-.LFB38
 865 0347 01       		.uleb128 0x1
 866 0348 9C       		.byte	0x9c
 867 0349 0B       		.uleb128 0xb
 868 034a 4F0A0000 		.4byte	.LASF106
 869 034e 03       		.byte	0x3
 870 034f B30A     		.2byte	0xab3
 871 0351 90020000 		.4byte	0x290
 872 0355 0C       		.uleb128 0xc
 873 0356 6B000000 		.4byte	.LASF107
 874 035a 01       		.byte	0x1
 875 035b 15       		.byte	0x15
 876 035c 6B000000 		.4byte	0x6b
 877 0360 0D       		.uleb128 0xd
 878 0361 6B000000 		.4byte	0x6b
 879 0365 6B030000 		.4byte	0x36b
 880 0369 0E       		.uleb128 0xe
 881 036a 00       		.byte	0
 882 036b 0C       		.uleb128 0xc
 883 036c F20A0000 		.4byte	.LASF108
 884 0370 01       		.byte	0x1
 885 0371 16       		.byte	0x16
 886 0372 60030000 		.4byte	0x360
 887 0376 0C       		.uleb128 0xc
 888 0377 80040000 		.4byte	.LASF109
 889 037b 01       		.byte	0x1
 890 037c 17       		.byte	0x17
 891 037d 6B000000 		.4byte	0x6b
 892 0381 0F       		.uleb128 0xf
 893 0382 820A0000 		.4byte	.LASF110
 894 0386 01       		.byte	0x1
 895 0387 1A       		.byte	0x1a
 896 0388 6B000000 		.4byte	0x6b
 897 038c 05       		.uleb128 0x5
 898 038d 03       		.byte	0x3
 899 038e 00000000 		.4byte	check_pressed
 900 0392 00       		.byte	0
 901              		.section	.debug_abbrev,"",%progbits
 902              	.Ldebug_abbrev0:
 903 0000 01       		.uleb128 0x1
 904 0001 11       		.uleb128 0x11
 905 0002 01       		.byte	0x1
 906 0003 25       		.uleb128 0x25
 907 0004 0E       		.uleb128 0xe
 908 0005 13       		.uleb128 0x13
 909 0006 0B       		.uleb128 0xb
 910 0007 03       		.uleb128 0x3
 911 0008 0E       		.uleb128 0xe
 912 0009 1B       		.uleb128 0x1b
 913 000a 0E       		.uleb128 0xe
 914 000b 55       		.uleb128 0x55
 915 000c 17       		.uleb128 0x17
ARM GAS  C:\Users\run1009\AppData\Local\Temp\ccyCEo1d.s 			page 21


 916 000d 11       		.uleb128 0x11
 917 000e 01       		.uleb128 0x1
 918 000f 10       		.uleb128 0x10
 919 0010 17       		.uleb128 0x17
 920 0011 00       		.byte	0
 921 0012 00       		.byte	0
 922 0013 02       		.uleb128 0x2
 923 0014 24       		.uleb128 0x24
 924 0015 00       		.byte	0
 925 0016 0B       		.uleb128 0xb
 926 0017 0B       		.uleb128 0xb
 927 0018 3E       		.uleb128 0x3e
 928 0019 0B       		.uleb128 0xb
 929 001a 03       		.uleb128 0x3
 930 001b 0E       		.uleb128 0xe
 931 001c 00       		.byte	0
 932 001d 00       		.byte	0
 933 001e 03       		.uleb128 0x3
 934 001f 24       		.uleb128 0x24
 935 0020 00       		.byte	0
 936 0021 0B       		.uleb128 0xb
 937 0022 0B       		.uleb128 0xb
 938 0023 3E       		.uleb128 0x3e
 939 0024 0B       		.uleb128 0xb
 940 0025 03       		.uleb128 0x3
 941 0026 08       		.uleb128 0x8
 942 0027 00       		.byte	0
 943 0028 00       		.byte	0
 944 0029 04       		.uleb128 0x4
 945 002a 16       		.uleb128 0x16
 946 002b 00       		.byte	0
 947 002c 03       		.uleb128 0x3
 948 002d 0E       		.uleb128 0xe
 949 002e 3A       		.uleb128 0x3a
 950 002f 0B       		.uleb128 0xb
 951 0030 3B       		.uleb128 0x3b
 952 0031 05       		.uleb128 0x5
 953 0032 49       		.uleb128 0x49
 954 0033 13       		.uleb128 0x13
 955 0034 00       		.byte	0
 956 0035 00       		.byte	0
 957 0036 05       		.uleb128 0x5
 958 0037 04       		.uleb128 0x4
 959 0038 01       		.byte	0x1
 960 0039 0B       		.uleb128 0xb
 961 003a 0B       		.uleb128 0xb
 962 003b 49       		.uleb128 0x49
 963 003c 13       		.uleb128 0x13
 964 003d 3A       		.uleb128 0x3a
 965 003e 0B       		.uleb128 0xb
 966 003f 3B       		.uleb128 0x3b
 967 0040 05       		.uleb128 0x5
 968 0041 01       		.uleb128 0x1
 969 0042 13       		.uleb128 0x13
 970 0043 00       		.byte	0
 971 0044 00       		.byte	0
 972 0045 06       		.uleb128 0x6
ARM GAS  C:\Users\run1009\AppData\Local\Temp\ccyCEo1d.s 			page 22


 973 0046 28       		.uleb128 0x28
 974 0047 00       		.byte	0
 975 0048 03       		.uleb128 0x3
 976 0049 0E       		.uleb128 0xe
 977 004a 1C       		.uleb128 0x1c
 978 004b 0B       		.uleb128 0xb
 979 004c 00       		.byte	0
 980 004d 00       		.byte	0
 981 004e 07       		.uleb128 0x7
 982 004f 2E       		.uleb128 0x2e
 983 0050 00       		.byte	0
 984 0051 3F       		.uleb128 0x3f
 985 0052 19       		.uleb128 0x19
 986 0053 03       		.uleb128 0x3
 987 0054 0E       		.uleb128 0xe
 988 0055 3A       		.uleb128 0x3a
 989 0056 0B       		.uleb128 0xb
 990 0057 3B       		.uleb128 0x3b
 991 0058 0B       		.uleb128 0xb
 992 0059 27       		.uleb128 0x27
 993 005a 19       		.uleb128 0x19
 994 005b 11       		.uleb128 0x11
 995 005c 01       		.uleb128 0x1
 996 005d 12       		.uleb128 0x12
 997 005e 06       		.uleb128 0x6
 998 005f 40       		.uleb128 0x40
 999 0060 18       		.uleb128 0x18
 1000 0061 9642     		.uleb128 0x2116
 1001 0063 19       		.uleb128 0x19
 1002 0064 00       		.byte	0
 1003 0065 00       		.byte	0
 1004 0066 08       		.uleb128 0x8
 1005 0067 2E       		.uleb128 0x2e
 1006 0068 01       		.byte	0x1
 1007 0069 3F       		.uleb128 0x3f
 1008 006a 19       		.uleb128 0x19
 1009 006b 03       		.uleb128 0x3
 1010 006c 0E       		.uleb128 0xe
 1011 006d 3A       		.uleb128 0x3a
 1012 006e 0B       		.uleb128 0xb
 1013 006f 3B       		.uleb128 0x3b
 1014 0070 0B       		.uleb128 0xb
 1015 0071 27       		.uleb128 0x27
 1016 0072 19       		.uleb128 0x19
 1017 0073 11       		.uleb128 0x11
 1018 0074 01       		.uleb128 0x1
 1019 0075 12       		.uleb128 0x12
 1020 0076 06       		.uleb128 0x6
 1021 0077 40       		.uleb128 0x40
 1022 0078 18       		.uleb128 0x18
 1023 0079 9642     		.uleb128 0x2116
 1024 007b 19       		.uleb128 0x19
 1025 007c 01       		.uleb128 0x1
 1026 007d 13       		.uleb128 0x13
 1027 007e 00       		.byte	0
 1028 007f 00       		.byte	0
 1029 0080 09       		.uleb128 0x9
ARM GAS  C:\Users\run1009\AppData\Local\Temp\ccyCEo1d.s 			page 23


 1030 0081 34       		.uleb128 0x34
 1031 0082 00       		.byte	0
 1032 0083 03       		.uleb128 0x3
 1033 0084 0E       		.uleb128 0xe
 1034 0085 3A       		.uleb128 0x3a
 1035 0086 0B       		.uleb128 0xb
 1036 0087 3B       		.uleb128 0x3b
 1037 0088 0B       		.uleb128 0xb
 1038 0089 49       		.uleb128 0x49
 1039 008a 13       		.uleb128 0x13
 1040 008b 02       		.uleb128 0x2
 1041 008c 18       		.uleb128 0x18
 1042 008d 00       		.byte	0
 1043 008e 00       		.byte	0
 1044 008f 0A       		.uleb128 0xa
 1045 0090 34       		.uleb128 0x34
 1046 0091 00       		.byte	0
 1047 0092 03       		.uleb128 0x3
 1048 0093 08       		.uleb128 0x8
 1049 0094 3A       		.uleb128 0x3a
 1050 0095 0B       		.uleb128 0xb
 1051 0096 3B       		.uleb128 0x3b
 1052 0097 0B       		.uleb128 0xb
 1053 0098 49       		.uleb128 0x49
 1054 0099 13       		.uleb128 0x13
 1055 009a 02       		.uleb128 0x2
 1056 009b 18       		.uleb128 0x18
 1057 009c 00       		.byte	0
 1058 009d 00       		.byte	0
 1059 009e 0B       		.uleb128 0xb
 1060 009f 34       		.uleb128 0x34
 1061 00a0 00       		.byte	0
 1062 00a1 03       		.uleb128 0x3
 1063 00a2 0E       		.uleb128 0xe
 1064 00a3 3A       		.uleb128 0x3a
 1065 00a4 0B       		.uleb128 0xb
 1066 00a5 3B       		.uleb128 0x3b
 1067 00a6 05       		.uleb128 0x5
 1068 00a7 49       		.uleb128 0x49
 1069 00a8 13       		.uleb128 0x13
 1070 00a9 3F       		.uleb128 0x3f
 1071 00aa 19       		.uleb128 0x19
 1072 00ab 3C       		.uleb128 0x3c
 1073 00ac 19       		.uleb128 0x19
 1074 00ad 00       		.byte	0
 1075 00ae 00       		.byte	0
 1076 00af 0C       		.uleb128 0xc
 1077 00b0 34       		.uleb128 0x34
 1078 00b1 00       		.byte	0
 1079 00b2 03       		.uleb128 0x3
 1080 00b3 0E       		.uleb128 0xe
 1081 00b4 3A       		.uleb128 0x3a
 1082 00b5 0B       		.uleb128 0xb
 1083 00b6 3B       		.uleb128 0x3b
 1084 00b7 0B       		.uleb128 0xb
 1085 00b8 49       		.uleb128 0x49
 1086 00b9 13       		.uleb128 0x13
ARM GAS  C:\Users\run1009\AppData\Local\Temp\ccyCEo1d.s 			page 24


 1087 00ba 3F       		.uleb128 0x3f
 1088 00bb 19       		.uleb128 0x19
 1089 00bc 3C       		.uleb128 0x3c
 1090 00bd 19       		.uleb128 0x19
 1091 00be 00       		.byte	0
 1092 00bf 00       		.byte	0
 1093 00c0 0D       		.uleb128 0xd
 1094 00c1 01       		.uleb128 0x1
 1095 00c2 01       		.byte	0x1
 1096 00c3 49       		.uleb128 0x49
 1097 00c4 13       		.uleb128 0x13
 1098 00c5 01       		.uleb128 0x1
 1099 00c6 13       		.uleb128 0x13
 1100 00c7 00       		.byte	0
 1101 00c8 00       		.byte	0
 1102 00c9 0E       		.uleb128 0xe
 1103 00ca 21       		.uleb128 0x21
 1104 00cb 00       		.byte	0
 1105 00cc 00       		.byte	0
 1106 00cd 00       		.byte	0
 1107 00ce 0F       		.uleb128 0xf
 1108 00cf 34       		.uleb128 0x34
 1109 00d0 00       		.byte	0
 1110 00d1 03       		.uleb128 0x3
 1111 00d2 0E       		.uleb128 0xe
 1112 00d3 3A       		.uleb128 0x3a
 1113 00d4 0B       		.uleb128 0xb
 1114 00d5 3B       		.uleb128 0x3b
 1115 00d6 0B       		.uleb128 0xb
 1116 00d7 49       		.uleb128 0x49
 1117 00d8 13       		.uleb128 0x13
 1118 00d9 3F       		.uleb128 0x3f
 1119 00da 19       		.uleb128 0x19
 1120 00db 02       		.uleb128 0x2
 1121 00dc 18       		.uleb128 0x18
 1122 00dd 00       		.byte	0
 1123 00de 00       		.byte	0
 1124 00df 00       		.byte	0
 1125              		.section	.debug_aranges,"",%progbits
 1126 0000 2C000000 		.4byte	0x2c
 1127 0004 0200     		.2byte	0x2
 1128 0006 00000000 		.4byte	.Ldebug_info0
 1129 000a 04       		.byte	0x4
 1130 000b 00       		.byte	0
 1131 000c 0000     		.2byte	0
 1132 000e 0000     		.2byte	0
 1133 0010 00000000 		.4byte	.LFB36
 1134 0014 38000000 		.4byte	.LFE36-.LFB36
 1135 0018 00000000 		.4byte	.LFB37
 1136 001c A4010000 		.4byte	.LFE37-.LFB37
 1137 0020 00000000 		.4byte	.LFB38
 1138 0024 18000000 		.4byte	.LFE38-.LFB38
 1139 0028 00000000 		.4byte	0
 1140 002c 00000000 		.4byte	0
 1141              		.section	.debug_ranges,"",%progbits
 1142              	.Ldebug_ranges0:
 1143 0000 00000000 		.4byte	.LFB36
ARM GAS  C:\Users\run1009\AppData\Local\Temp\ccyCEo1d.s 			page 25


 1144 0004 38000000 		.4byte	.LFE36
 1145 0008 00000000 		.4byte	.LFB37
 1146 000c A4010000 		.4byte	.LFE37
 1147 0010 00000000 		.4byte	.LFB38
 1148 0014 18000000 		.4byte	.LFE38
 1149 0018 00000000 		.4byte	0
 1150 001c 00000000 		.4byte	0
 1151              		.section	.debug_line,"",%progbits
 1152              	.Ldebug_line0:
 1153 0000 F0000000 		.section	.debug_str,"MS",%progbits,1
 1153      02007000 
 1153      00000201 
 1153      FB0E0D00 
 1153      01010101 
 1154              	.LASF86:
 1155 0000 4359424C 		.ascii	"CYBLE_STATE_STOPPED\000"
 1155      455F5354 
 1155      4154455F 
 1155      53544F50 
 1155      50454400 
 1156              	.LASF23:
 1157 0014 4359424C 		.ascii	"CYBLE_EVT_GAP_PASSKEY_ENTRY_REQUEST\000"
 1157      455F4556 
 1157      545F4741 
 1157      505F5041 
 1157      53534B45 
 1158              	.LASF58:
 1159 0038 4359424C 		.ascii	"CYBLE_EVT_GATTC_WRITE_RSP\000"
 1159      455F4556 
 1159      545F4741 
 1159      5454435F 
 1159      57524954 
 1160              	.LASF20:
 1161 0052 4359424C 		.ascii	"CYBLE_EVT_MEMORY_REQUEST\000"
 1161      455F4556 
 1161      545F4D45 
 1161      4D4F5259 
 1161      5F524551 
 1162              	.LASF107:
 1163 006b 626C655F 		.ascii	"ble_gap_state\000"
 1163      6761705F 
 1163      73746174 
 1163      6500
 1164              	.LASF45:
 1165 0079 4359424C 		.ascii	"CYBLE_EVT_GATTC_ERROR_RSP\000"
 1165      455F4556 
 1165      545F4741 
 1165      5454435F 
 1165      4552524F 
 1166              	.LASF83:
 1167 0093 4359424C 		.ascii	"CYBLE_EVT_HCI_PKT\000"
 1167      455F4556 
 1167      545F4843 
 1167      495F504B 
 1167      5400
 1168              	.LASF61:
 1169 00a5 4359424C 		.ascii	"CYBLE_EVT_GATTS_EXEC_WRITE_REQ\000"
ARM GAS  C:\Users\run1009\AppData\Local\Temp\ccyCEo1d.s 			page 26


 1169      455F4556 
 1169      545F4741 
 1169      5454535F 
 1169      45584543 
 1170              	.LASF35:
 1171 00c4 4359424C 		.ascii	"CYBLE_EVT_GAP_KEYPRESS_NOTIFICATION\000"
 1171      455F4556 
 1171      545F4741 
 1171      505F4B45 
 1171      59505245 
 1172              	.LASF2:
 1173 00e8 73686F72 		.ascii	"short int\000"
 1173      7420696E 
 1173      7400
 1174              	.LASF26:
 1175 00f2 4359424C 		.ascii	"CYBLE_EVT_GAP_AUTH_FAILED\000"
 1175      455F4556 
 1175      545F4741 
 1175      505F4155 
 1175      54485F46 
 1176              	.LASF47:
 1177 010c 4359424C 		.ascii	"CYBLE_EVT_GATT_DISCONNECT_IND\000"
 1177      455F4556 
 1177      545F4741 
 1177      54545F44 
 1177      4953434F 
 1178              	.LASF97:
 1179 012a 4359424C 		.ascii	"CYBLE_SRVI_CUSTOMS\000"
 1179      455F5352 
 1179      56495F43 
 1179      5553544F 
 1179      4D5300
 1180              	.LASF13:
 1181 013d 73697A65 		.ascii	"sizetype\000"
 1181      74797065 
 1181      00
 1182              	.LASF95:
 1183 0146 4359424C 		.ascii	"CYBLE_SRVI_GAP\000"
 1183      455F5352 
 1183      56495F47 
 1183      415000
 1184              	.LASF37:
 1185 0155 4359424C 		.ascii	"CYBLE_EVT_GAP_DATA_LENGTH_CHANGE\000"
 1185      455F4556 
 1185      545F4741 
 1185      505F4441 
 1185      54415F4C 
 1186              	.LASF114:
 1187 0176 5365744E 		.ascii	"SetNextColor\000"
 1187      65787443 
 1187      6F6C6F72 
 1187      00
 1188              	.LASF6:
 1189 0183 6C6F6E67 		.ascii	"long long int\000"
 1189      206C6F6E 
 1189      6720696E 
 1189      7400
ARM GAS  C:\Users\run1009\AppData\Local\Temp\ccyCEo1d.s 			page 27


 1190              	.LASF59:
 1191 0191 4359424C 		.ascii	"CYBLE_EVT_GATTS_WRITE_CMD_REQ\000"
 1191      455F4556 
 1191      545F4741 
 1191      5454535F 
 1191      57524954 
 1192              	.LASF18:
 1193 01af 4359424C 		.ascii	"CYBLE_EVT_HCI_STATUS\000"
 1193      455F4556 
 1193      545F4843 
 1193      495F5354 
 1193      41545553 
 1194              	.LASF51:
 1195 01c4 4359424C 		.ascii	"CYBLE_EVT_GATTC_READ_BY_TYPE_RSP\000"
 1195      455F4556 
 1195      545F4741 
 1195      5454435F 
 1195      52454144 
 1196              	.LASF15:
 1197 01e5 4359424C 		.ascii	"CYBLE_EVT_STACK_ON\000"
 1197      455F4556 
 1197      545F5354 
 1197      41434B5F 
 1197      4F4E00
 1198              	.LASF88:
 1199 01f8 4359424C 		.ascii	"CYBLE_STATE_CONNECTED\000"
 1199      455F5354 
 1199      4154455F 
 1199      434F4E4E 
 1199      45435445 
 1200              	.LASF102:
 1201 020e 626C7565 		.ascii	"blue\000"
 1201      00
 1202              	.LASF48:
 1203 0213 4359424C 		.ascii	"CYBLE_EVT_GATTS_XCNHG_MTU_REQ\000"
 1203      455F4556 
 1203      545F4741 
 1203      5454535F 
 1203      58434E48 
 1204              	.LASF105:
 1205 0231 42757474 		.ascii	"Button_ISR\000"
 1205      6F6E5F49 
 1205      535200
 1206              	.LASF33:
 1207 023c 4359424C 		.ascii	"CYBLE_EVT_GAP_KEYINFO_EXCHNGE_CMPLT\000"
 1207      455F4556 
 1207      545F4741 
 1207      505F4B45 
 1207      59494E46 
 1208              	.LASF56:
 1209 0260 4359424C 		.ascii	"CYBLE_EVT_GATTC_READ_MULTI_RSP\000"
 1209      455F4556 
 1209      545F4741 
 1209      5454435F 
 1209      52454144 
 1210              	.LASF65:
 1211 027f 4359424C 		.ascii	"CYBLE_EVT_GATTS_HANDLE_VALUE_CNF\000"
ARM GAS  C:\Users\run1009\AppData\Local\Temp\ccyCEo1d.s 			page 28


 1211      455F4556 
 1211      545F4741 
 1211      5454535F 
 1211      48414E44 
 1212              	.LASF14:
 1213 02a0 4359424C 		.ascii	"CYBLE_EVT_HOST_INVALID\000"
 1213      455F4556 
 1213      545F484F 
 1213      53545F49 
 1213      4E56414C 
 1214              	.LASF99:
 1215 02b7 4359424C 		.ascii	"CYBLE_SRVI_COUNT\000"
 1215      455F5352 
 1215      56495F43 
 1215      4F554E54 
 1215      00
 1216              	.LASF73:
 1217 02c8 4359424C 		.ascii	"CYBLE_EVT_L2CAP_CBFC_CONN_IND\000"
 1217      455F4556 
 1217      545F4C32 
 1217      4341505F 
 1217      43424643 
 1218              	.LASF76:
 1219 02e6 4359424C 		.ascii	"CYBLE_EVT_L2CAP_CBFC_DISCONN_CNF\000"
 1219      455F4556 
 1219      545F4C32 
 1219      4341505F 
 1219      43424643 
 1220              	.LASF87:
 1221 0307 4359424C 		.ascii	"CYBLE_STATE_INITIALIZING\000"
 1221      455F5354 
 1221      4154455F 
 1221      494E4954 
 1221      49414C49 
 1222              	.LASF9:
 1223 0320 666C6F61 		.ascii	"float\000"
 1223      7400
 1224              	.LASF54:
 1225 0326 4359424C 		.ascii	"CYBLE_EVT_GATTC_READ_RSP\000"
 1225      455F4556 
 1225      545F4741 
 1225      5454435F 
 1225      52454144 
 1226              	.LASF34:
 1227 033f 4359424C 		.ascii	"CYBLE_EVT_GAP_NUMERIC_COMPARISON_REQUEST\000"
 1227      455F4556 
 1227      545F4741 
 1227      505F4E55 
 1227      4D455249 
 1228              	.LASF39:
 1229 0368 4359424C 		.ascii	"CYBLE_EVT_GAPC_DIRECT_ADV_REPORT\000"
 1229      455F4556 
 1229      545F4741 
 1229      50435F44 
 1229      49524543 
 1230              	.LASF7:
 1231 0389 6C6F6E67 		.ascii	"long long unsigned int\000"
ARM GAS  C:\Users\run1009\AppData\Local\Temp\ccyCEo1d.s 			page 29


 1231      206C6F6E 
 1231      6720756E 
 1231      7369676E 
 1231      65642069 
 1232              	.LASF43:
 1233 03a0 4359424C 		.ascii	"CYBLE_EVT_GAP_AUTH_REQ_REPLY_ERR\000"
 1233      455F4556 
 1233      545F4741 
 1233      505F4155 
 1233      54485F52 
 1234              	.LASF4:
 1235 03c1 6C6F6E67 		.ascii	"long int\000"
 1235      20696E74 
 1235      00
 1236              	.LASF64:
 1237 03ca 4359424C 		.ascii	"CYBLE_EVT_GATTC_HANDLE_VALUE_IND\000"
 1237      455F4556 
 1237      545F4741 
 1237      5454435F 
 1237      48414E44 
 1238              	.LASF96:
 1239 03eb 4359424C 		.ascii	"CYBLE_SRVI_GATT\000"
 1239      455F5352 
 1239      56495F47 
 1239      41545400 
 1240              	.LASF28:
 1241 03fb 4359424C 		.ascii	"CYBLE_EVT_GAP_DEVICE_CONNECTED\000"
 1241      455F4556 
 1241      545F4741 
 1241      505F4445 
 1241      56494345 
 1242              	.LASF98:
 1243 041a 4359424C 		.ascii	"CYBLE_SRVI_CUSTOMS_END\000"
 1243      455F5352 
 1243      56495F43 
 1243      5553544F 
 1243      4D535F45 
 1244              	.LASF63:
 1245 0431 4359424C 		.ascii	"CYBLE_EVT_GATTC_HANDLE_VALUE_NTF\000"
 1245      455F4556 
 1245      545F4741 
 1245      5454435F 
 1245      48414E44 
 1246              	.LASF19:
 1247 0452 4359424C 		.ascii	"CYBLE_EVT_STACK_BUSY_STATUS\000"
 1247      455F4556 
 1247      545F5354 
 1247      41434B5F 
 1247      42555359 
 1248              	.LASF101:
 1249 046e 67726565 		.ascii	"green\000"
 1249      6E00
 1250              	.LASF100:
 1251 0474 636F6C6F 		.ascii	"color_state\000"
 1251      725F7374 
 1251      61746500 
 1252              	.LASF109:
ARM GAS  C:\Users\run1009\AppData\Local\Temp\ccyCEo1d.s 			page 30


 1253 0480 73776974 		.ascii	"switch_Role\000"
 1253      63685F52 
 1253      6F6C6500 
 1254              	.LASF111:
 1255 048c 474E5520 		.ascii	"GNU C11 5.4.1 20160609 (release) [ARM/embedded-5-br"
 1255      43313120 
 1255      352E342E 
 1255      31203230 
 1255      31363036 
 1256 04bf 616E6368 		.ascii	"anch revision 237715] -mcpu=cortex-m0 -mthumb -g -O"
 1256      20726576 
 1256      6973696F 
 1256      6E203233 
 1256      37373135 
 1257 04f2 30202D66 		.ascii	"0 -ffunction-sections -ffat-lto-objects\000"
 1257      66756E63 
 1257      74696F6E 
 1257      2D736563 
 1257      74696F6E 
 1258              	.LASF74:
 1259 051a 4359424C 		.ascii	"CYBLE_EVT_L2CAP_CBFC_CONN_CNF\000"
 1259      455F4556 
 1259      545F4C32 
 1259      4341505F 
 1259      43424643 
 1260              	.LASF38:
 1261 0538 4359424C 		.ascii	"CYBLE_EVT_GAP_ENHANCE_CONN_COMPLETE\000"
 1261      455F4556 
 1261      545F4741 
 1261      505F454E 
 1261      48414E43 
 1262              	.LASF12:
 1263 055c 6C6F6E67 		.ascii	"long double\000"
 1263      20646F75 
 1263      626C6500 
 1264              	.LASF70:
 1265 0568 4359424C 		.ascii	"CYBLE_EVT_L2CAP_CONN_PARAM_UPDATE_REQ\000"
 1265      455F4556 
 1265      545F4C32 
 1265      4341505F 
 1265      434F4E4E 
 1266              	.LASF1:
 1267 058e 756E7369 		.ascii	"unsigned char\000"
 1267      676E6564 
 1267      20636861 
 1267      7200
 1268              	.LASF60:
 1269 059c 4359424C 		.ascii	"CYBLE_EVT_GATTS_PREP_WRITE_REQ\000"
 1269      455F4556 
 1269      545F4741 
 1269      5454535F 
 1269      50524550 
 1270              	.LASF113:
 1271 05bb 433A5C55 		.ascii	"C:\\Users\\run1009\\Documents\\Mesh_Flood_DIR_Senso"
 1271      73657273 
 1271      5C72756E 
 1271      31303039 
ARM GAS  C:\Users\run1009\AppData\Local\Temp\ccyCEo1d.s 			page 31


 1271      5C446F63 
 1272 05ea 725C4D65 		.ascii	"r\\Mesh_Flood_DIR_Sensor.cydsn\000"
 1272      73685F46 
 1272      6C6F6F64 
 1272      5F444952 
 1272      5F53656E 
 1273              	.LASF82:
 1274 0608 4359424C 		.ascii	"CYBLE_EVT_LE_PING_AUTH_TIMEOUT\000"
 1274      455F4556 
 1274      545F4C45 
 1274      5F50494E 
 1274      475F4155 
 1275              	.LASF104:
 1276 0627 43686563 		.ascii	"CheckSensorStatus\000"
 1276      6B53656E 
 1276      736F7253 
 1276      74617475 
 1276      7300
 1277              	.LASF52:
 1278 0639 4359424C 		.ascii	"CYBLE_EVT_GATTC_FIND_INFO_RSP\000"
 1278      455F4556 
 1278      545F4741 
 1278      5454435F 
 1278      46494E44 
 1279              	.LASF0:
 1280 0657 7369676E 		.ascii	"signed char\000"
 1280      65642063 
 1280      68617200 
 1281              	.LASF57:
 1282 0663 4359424C 		.ascii	"CYBLE_EVT_GATTS_WRITE_REQ\000"
 1282      455F4556 
 1282      545F4741 
 1282      5454535F 
 1282      57524954 
 1283              	.LASF53:
 1284 067d 4359424C 		.ascii	"CYBLE_EVT_GATTC_FIND_BY_TYPE_VALUE_RSP\000"
 1284      455F4556 
 1284      545F4741 
 1284      5454435F 
 1284      46494E44 
 1285              	.LASF25:
 1286 06a4 4359424C 		.ascii	"CYBLE_EVT_GAP_AUTH_COMPLETE\000"
 1286      455F4556 
 1286      545F4741 
 1286      505F4155 
 1286      54485F43 
 1287              	.LASF8:
 1288 06c0 756E7369 		.ascii	"unsigned int\000"
 1288      676E6564 
 1288      20696E74 
 1288      00
 1289              	.LASF46:
 1290 06cd 4359424C 		.ascii	"CYBLE_EVT_GATT_CONNECT_IND\000"
 1290      455F4556 
 1290      545F4741 
 1290      54545F43 
 1290      4F4E4E45 
ARM GAS  C:\Users\run1009\AppData\Local\Temp\ccyCEo1d.s 			page 32


 1291              	.LASF5:
 1292 06e8 6C6F6E67 		.ascii	"long unsigned int\000"
 1292      20756E73 
 1292      69676E65 
 1292      6420696E 
 1292      7400
 1293              	.LASF22:
 1294 06fa 4359424C 		.ascii	"CYBLE_EVT_GAP_AUTH_REQ\000"
 1294      455F4556 
 1294      545F4741 
 1294      505F4155 
 1294      54485F52 
 1295              	.LASF94:
 1296 0711 4359424C 		.ascii	"CYBLE_STATE_T\000"
 1296      455F5354 
 1296      4154455F 
 1296      5400
 1297              	.LASF75:
 1298 071f 4359424C 		.ascii	"CYBLE_EVT_L2CAP_CBFC_DISCONN_IND\000"
 1298      455F4556 
 1298      545F4C32 
 1298      4341505F 
 1298      43424643 
 1299              	.LASF30:
 1300 0740 4359424C 		.ascii	"CYBLE_EVT_GAP_ENCRYPT_CHANGE\000"
 1300      455F4556 
 1300      545F4741 
 1300      505F454E 
 1300      43525950 
 1301              	.LASF41:
 1302 075d 4359424C 		.ascii	"CYBLE_EVT_GAP_CONN_ESTB\000"
 1302      455F4556 
 1302      545F4741 
 1302      505F434F 
 1302      4E4E5F45 
 1303              	.LASF69:
 1304 0775 4359424C 		.ascii	"CYBLE_EVT_GATTC_LONG_PROCEDURE_END\000"
 1304      455F4556 
 1304      545F4741 
 1304      5454435F 
 1304      4C4F4E47 
 1305              	.LASF3:
 1306 0798 73686F72 		.ascii	"short unsigned int\000"
 1306      7420756E 
 1306      7369676E 
 1306      65642069 
 1306      6E7400
 1307              	.LASF103:
 1308 07ab 696E7465 		.ascii	"intensity\000"
 1308      6E736974 
 1308      7900
 1309              	.LASF84:
 1310 07b5 4359424C 		.ascii	"CYBLE_EVT_FLASH_CORRUPT\000"
 1310      455F4556 
 1310      545F464C 
 1310      4153485F 
 1310      434F5252 
ARM GAS  C:\Users\run1009\AppData\Local\Temp\ccyCEo1d.s 			page 33


 1311              	.LASF31:
 1312 07cd 4359424C 		.ascii	"CYBLE_EVT_GAP_CONNECTION_UPDATE_COMPLETE\000"
 1312      455F4556 
 1312      545F4741 
 1312      505F434F 
 1312      4E4E4543 
 1313              	.LASF40:
 1314 07f6 4359424C 		.ascii	"CYBLE_EVT_GAP_SMP_NEGOTIATED_AUTH_INFO\000"
 1314      455F4556 
 1314      545F4741 
 1314      505F534D 
 1314      505F4E45 
 1315              	.LASF11:
 1316 081d 63686172 		.ascii	"char\000"
 1316      00
 1317              	.LASF112:
 1318 0822 73656E73 		.ascii	"sensor_process.c\000"
 1318      6F725F70 
 1318      726F6365 
 1318      73732E63 
 1318      00
 1319              	.LASF72:
 1320 0833 4359424C 		.ascii	"CYBLE_EVT_L2CAP_COMMAND_REJ\000"
 1320      455F4556 
 1320      545F4C32 
 1320      4341505F 
 1320      434F4D4D 
 1321              	.LASF24:
 1322 084f 4359424C 		.ascii	"CYBLE_EVT_GAP_PASSKEY_DISPLAY_REQUEST\000"
 1322      455F4556 
 1322      545F4741 
 1322      505F5041 
 1322      53534B45 
 1323              	.LASF92:
 1324 0875 4359424C 		.ascii	"CYBLE_STATE_DISCONNECTED\000"
 1324      455F5354 
 1324      4154455F 
 1324      44495343 
 1324      4F4E4E45 
 1325              	.LASF93:
 1326 088e 75696E74 		.ascii	"uint8\000"
 1326      3800
 1327              	.LASF90:
 1328 0894 4359424C 		.ascii	"CYBLE_STATE_SCANNING\000"
 1328      455F5354 
 1328      4154455F 
 1328      5343414E 
 1328      4E494E47 
 1329              	.LASF55:
 1330 08a9 4359424C 		.ascii	"CYBLE_EVT_GATTC_READ_BLOB_RSP\000"
 1330      455F4556 
 1330      545F4741 
 1330      5454435F 
 1330      52454144 
 1331              	.LASF89:
 1332 08c7 4359424C 		.ascii	"CYBLE_STATE_ADVERTISING\000"
 1332      455F5354 
ARM GAS  C:\Users\run1009\AppData\Local\Temp\ccyCEo1d.s 			page 34


 1332      4154455F 
 1332      41445645 
 1332      52544953 
 1333              	.LASF62:
 1334 08df 4359424C 		.ascii	"CYBLE_EVT_GATTC_EXEC_WRITE_RSP\000"
 1334      455F4556 
 1334      545F4741 
 1334      5454435F 
 1334      45584543 
 1335              	.LASF32:
 1336 08fe 4359424C 		.ascii	"CYBLE_EVT_GAPC_SCAN_START_STOP\000"
 1336      455F4556 
 1336      545F4741 
 1336      50435F53 
 1336      43414E5F 
 1337              	.LASF81:
 1338 091d 4359424C 		.ascii	"CYBLE_EVT_PENDING_FLASH_WRITE\000"
 1338      455F4556 
 1338      545F5045 
 1338      4E44494E 
 1338      475F464C 
 1339              	.LASF78:
 1340 093b 4359424C 		.ascii	"CYBLE_EVT_L2CAP_CBFC_RX_CREDIT_IND\000"
 1340      455F4556 
 1340      545F4C32 
 1340      4341505F 
 1340      43424643 
 1341              	.LASF10:
 1342 095e 646F7562 		.ascii	"double\000"
 1342      6C6500
 1343              	.LASF79:
 1344 0965 4359424C 		.ascii	"CYBLE_EVT_L2CAP_CBFC_TX_CREDIT_IND\000"
 1344      455F4556 
 1344      545F4C32 
 1344      4341505F 
 1344      43424643 
 1345              	.LASF42:
 1346 0988 4359424C 		.ascii	"CYBLE_EVT_GAP_SCAN_REQ_RECVD\000"
 1346      455F4556 
 1346      545F4741 
 1346      505F5343 
 1346      414E5F52 
 1347              	.LASF27:
 1348 09a5 4359424C 		.ascii	"CYBLE_EVT_GAPP_ADVERTISEMENT_START_STOP\000"
 1348      455F4556 
 1348      545F4741 
 1348      50505F41 
 1348      44564552 
 1349              	.LASF17:
 1350 09cd 4359424C 		.ascii	"CYBLE_EVT_HARDWARE_ERROR\000"
 1350      455F4556 
 1350      545F4841 
 1350      52445741 
 1350      52455F45 
 1351              	.LASF77:
 1352 09e6 4359424C 		.ascii	"CYBLE_EVT_L2CAP_CBFC_DATA_READ\000"
 1352      455F4556 
ARM GAS  C:\Users\run1009\AppData\Local\Temp\ccyCEo1d.s 			page 35


 1352      545F4C32 
 1352      4341505F 
 1352      43424643 
 1353              	.LASF71:
 1354 0a05 4359424C 		.ascii	"CYBLE_EVT_L2CAP_CONN_PARAM_UPDATE_RSP\000"
 1354      455F4556 
 1354      545F4C32 
 1354      4341505F 
 1354      434F4E4E 
 1355              	.LASF21:
 1356 0a2b 4359424C 		.ascii	"CYBLE_EVT_GAPC_SCAN_PROGRESS_RESULT\000"
 1356      455F4556 
 1356      545F4741 
 1356      50435F53 
 1356      43414E5F 
 1357              	.LASF106:
 1358 0a4f 6379426C 		.ascii	"cyBle_state\000"
 1358      655F7374 
 1358      61746500 
 1359              	.LASF50:
 1360 0a5b 4359424C 		.ascii	"CYBLE_EVT_GATTC_READ_BY_GROUP_TYPE_RSP\000"
 1360      455F4556 
 1360      545F4741 
 1360      5454435F 
 1360      52454144 
 1361              	.LASF110:
 1362 0a82 63686563 		.ascii	"check_pressed\000"
 1362      6B5F7072 
 1362      65737365 
 1362      6400
 1363              	.LASF49:
 1364 0a90 4359424C 		.ascii	"CYBLE_EVT_GATTC_XCHNG_MTU_RSP\000"
 1364      455F4556 
 1364      545F4741 
 1364      5454435F 
 1364      5843484E 
 1365              	.LASF80:
 1366 0aae 4359424C 		.ascii	"CYBLE_EVT_L2CAP_CBFC_DATA_WRITE_IND\000"
 1366      455F4556 
 1366      545F4C32 
 1366      4341505F 
 1366      43424643 
 1367              	.LASF16:
 1368 0ad2 4359424C 		.ascii	"CYBLE_EVT_TIMEOUT\000"
 1368      455F4556 
 1368      545F5449 
 1368      4D454F55 
 1368      5400
 1369              	.LASF85:
 1370 0ae4 4359424C 		.ascii	"CYBLE_EVT_MAX\000"
 1370      455F4556 
 1370      545F4D41 
 1370      5800
 1371              	.LASF108:
 1372 0af2 52474244 		.ascii	"RGBData\000"
 1372      61746100 
 1373              	.LASF68:
ARM GAS  C:\Users\run1009\AppData\Local\Temp\ccyCEo1d.s 			page 36


 1374 0afa 4359424C 		.ascii	"CYBLE_EVT_GATTS_READ_CHAR_VAL_ACCESS_REQ\000"
 1374      455F4556 
 1374      545F4741 
 1374      5454535F 
 1374      52454144 
 1375              	.LASF67:
 1376 0b23 4359424C 		.ascii	"CYBLE_EVT_GATTC_STOP_CMD_COMPLETE\000"
 1376      455F4556 
 1376      545F4741 
 1376      5454435F 
 1376      53544F50 
 1377              	.LASF44:
 1378 0b45 4359424C 		.ascii	"CYBLE_EVT_GAP_SMP_LOC_P256_KEYS_GEN_AND_SET_COMPLET"
 1378      455F4556 
 1378      545F4741 
 1378      505F534D 
 1378      505F4C4F 
 1379 0b78 4500     		.ascii	"E\000"
 1380              	.LASF29:
 1381 0b7a 4359424C 		.ascii	"CYBLE_EVT_GAP_DEVICE_DISCONNECTED\000"
 1381      455F4556 
 1381      545F4741 
 1381      505F4445 
 1381      56494345 
 1382              	.LASF66:
 1383 0b9c 4359424C 		.ascii	"CYBLE_EVT_GATTS_DATA_SIGNED_CMD_REQ\000"
 1383      455F4556 
 1383      545F4741 
 1383      5454535F 
 1383      44415441 
 1384              	.LASF91:
 1385 0bc0 4359424C 		.ascii	"CYBLE_STATE_CONNECTING\000"
 1385      455F5354 
 1385      4154455F 
 1385      434F4E4E 
 1385      45435449 
 1386              	.LASF36:
 1387 0bd7 4359424C 		.ascii	"CYBLE_EVT_GAP_OOB_GENERATED_NOTIFICATION\000"
 1387      455F4556 
 1387      545F4741 
 1387      505F4F4F 
 1387      425F4745 
 1388              		.ident	"GCC: (GNU Tools for ARM Embedded Processors) 5.4.1 20160609 (release) [ARM/embedded-5-bran
