ARM GAS  C:\Users\run1009\AppData\Local\Temp\cccHUWKD.s 			page 1


   1              		.syntax unified
   2              		.cpu cortex-m0
   3              		.fpu softvfp
   4              		.eabi_attribute 20, 1
   5              		.eabi_attribute 21, 1
   6              		.eabi_attribute 23, 3
   7              		.eabi_attribute 24, 1
   8              		.eabi_attribute 25, 1
   9              		.eabi_attribute 26, 1
  10              		.eabi_attribute 30, 6
  11              		.eabi_attribute 34, 0
  12              		.eabi_attribute 18, 4
  13              		.thumb
  14              		.syntax unified
  15              		.file	"store.c"
  16              		.text
  17              	.Ltext0:
  18              		.cfi_sections	.debug_frame
  19              	.Letext0:
  20              		.section	.debug_line,"",%progbits
  21              	.Ldebug_line0:
  22              		.section	.debug_str,"MS",%progbits,1
  23              	.LASF0:
  24 0000 433A5C55 		.ascii	"C:\\Users\\run1009\\Documents\\Mesh_Flood_DIR_Senso"
  24      73657273 
  24      5C72756E 
  24      31303039 
  24      5C446F63 
  25 002f 725C4D65 		.ascii	"r\\Mesh_Flood_DIR_Sensor.cydsn\000"
  25      73685F46 
  25      6C6F6F64 
  25      5F444952 
  25      5F53656E 
  26              	.LASF1:
  27 004d 474E5520 		.ascii	"GNU C11 5.4.1 20160609 (release) [ARM/embedded-5-br"
  27      43313120 
  27      352E342E 
  27      31203230 
  27      31363036 
  28 0080 616E6368 		.ascii	"anch revision 237715] -mcpu=cortex-m0 -mthumb -g -O"
  28      20726576 
  28      6973696F 
  28      6E203233 
  28      37373135 
  29 00b3 30202D66 		.ascii	"0 -ffunction-sections -ffat-lto-objects\000"
  29      66756E63 
  29      74696F6E 
  29      2D736563 
  29      74696F6E 
  30              	.LASF2:
  31 00db 73746F72 		.ascii	"store.c\000"
  31      652E6300 
  32              		.ident	"GCC: (GNU Tools for ARM Embedded Processors) 5.4.1 20160609 (release) [ARM/embedded-5-bran
