ARM GAS  C:\Users\run1009\AppData\Local\Temp\cctDsAnb.s 			page 1


   1              		.syntax unified
   2              		.cpu cortex-m0
   3              		.fpu softvfp
   4              		.eabi_attribute 20, 1
   5              		.eabi_attribute 21, 1
   6              		.eabi_attribute 23, 3
   7              		.eabi_attribute 24, 1
   8              		.eabi_attribute 25, 1
   9              		.eabi_attribute 26, 1
  10              		.eabi_attribute 30, 6
  11              		.eabi_attribute 34, 0
  12              		.eabi_attribute 18, 4
  13              		.thumb
  14              		.syntax unified
  15              		.file	"WDT.c"
  16              		.text
  17              	.Ltext0:
  18              		.cfi_sections	.debug_frame
  19              		.comm	current_watchdog_counter,2,2
  20              		.section	.text.InitializeWatchdog,"ax",%progbits
  21              		.align	2
  22              		.global	InitializeWatchdog
  23              		.code	16
  24              		.thumb_func
  25              		.type	InitializeWatchdog, %function
  26              	InitializeWatchdog:
  27              	.LFB36:
  28              		.file 1 "WDT.c"
   1:WDT.c         **** /*******************************************************************************
   2:WDT.c         **** * File Name: WDT.c
   3:WDT.c         **** *
   4:WDT.c         **** * Version: 1.0
   5:WDT.c         **** *
   6:WDT.c         **** * Description:
   7:WDT.c         **** * This file contains the functions to initialize Watchdog (WDT) counter and 
   8:WDT.c         **** * record times for various timing operation in application.
   9:WDT.c         **** *
  10:WDT.c         **** ********************************************************************************
  11:WDT.c         **** * Copyright 2015, Cypress Semiconductor Corporation.  All rights reserved.
  12:WDT.c         **** * You may use this file only in accordance with the license, terms, conditions,
  13:WDT.c         **** * disclaimers, and limitations in the end user license agreement accompanying
  14:WDT.c         **** * the software package with which this file was provided.
  15:WDT.c         **** *******************************************************************************/
  16:WDT.c         **** #include <main.h>
  17:WDT.c         **** 
  18:WDT.c         **** volatile uint16 current_watchdog_counter;
  19:WDT.c         **** /*******************************************************************************
  20:WDT.c         **** * Function Name: InitializeWatchdog
  21:WDT.c         **** ********************************************************************************
  22:WDT.c         **** * Summary:
  23:WDT.c         **** *        Start watchdog timer with given period
  24:WDT.c         **** *
  25:WDT.c         **** * Parameters:
  26:WDT.c         **** *  void
  27:WDT.c         **** *
  28:WDT.c         **** * Return:
  29:WDT.c         **** *  void
ARM GAS  C:\Users\run1009\AppData\Local\Temp\cctDsAnb.s 			page 2


  30:WDT.c         **** *
  31:WDT.c         **** *******************************************************************************/
  32:WDT.c         **** void InitializeWatchdog(uint32 match_val)
  33:WDT.c         **** {
  29              		.loc 1 33 0
  30              		.cfi_startproc
  31              		@ args = 0, pretend = 0, frame = 8
  32              		@ frame_needed = 1, uses_anonymous_args = 0
  33 0000 80B5     		push	{r7, lr}
  34              		.cfi_def_cfa_offset 8
  35              		.cfi_offset 7, -8
  36              		.cfi_offset 14, -4
  37 0002 82B0     		sub	sp, sp, #8
  38              		.cfi_def_cfa_offset 16
  39 0004 00AF     		add	r7, sp, #0
  40              		.cfi_def_cfa_register 7
  41 0006 7860     		str	r0, [r7, #4]
  34:WDT.c         **** 	/* Unlock the WDT registers for modification */
  35:WDT.c         **** 	CySysWdtUnlock(); 
  42              		.loc 1 35 0
  43 0008 FFF7FEFF 		bl	CySysWdtUnlock
  36:WDT.c         **** 	
  37:WDT.c         **** 	/* Write Mode for Counter 0 as Interrupt on Match */
  38:WDT.c         ****     CySysWdtWriteMode(CY_SYS_WDT_COUNTER0, CY_SYS_WDT_MODE_INT);
  44              		.loc 1 38 0
  45 000c 0121     		movs	r1, #1
  46 000e 0020     		movs	r0, #0
  47 0010 FFF7FEFF 		bl	CySysWdtSetMode
  39:WDT.c         **** 	
  40:WDT.c         **** 	/* Set Clear on Match for Counter 0*/
  41:WDT.c         **** 	CySysWdtWriteClearOnMatch(CY_SYS_WDT_COUNTER0, TRUE);
  48              		.loc 1 41 0
  49 0014 0121     		movs	r1, #1
  50 0016 0020     		movs	r0, #0
  51 0018 FFF7FEFF 		bl	CySysWdtSetClearOnMatch
  42:WDT.c         ****     
  43:WDT.c         **** 	/* Write the match value in Counter 0 */
  44:WDT.c         **** 	CySysWdtWriteMatch(CY_SYS_WDT_COUNTER0, match_val);
  52              		.loc 1 44 0
  53 001c 7B68     		ldr	r3, [r7, #4]
  54 001e 1900     		movs	r1, r3
  55 0020 0020     		movs	r0, #0
  56 0022 FFF7FEFF 		bl	CySysWdtSetMatch
  45:WDT.c         ****     CyDelayUs(WATCHDOG_REG_UPDATE_WAIT_TIME);
  57              		.loc 1 45 0
  58 0026 5A20     		movs	r0, #90
  59 0028 FFF7FEFF 		bl	CyDelayUs
  46:WDT.c         **** 	
  47:WDT.c         **** 	/* Enable Counter 0 */
  48:WDT.c         ****     CySysWdtEnable(CY_SYS_WDT_COUNTER0_MASK);
  60              		.loc 1 48 0
  61 002c 0120     		movs	r0, #1
  62 002e FFF7FEFF 		bl	CySysWdtEnable
  49:WDT.c         **** 	
  50:WDT.c         **** 	/* Lock Watchdog to prevent further changes */
  51:WDT.c         ****     CySysWdtLock();
  63              		.loc 1 51 0
ARM GAS  C:\Users\run1009\AppData\Local\Temp\cctDsAnb.s 			page 3


  64 0032 FFF7FEFF 		bl	CySysWdtLock
  52:WDT.c         **** 	
  53:WDT.c         **** 	isr_WDT_StartEx(WDT_INT_Handler);
  65              		.loc 1 53 0
  66 0036 044B     		ldr	r3, .L2
  67 0038 1800     		movs	r0, r3
  68 003a FFF7FEFF 		bl	isr_WDT_StartEx
  54:WDT.c         **** }
  69              		.loc 1 54 0
  70 003e C046     		nop
  71 0040 BD46     		mov	sp, r7
  72 0042 02B0     		add	sp, sp, #8
  73              		@ sp needed
  74 0044 80BD     		pop	{r7, pc}
  75              	.L3:
  76 0046 C046     		.align	2
  77              	.L2:
  78 0048 00000000 		.word	WDT_INT_Handler
  79              		.cfi_endproc
  80              	.LFE36:
  81              		.size	InitializeWatchdog, .-InitializeWatchdog
  82              		.section	.text.WDT_INT_Handler,"ax",%progbits
  83              		.align	2
  84              		.global	WDT_INT_Handler
  85              		.code	16
  86              		.thumb_func
  87              		.type	WDT_INT_Handler, %function
  88              	WDT_INT_Handler:
  89              	.LFB37:
  55:WDT.c         **** 
  56:WDT.c         **** /*******************************************************************************
  57:WDT.c         **** * Function Name: WDT_INT_Handler
  58:WDT.c         **** ********************************************************************************
  59:WDT.c         **** * Summary:
  60:WDT.c         **** *        Watchdog interrupt routine for counting operation
  61:WDT.c         **** *
  62:WDT.c         **** * Parameters:
  63:WDT.c         **** *  void
  64:WDT.c         **** *
  65:WDT.c         **** * Return:
  66:WDT.c         **** *  void
  67:WDT.c         **** *
  68:WDT.c         **** *******************************************************************************/
  69:WDT.c         **** void WDT_INT_Handler(void)
  70:WDT.c         **** {
  90              		.loc 1 70 0
  91              		.cfi_startproc
  92              		@ args = 0, pretend = 0, frame = 0
  93              		@ frame_needed = 1, uses_anonymous_args = 0
  94 0000 80B5     		push	{r7, lr}
  95              		.cfi_def_cfa_offset 8
  96              		.cfi_offset 7, -8
  97              		.cfi_offset 14, -4
  98 0002 00AF     		add	r7, sp, #0
  99              		.cfi_def_cfa_register 7
  71:WDT.c         **** 	/* Clear Pending Interrupt */
  72:WDT.c         **** 	isr_WDT_ClearPending();
ARM GAS  C:\Users\run1009\AppData\Local\Temp\cctDsAnb.s 			page 4


 100              		.loc 1 72 0
 101 0004 FFF7FEFF 		bl	isr_WDT_ClearPending
  73:WDT.c         **** 	
  74:WDT.c         **** 	/* If the Interrupt source is Counter 0 match, then process */
  75:WDT.c         **** 	if(CySysWdtGetInterruptSource() & CY_SYS_WDT_COUNTER0_INT)
 102              		.loc 1 75 0
 103 0008 FFF7FEFF 		bl	CySysWdtGetInterruptSource
 104 000c 0200     		movs	r2, r0
 105 000e 0423     		movs	r3, #4
 106 0010 1340     		ands	r3, r2
 107 0012 09D0     		beq	.L6
  76:WDT.c         **** 	{
  77:WDT.c         **** 		/* Clear Watchdog Interrupt from Counter 0 */
  78:WDT.c         **** 		CySysWdtClearInterrupt(CY_SYS_WDT_COUNTER0_INT);
 108              		.loc 1 78 0
 109 0014 0420     		movs	r0, #4
 110 0016 FFF7FEFF 		bl	CySysWdtClearInterrupt
  79:WDT.c         **** 		
  80:WDT.c         **** 		/* Increment global counter variable */
  81:WDT.c         **** 		current_watchdog_counter++;
 111              		.loc 1 81 0
 112 001a 054B     		ldr	r3, .L7
 113 001c 1B88     		ldrh	r3, [r3]
 114 001e 9BB2     		uxth	r3, r3
 115 0020 0133     		adds	r3, r3, #1
 116 0022 9AB2     		uxth	r2, r3
 117 0024 024B     		ldr	r3, .L7
 118 0026 1A80     		strh	r2, [r3]
 119              	.L6:
  82:WDT.c         **** 	}
  83:WDT.c         **** }
 120              		.loc 1 83 0
 121 0028 C046     		nop
 122 002a BD46     		mov	sp, r7
 123              		@ sp needed
 124 002c 80BD     		pop	{r7, pc}
 125              	.L8:
 126 002e C046     		.align	2
 127              	.L7:
 128 0030 00000000 		.word	current_watchdog_counter
 129              		.cfi_endproc
 130              	.LFE37:
 131              		.size	WDT_INT_Handler, .-WDT_INT_Handler
 132              		.text
 133              	.Letext0:
 134              		.file 2 "Generated_Source\\PSoC4/cytypes.h"
 135              		.file 3 "Generated_Source\\PSoC4/BLE_Stack.h"
 136              		.file 4 "Generated_Source\\PSoC4/BLE_eventHandler.h"
 137              		.section	.debug_info,"",%progbits
 138              	.Ldebug_info0:
 139 0000 D8020000 		.4byte	0x2d8
 140 0004 0400     		.2byte	0x4
 141 0006 00000000 		.4byte	.Ldebug_abbrev0
 142 000a 04       		.byte	0x4
 143 000b 01       		.uleb128 0x1
 144 000c 36040000 		.4byte	.LASF93
 145 0010 0C       		.byte	0xc
ARM GAS  C:\Users\run1009\AppData\Local\Temp\cctDsAnb.s 			page 5


 146 0011 14010000 		.4byte	.LASF94
 147 0015 65050000 		.4byte	.LASF95
 148 0019 00000000 		.4byte	.Ldebug_ranges0+0
 149 001d 00000000 		.4byte	0
 150 0021 00000000 		.4byte	.Ldebug_line0
 151 0025 02       		.uleb128 0x2
 152 0026 01       		.byte	0x1
 153 0027 06       		.byte	0x6
 154 0028 EF050000 		.4byte	.LASF0
 155 002c 02       		.uleb128 0x2
 156 002d 01       		.byte	0x1
 157 002e 08       		.byte	0x8
 158 002f 38050000 		.4byte	.LASF1
 159 0033 02       		.uleb128 0x2
 160 0034 02       		.byte	0x2
 161 0035 05       		.byte	0x5
 162 0036 95000000 		.4byte	.LASF2
 163 003a 02       		.uleb128 0x2
 164 003b 02       		.byte	0x2
 165 003c 07       		.byte	0x7
 166 003d 22070000 		.4byte	.LASF3
 167 0041 02       		.uleb128 0x2
 168 0042 04       		.byte	0x4
 169 0043 05       		.byte	0x5
 170 0044 63030000 		.4byte	.LASF4
 171 0048 02       		.uleb128 0x2
 172 0049 04       		.byte	0x4
 173 004a 07       		.byte	0x7
 174 004b 80060000 		.4byte	.LASF5
 175 004f 02       		.uleb128 0x2
 176 0050 08       		.byte	0x8
 177 0051 05       		.byte	0x5
 178 0052 1A010000 		.4byte	.LASF6
 179 0056 02       		.uleb128 0x2
 180 0057 08       		.byte	0x8
 181 0058 07       		.byte	0x7
 182 0059 12030000 		.4byte	.LASF7
 183 005d 03       		.uleb128 0x3
 184 005e 04       		.byte	0x4
 185 005f 05       		.byte	0x5
 186 0060 696E7400 		.ascii	"int\000"
 187 0064 02       		.uleb128 0x2
 188 0065 04       		.byte	0x4
 189 0066 07       		.byte	0x7
 190 0067 58060000 		.4byte	.LASF8
 191 006b 04       		.uleb128 0x4
 192 006c D7010000 		.4byte	.LASF9
 193 0070 02       		.byte	0x2
 194 0071 E501     		.2byte	0x1e5
 195 0073 3A000000 		.4byte	0x3a
 196 0077 04       		.uleb128 0x4
 197 0078 0A080000 		.4byte	.LASF10
 198 007c 02       		.byte	0x2
 199 007d E601     		.2byte	0x1e6
 200 007f 48000000 		.4byte	0x48
 201 0083 02       		.uleb128 0x2
 202 0084 04       		.byte	0x4
ARM GAS  C:\Users\run1009\AppData\Local\Temp\cctDsAnb.s 			page 6


 203 0085 04       		.byte	0x4
 204 0086 A9020000 		.4byte	.LASF11
 205 008a 02       		.uleb128 0x2
 206 008b 08       		.byte	0x8
 207 008c 04       		.byte	0x4
 208 008d 52080000 		.4byte	.LASF12
 209 0091 02       		.uleb128 0x2
 210 0092 01       		.byte	0x1
 211 0093 08       		.byte	0x8
 212 0094 9D070000 		.4byte	.LASF13
 213 0098 05       		.uleb128 0x5
 214 0099 6B000000 		.4byte	0x6b
 215 009d 02       		.uleb128 0x2
 216 009e 08       		.byte	0x8
 217 009f 04       		.byte	0x4
 218 00a0 06050000 		.4byte	.LASF14
 219 00a4 02       		.uleb128 0x2
 220 00a5 04       		.byte	0x4
 221 00a6 07       		.byte	0x7
 222 00a7 EA000000 		.4byte	.LASF15
 223 00ab 06       		.uleb128 0x6
 224 00ac 01       		.byte	0x1
 225 00ad 2C000000 		.4byte	0x2c
 226 00b1 03       		.byte	0x3
 227 00b2 3501     		.2byte	0x135
 228 00b4 69020000 		.4byte	0x269
 229 00b8 07       		.uleb128 0x7
 230 00b9 42020000 		.4byte	.LASF16
 231 00bd 00       		.byte	0
 232 00be 07       		.uleb128 0x7
 233 00bf 71010000 		.4byte	.LASF17
 234 00c3 01       		.byte	0x1
 235 00c4 07       		.uleb128 0x7
 236 00c5 B0090000 		.4byte	.LASF18
 237 00c9 02       		.byte	0x2
 238 00ca 07       		.uleb128 0x7
 239 00cb C1080000 		.4byte	.LASF19
 240 00cf 03       		.byte	0x3
 241 00d0 07       		.uleb128 0x7
 242 00d1 3B010000 		.4byte	.LASF20
 243 00d5 04       		.byte	0x4
 244 00d6 07       		.uleb128 0x7
 245 00d7 F4030000 		.4byte	.LASF21
 246 00db 05       		.byte	0x5
 247 00dc 07       		.uleb128 0x7
 248 00dd 3E000000 		.4byte	.LASF22
 249 00e1 06       		.byte	0x6
 250 00e2 07       		.uleb128 0x7
 251 00e3 1F090000 		.4byte	.LASF23
 252 00e7 20       		.byte	0x20
 253 00e8 07       		.uleb128 0x7
 254 00e9 92060000 		.4byte	.LASF24
 255 00ed 21       		.byte	0x21
 256 00ee 07       		.uleb128 0x7
 257 00ef 00000000 		.4byte	.LASF25
 258 00f3 22       		.byte	0x22
 259 00f4 07       		.uleb128 0x7
ARM GAS  C:\Users\run1009\AppData\Local\Temp\cctDsAnb.s 			page 7


 260 00f5 10040000 		.4byte	.LASF26
 261 00f9 23       		.byte	0x23
 262 00fa 07       		.uleb128 0x7
 263 00fb 3C060000 		.4byte	.LASF27
 264 00ff 24       		.byte	0x24
 265 0100 07       		.uleb128 0x7
 266 0101 9F000000 		.4byte	.LASF28
 267 0105 25       		.byte	0x25
 268 0106 07       		.uleb128 0x7
 269 0107 99080000 		.4byte	.LASF29
 270 010b 26       		.byte	0x26
 271 010c 07       		.uleb128 0x7
 272 010d 9D030000 		.4byte	.LASF30
 273 0111 27       		.byte	0x27
 274 0112 07       		.uleb128 0x7
 275 0113 7D0A0000 		.4byte	.LASF31
 276 0117 28       		.byte	0x28
 277 0118 07       		.uleb128 0x7
 278 0119 CA060000 		.4byte	.LASF32
 279 011d 29       		.byte	0x29
 280 011e 07       		.uleb128 0x7
 281 011f 4D070000 		.4byte	.LASF33
 282 0123 2A       		.byte	0x2a
 283 0124 07       		.uleb128 0x7
 284 0125 E6090000 		.4byte	.LASF34
 285 0129 2B       		.byte	0x2b
 286 012a 07       		.uleb128 0x7
 287 012b DE010000 		.4byte	.LASF35
 288 012f 2C       		.byte	0x2c
 289 0130 07       		.uleb128 0x7
 290 0131 C8020000 		.4byte	.LASF36
 291 0135 2D       		.byte	0x2d
 292 0136 07       		.uleb128 0x7
 293 0137 71000000 		.4byte	.LASF37
 294 013b 2E       		.byte	0x2e
 295 013c 07       		.uleb128 0x7
 296 013d E50A0000 		.4byte	.LASF38
 297 0141 2F       		.byte	0x2f
 298 0142 07       		.uleb128 0x7
 299 0143 F3000000 		.4byte	.LASF39
 300 0147 30       		.byte	0x30
 301 0148 07       		.uleb128 0x7
 302 0149 E2040000 		.4byte	.LASF40
 303 014d 31       		.byte	0x31
 304 014e 07       		.uleb128 0x7
 305 014f F1020000 		.4byte	.LASF41
 306 0153 32       		.byte	0x32
 307 0154 07       		.uleb128 0x7
 308 0155 76070000 		.4byte	.LASF42
 309 0159 33       		.byte	0x33
 310 015a 07       		.uleb128 0x7
 311 015b E7060000 		.4byte	.LASF43
 312 015f 34       		.byte	0x34
 313 0160 07       		.uleb128 0x7
 314 0161 7C080000 		.4byte	.LASF44
 315 0165 35       		.byte	0x35
 316 0166 07       		.uleb128 0x7
ARM GAS  C:\Users\run1009\AppData\Local\Temp\cctDsAnb.s 			page 8


 317 0167 29030000 		.4byte	.LASF45
 318 016b 36       		.byte	0x36
 319 016c 07       		.uleb128 0x7
 320 016d 84010000 		.4byte	.LASF46
 321 0171 37       		.byte	0x37
 322 0172 07       		.uleb128 0x7
 323 0173 57000000 		.4byte	.LASF47
 324 0177 40       		.byte	0x40
 325 0178 07       		.uleb128 0x7
 326 0179 65060000 		.4byte	.LASF48
 327 017d 41       		.byte	0x41
 328 017e 07       		.uleb128 0x7
 329 017f B9000000 		.4byte	.LASF49
 330 0183 42       		.byte	0x42
 331 0184 07       		.uleb128 0x7
 332 0185 B9010000 		.4byte	.LASF50
 333 0189 43       		.byte	0x43
 334 018a 07       		.uleb128 0x7
 335 018b 88090000 		.4byte	.LASF51
 336 018f 44       		.byte	0x44
 337 0190 07       		.uleb128 0x7
 338 0191 43090000 		.4byte	.LASF52
 339 0195 45       		.byte	0x45
 340 0196 07       		.uleb128 0x7
 341 0197 50010000 		.4byte	.LASF53
 342 019b 46       		.byte	0x46
 343 019c 07       		.uleb128 0x7
 344 019d D1050000 		.4byte	.LASF54
 345 01a1 47       		.byte	0x47
 346 01a2 07       		.uleb128 0x7
 347 01a3 15060000 		.4byte	.LASF55
 348 01a7 48       		.byte	0x48
 349 01a8 07       		.uleb128 0x7
 350 01a9 AF020000 		.4byte	.LASF56
 351 01ad 49       		.byte	0x49
 352 01ae 07       		.uleb128 0x7
 353 01af BE070000 		.4byte	.LASF57
 354 01b3 4A       		.byte	0x4a
 355 01b4 07       		.uleb128 0x7
 356 01b5 02020000 		.4byte	.LASF58
 357 01b9 4B       		.byte	0x4b
 358 01ba 07       		.uleb128 0x7
 359 01bb FB050000 		.4byte	.LASF59
 360 01bf 4C       		.byte	0x4c
 361 01c0 07       		.uleb128 0x7
 362 01c1 24000000 		.4byte	.LASF60
 363 01c5 4D       		.byte	0x4d
 364 01c6 07       		.uleb128 0x7
 365 01c7 6A090000 		.4byte	.LASF61
 366 01cb 4E       		.byte	0x4e
 367 01cc 07       		.uleb128 0x7
 368 01cd 46050000 		.4byte	.LASF62
 369 01d1 4F       		.byte	0x4f
 370 01d2 07       		.uleb128 0x7
 371 01d3 5E0A0000 		.4byte	.LASF63
 372 01d7 50       		.byte	0x50
 373 01d8 07       		.uleb128 0x7
ARM GAS  C:\Users\run1009\AppData\Local\Temp\cctDsAnb.s 			page 9


 374 01d9 EB070000 		.4byte	.LASF64
 375 01dd 51       		.byte	0x51
 376 01de 07       		.uleb128 0x7
 377 01df D3030000 		.4byte	.LASF65
 378 01e3 52       		.byte	0x52
 379 01e4 07       		.uleb128 0x7
 380 01e5 6C030000 		.4byte	.LASF66
 381 01e9 53       		.byte	0x53
 382 01ea 07       		.uleb128 0x7
 383 01eb 21020000 		.4byte	.LASF67
 384 01ef 54       		.byte	0x54
 385 01f0 07       		.uleb128 0x7
 386 01f1 AF0A0000 		.4byte	.LASF68
 387 01f5 55       		.byte	0x55
 388 01f6 07       		.uleb128 0x7
 389 01f7 3C0A0000 		.4byte	.LASF69
 390 01fb 56       		.byte	0x56
 391 01fc 07       		.uleb128 0x7
 392 01fd 130A0000 		.4byte	.LASF70
 393 0201 57       		.byte	0x57
 394 0202 07       		.uleb128 0x7
 395 0203 FF060000 		.4byte	.LASF71
 396 0207 58       		.byte	0x58
 397 0208 07       		.uleb128 0x7
 398 0209 12050000 		.4byte	.LASF72
 399 020d 70       		.byte	0x70
 400 020e 07       		.uleb128 0x7
 401 020f F9080000 		.4byte	.LASF73
 402 0213 71       		.byte	0x71
 403 0214 07       		.uleb128 0x7
 404 0215 A2070000 		.4byte	.LASF74
 405 0219 72       		.byte	0x72
 406 021a 07       		.uleb128 0x7
 407 021b 6A020000 		.4byte	.LASF75
 408 021f 73       		.byte	0x73
 409 0220 07       		.uleb128 0x7
 410 0221 C4040000 		.4byte	.LASF76
 411 0225 74       		.byte	0x74
 412 0226 07       		.uleb128 0x7
 413 0227 A9060000 		.4byte	.LASF77
 414 022b 75       		.byte	0x75
 415 022c 07       		.uleb128 0x7
 416 022d 88020000 		.4byte	.LASF78
 417 0231 76       		.byte	0x76
 418 0232 07       		.uleb128 0x7
 419 0233 DA080000 		.4byte	.LASF79
 420 0237 77       		.byte	0x77
 421 0238 07       		.uleb128 0x7
 422 0239 2F080000 		.4byte	.LASF80
 423 023d 78       		.byte	0x78
 424 023e 07       		.uleb128 0x7
 425 023f 59080000 		.4byte	.LASF81
 426 0243 79       		.byte	0x79
 427 0244 07       		.uleb128 0x7
 428 0245 C2090000 		.4byte	.LASF82
 429 0249 7A       		.byte	0x7a
 430 024a 07       		.uleb128 0x7
ARM GAS  C:\Users\run1009\AppData\Local\Temp\cctDsAnb.s 			page 10


 431 024b 11080000 		.4byte	.LASF83
 432 024f FA       		.byte	0xfa
 433 0250 07       		.uleb128 0x7
 434 0251 B2050000 		.4byte	.LASF84
 435 0255 FB       		.byte	0xfb
 436 0256 07       		.uleb128 0x7
 437 0257 D30A0000 		.4byte	.LASF85
 438 025b FC       		.byte	0xfc
 439 025c 07       		.uleb128 0x7
 440 025d 35070000 		.4byte	.LASF86
 441 0261 FD       		.byte	0xfd
 442 0262 07       		.uleb128 0x7
 443 0263 050A0000 		.4byte	.LASF87
 444 0267 FF       		.byte	0xff
 445 0268 00       		.byte	0
 446 0269 06       		.uleb128 0x6
 447 026a 01       		.byte	0x1
 448 026b 2C000000 		.4byte	0x2c
 449 026f 04       		.byte	0x4
 450 0270 9D08     		.2byte	0x89d
 451 0272 95020000 		.4byte	0x295
 452 0276 07       		.uleb128 0x7
 453 0277 DC070000 		.4byte	.LASF88
 454 027b 00       		.byte	0
 455 027c 07       		.uleb128 0x7
 456 027d 8D030000 		.4byte	.LASF89
 457 0281 01       		.byte	0x1
 458 0282 07       		.uleb128 0x7
 459 0283 D7000000 		.4byte	.LASF90
 460 0287 02       		.byte	0x2
 461 0288 07       		.uleb128 0x7
 462 0289 BC030000 		.4byte	.LASF91
 463 028d 03       		.byte	0x3
 464 028e 07       		.uleb128 0x7
 465 028f 59020000 		.4byte	.LASF92
 466 0293 04       		.byte	0x4
 467 0294 00       		.byte	0
 468 0295 08       		.uleb128 0x8
 469 0296 28010000 		.4byte	.LASF96
 470 029a 01       		.byte	0x1
 471 029b 20       		.byte	0x20
 472 029c 00000000 		.4byte	.LFB36
 473 02a0 4C000000 		.4byte	.LFE36-.LFB36
 474 02a4 01       		.uleb128 0x1
 475 02a5 9C       		.byte	0x9c
 476 02a6 B9020000 		.4byte	0x2b9
 477 02aa 09       		.uleb128 0x9
 478 02ab A6090000 		.4byte	.LASF97
 479 02af 01       		.byte	0x1
 480 02b0 20       		.byte	0x20
 481 02b1 77000000 		.4byte	0x77
 482 02b5 02       		.uleb128 0x2
 483 02b6 91       		.byte	0x91
 484 02b7 74       		.sleb128 -12
 485 02b8 00       		.byte	0
 486 02b9 0A       		.uleb128 0xa
 487 02ba 9F0A0000 		.4byte	.LASF98
ARM GAS  C:\Users\run1009\AppData\Local\Temp\cctDsAnb.s 			page 11


 488 02be 01       		.byte	0x1
 489 02bf 45       		.byte	0x45
 490 02c0 00000000 		.4byte	.LFB37
 491 02c4 34000000 		.4byte	.LFE37-.LFB37
 492 02c8 01       		.uleb128 0x1
 493 02c9 9C       		.byte	0x9c
 494 02ca 0B       		.uleb128 0xb
 495 02cb 4A030000 		.4byte	.LASF99
 496 02cf 01       		.byte	0x1
 497 02d0 12       		.byte	0x12
 498 02d1 98000000 		.4byte	0x98
 499 02d5 05       		.uleb128 0x5
 500 02d6 03       		.byte	0x3
 501 02d7 00000000 		.4byte	current_watchdog_counter
 502 02db 00       		.byte	0
 503              		.section	.debug_abbrev,"",%progbits
 504              	.Ldebug_abbrev0:
 505 0000 01       		.uleb128 0x1
 506 0001 11       		.uleb128 0x11
 507 0002 01       		.byte	0x1
 508 0003 25       		.uleb128 0x25
 509 0004 0E       		.uleb128 0xe
 510 0005 13       		.uleb128 0x13
 511 0006 0B       		.uleb128 0xb
 512 0007 03       		.uleb128 0x3
 513 0008 0E       		.uleb128 0xe
 514 0009 1B       		.uleb128 0x1b
 515 000a 0E       		.uleb128 0xe
 516 000b 55       		.uleb128 0x55
 517 000c 17       		.uleb128 0x17
 518 000d 11       		.uleb128 0x11
 519 000e 01       		.uleb128 0x1
 520 000f 10       		.uleb128 0x10
 521 0010 17       		.uleb128 0x17
 522 0011 00       		.byte	0
 523 0012 00       		.byte	0
 524 0013 02       		.uleb128 0x2
 525 0014 24       		.uleb128 0x24
 526 0015 00       		.byte	0
 527 0016 0B       		.uleb128 0xb
 528 0017 0B       		.uleb128 0xb
 529 0018 3E       		.uleb128 0x3e
 530 0019 0B       		.uleb128 0xb
 531 001a 03       		.uleb128 0x3
 532 001b 0E       		.uleb128 0xe
 533 001c 00       		.byte	0
 534 001d 00       		.byte	0
 535 001e 03       		.uleb128 0x3
 536 001f 24       		.uleb128 0x24
 537 0020 00       		.byte	0
 538 0021 0B       		.uleb128 0xb
 539 0022 0B       		.uleb128 0xb
 540 0023 3E       		.uleb128 0x3e
 541 0024 0B       		.uleb128 0xb
 542 0025 03       		.uleb128 0x3
 543 0026 08       		.uleb128 0x8
 544 0027 00       		.byte	0
ARM GAS  C:\Users\run1009\AppData\Local\Temp\cctDsAnb.s 			page 12


 545 0028 00       		.byte	0
 546 0029 04       		.uleb128 0x4
 547 002a 16       		.uleb128 0x16
 548 002b 00       		.byte	0
 549 002c 03       		.uleb128 0x3
 550 002d 0E       		.uleb128 0xe
 551 002e 3A       		.uleb128 0x3a
 552 002f 0B       		.uleb128 0xb
 553 0030 3B       		.uleb128 0x3b
 554 0031 05       		.uleb128 0x5
 555 0032 49       		.uleb128 0x49
 556 0033 13       		.uleb128 0x13
 557 0034 00       		.byte	0
 558 0035 00       		.byte	0
 559 0036 05       		.uleb128 0x5
 560 0037 35       		.uleb128 0x35
 561 0038 00       		.byte	0
 562 0039 49       		.uleb128 0x49
 563 003a 13       		.uleb128 0x13
 564 003b 00       		.byte	0
 565 003c 00       		.byte	0
 566 003d 06       		.uleb128 0x6
 567 003e 04       		.uleb128 0x4
 568 003f 01       		.byte	0x1
 569 0040 0B       		.uleb128 0xb
 570 0041 0B       		.uleb128 0xb
 571 0042 49       		.uleb128 0x49
 572 0043 13       		.uleb128 0x13
 573 0044 3A       		.uleb128 0x3a
 574 0045 0B       		.uleb128 0xb
 575 0046 3B       		.uleb128 0x3b
 576 0047 05       		.uleb128 0x5
 577 0048 01       		.uleb128 0x1
 578 0049 13       		.uleb128 0x13
 579 004a 00       		.byte	0
 580 004b 00       		.byte	0
 581 004c 07       		.uleb128 0x7
 582 004d 28       		.uleb128 0x28
 583 004e 00       		.byte	0
 584 004f 03       		.uleb128 0x3
 585 0050 0E       		.uleb128 0xe
 586 0051 1C       		.uleb128 0x1c
 587 0052 0B       		.uleb128 0xb
 588 0053 00       		.byte	0
 589 0054 00       		.byte	0
 590 0055 08       		.uleb128 0x8
 591 0056 2E       		.uleb128 0x2e
 592 0057 01       		.byte	0x1
 593 0058 3F       		.uleb128 0x3f
 594 0059 19       		.uleb128 0x19
 595 005a 03       		.uleb128 0x3
 596 005b 0E       		.uleb128 0xe
 597 005c 3A       		.uleb128 0x3a
 598 005d 0B       		.uleb128 0xb
 599 005e 3B       		.uleb128 0x3b
 600 005f 0B       		.uleb128 0xb
 601 0060 27       		.uleb128 0x27
ARM GAS  C:\Users\run1009\AppData\Local\Temp\cctDsAnb.s 			page 13


 602 0061 19       		.uleb128 0x19
 603 0062 11       		.uleb128 0x11
 604 0063 01       		.uleb128 0x1
 605 0064 12       		.uleb128 0x12
 606 0065 06       		.uleb128 0x6
 607 0066 40       		.uleb128 0x40
 608 0067 18       		.uleb128 0x18
 609 0068 9642     		.uleb128 0x2116
 610 006a 19       		.uleb128 0x19
 611 006b 01       		.uleb128 0x1
 612 006c 13       		.uleb128 0x13
 613 006d 00       		.byte	0
 614 006e 00       		.byte	0
 615 006f 09       		.uleb128 0x9
 616 0070 05       		.uleb128 0x5
 617 0071 00       		.byte	0
 618 0072 03       		.uleb128 0x3
 619 0073 0E       		.uleb128 0xe
 620 0074 3A       		.uleb128 0x3a
 621 0075 0B       		.uleb128 0xb
 622 0076 3B       		.uleb128 0x3b
 623 0077 0B       		.uleb128 0xb
 624 0078 49       		.uleb128 0x49
 625 0079 13       		.uleb128 0x13
 626 007a 02       		.uleb128 0x2
 627 007b 18       		.uleb128 0x18
 628 007c 00       		.byte	0
 629 007d 00       		.byte	0
 630 007e 0A       		.uleb128 0xa
 631 007f 2E       		.uleb128 0x2e
 632 0080 00       		.byte	0
 633 0081 3F       		.uleb128 0x3f
 634 0082 19       		.uleb128 0x19
 635 0083 03       		.uleb128 0x3
 636 0084 0E       		.uleb128 0xe
 637 0085 3A       		.uleb128 0x3a
 638 0086 0B       		.uleb128 0xb
 639 0087 3B       		.uleb128 0x3b
 640 0088 0B       		.uleb128 0xb
 641 0089 27       		.uleb128 0x27
 642 008a 19       		.uleb128 0x19
 643 008b 11       		.uleb128 0x11
 644 008c 01       		.uleb128 0x1
 645 008d 12       		.uleb128 0x12
 646 008e 06       		.uleb128 0x6
 647 008f 40       		.uleb128 0x40
 648 0090 18       		.uleb128 0x18
 649 0091 9642     		.uleb128 0x2116
 650 0093 19       		.uleb128 0x19
 651 0094 00       		.byte	0
 652 0095 00       		.byte	0
 653 0096 0B       		.uleb128 0xb
 654 0097 34       		.uleb128 0x34
 655 0098 00       		.byte	0
 656 0099 03       		.uleb128 0x3
 657 009a 0E       		.uleb128 0xe
 658 009b 3A       		.uleb128 0x3a
ARM GAS  C:\Users\run1009\AppData\Local\Temp\cctDsAnb.s 			page 14


 659 009c 0B       		.uleb128 0xb
 660 009d 3B       		.uleb128 0x3b
 661 009e 0B       		.uleb128 0xb
 662 009f 49       		.uleb128 0x49
 663 00a0 13       		.uleb128 0x13
 664 00a1 3F       		.uleb128 0x3f
 665 00a2 19       		.uleb128 0x19
 666 00a3 02       		.uleb128 0x2
 667 00a4 18       		.uleb128 0x18
 668 00a5 00       		.byte	0
 669 00a6 00       		.byte	0
 670 00a7 00       		.byte	0
 671              		.section	.debug_aranges,"",%progbits
 672 0000 24000000 		.4byte	0x24
 673 0004 0200     		.2byte	0x2
 674 0006 00000000 		.4byte	.Ldebug_info0
 675 000a 04       		.byte	0x4
 676 000b 00       		.byte	0
 677 000c 0000     		.2byte	0
 678 000e 0000     		.2byte	0
 679 0010 00000000 		.4byte	.LFB36
 680 0014 4C000000 		.4byte	.LFE36-.LFB36
 681 0018 00000000 		.4byte	.LFB37
 682 001c 34000000 		.4byte	.LFE37-.LFB37
 683 0020 00000000 		.4byte	0
 684 0024 00000000 		.4byte	0
 685              		.section	.debug_ranges,"",%progbits
 686              	.Ldebug_ranges0:
 687 0000 00000000 		.4byte	.LFB36
 688 0004 4C000000 		.4byte	.LFE36
 689 0008 00000000 		.4byte	.LFB37
 690 000c 34000000 		.4byte	.LFE37
 691 0010 00000000 		.4byte	0
 692 0014 00000000 		.4byte	0
 693              		.section	.debug_line,"",%progbits
 694              	.Ldebug_line0:
 695 0000 98000000 		.section	.debug_str,"MS",%progbits,1
 695      02006500 
 695      00000201 
 695      FB0E0D00 
 695      01010101 
 696              	.LASF25:
 697 0000 4359424C 		.ascii	"CYBLE_EVT_GAP_PASSKEY_ENTRY_REQUEST\000"
 697      455F4556 
 697      545F4741 
 697      505F5041 
 697      53534B45 
 698              	.LASF60:
 699 0024 4359424C 		.ascii	"CYBLE_EVT_GATTC_WRITE_RSP\000"
 699      455F4556 
 699      545F4741 
 699      5454435F 
 699      57524954 
 700              	.LASF22:
 701 003e 4359424C 		.ascii	"CYBLE_EVT_MEMORY_REQUEST\000"
 701      455F4556 
 701      545F4D45 
ARM GAS  C:\Users\run1009\AppData\Local\Temp\cctDsAnb.s 			page 15


 701      4D4F5259 
 701      5F524551 
 702              	.LASF47:
 703 0057 4359424C 		.ascii	"CYBLE_EVT_GATTC_ERROR_RSP\000"
 703      455F4556 
 703      545F4741 
 703      5454435F 
 703      4552524F 
 704              	.LASF37:
 705 0071 4359424C 		.ascii	"CYBLE_EVT_GAP_KEYPRESS_NOTIFICATION\000"
 705      455F4556 
 705      545F4741 
 705      505F4B45 
 705      59505245 
 706              	.LASF2:
 707 0095 73686F72 		.ascii	"short int\000"
 707      7420696E 
 707      7400
 708              	.LASF28:
 709 009f 4359424C 		.ascii	"CYBLE_EVT_GAP_AUTH_FAILED\000"
 709      455F4556 
 709      545F4741 
 709      505F4155 
 709      54485F46 
 710              	.LASF49:
 711 00b9 4359424C 		.ascii	"CYBLE_EVT_GATT_DISCONNECT_IND\000"
 711      455F4556 
 711      545F4741 
 711      54545F44 
 711      4953434F 
 712              	.LASF90:
 713 00d7 4359424C 		.ascii	"CYBLE_SRVI_CUSTOMS\000"
 713      455F5352 
 713      56495F43 
 713      5553544F 
 713      4D5300
 714              	.LASF15:
 715 00ea 73697A65 		.ascii	"sizetype\000"
 715      74797065 
 715      00
 716              	.LASF39:
 717 00f3 4359424C 		.ascii	"CYBLE_EVT_GAP_DATA_LENGTH_CHANGE\000"
 717      455F4556 
 717      545F4741 
 717      505F4441 
 717      54415F4C 
 718              	.LASF94:
 719 0114 5744542E 		.ascii	"WDT.c\000"
 719      6300
 720              	.LASF6:
 721 011a 6C6F6E67 		.ascii	"long long int\000"
 721      206C6F6E 
 721      6720696E 
 721      7400
 722              	.LASF96:
 723 0128 496E6974 		.ascii	"InitializeWatchdog\000"
 723      69616C69 
ARM GAS  C:\Users\run1009\AppData\Local\Temp\cctDsAnb.s 			page 16


 723      7A655761 
 723      74636864 
 723      6F6700
 724              	.LASF20:
 725 013b 4359424C 		.ascii	"CYBLE_EVT_HCI_STATUS\000"
 725      455F4556 
 725      545F4843 
 725      495F5354 
 725      41545553 
 726              	.LASF53:
 727 0150 4359424C 		.ascii	"CYBLE_EVT_GATTC_READ_BY_TYPE_RSP\000"
 727      455F4556 
 727      545F4741 
 727      5454435F 
 727      52454144 
 728              	.LASF17:
 729 0171 4359424C 		.ascii	"CYBLE_EVT_STACK_ON\000"
 729      455F4556 
 729      545F5354 
 729      41434B5F 
 729      4F4E00
 730              	.LASF46:
 731 0184 4359424C 		.ascii	"CYBLE_EVT_GAP_SMP_LOC_P256_KEYS_GEN_AND_SET_COMPLET"
 731      455F4556 
 731      545F4741 
 731      505F534D 
 731      505F4C4F 
 732 01b7 4500     		.ascii	"E\000"
 733              	.LASF50:
 734 01b9 4359424C 		.ascii	"CYBLE_EVT_GATTS_XCNHG_MTU_REQ\000"
 734      455F4556 
 734      545F4741 
 734      5454535F 
 734      58434E48 
 735              	.LASF9:
 736 01d7 75696E74 		.ascii	"uint16\000"
 736      313600
 737              	.LASF35:
 738 01de 4359424C 		.ascii	"CYBLE_EVT_GAP_KEYINFO_EXCHNGE_CMPLT\000"
 738      455F4556 
 738      545F4741 
 738      505F4B45 
 738      59494E46 
 739              	.LASF58:
 740 0202 4359424C 		.ascii	"CYBLE_EVT_GATTC_READ_MULTI_RSP\000"
 740      455F4556 
 740      545F4741 
 740      5454435F 
 740      52454144 
 741              	.LASF67:
 742 0221 4359424C 		.ascii	"CYBLE_EVT_GATTS_HANDLE_VALUE_CNF\000"
 742      455F4556 
 742      545F4741 
 742      5454535F 
 742      48414E44 
 743              	.LASF16:
 744 0242 4359424C 		.ascii	"CYBLE_EVT_HOST_INVALID\000"
ARM GAS  C:\Users\run1009\AppData\Local\Temp\cctDsAnb.s 			page 17


 744      455F4556 
 744      545F484F 
 744      53545F49 
 744      4E56414C 
 745              	.LASF92:
 746 0259 4359424C 		.ascii	"CYBLE_SRVI_COUNT\000"
 746      455F5352 
 746      56495F43 
 746      4F554E54 
 746      00
 747              	.LASF75:
 748 026a 4359424C 		.ascii	"CYBLE_EVT_L2CAP_CBFC_CONN_IND\000"
 748      455F4556 
 748      545F4C32 
 748      4341505F 
 748      43424643 
 749              	.LASF78:
 750 0288 4359424C 		.ascii	"CYBLE_EVT_L2CAP_CBFC_DISCONN_CNF\000"
 750      455F4556 
 750      545F4C32 
 750      4341505F 
 750      43424643 
 751              	.LASF11:
 752 02a9 666C6F61 		.ascii	"float\000"
 752      7400
 753              	.LASF56:
 754 02af 4359424C 		.ascii	"CYBLE_EVT_GATTC_READ_RSP\000"
 754      455F4556 
 754      545F4741 
 754      5454435F 
 754      52454144 
 755              	.LASF36:
 756 02c8 4359424C 		.ascii	"CYBLE_EVT_GAP_NUMERIC_COMPARISON_REQUEST\000"
 756      455F4556 
 756      545F4741 
 756      505F4E55 
 756      4D455249 
 757              	.LASF41:
 758 02f1 4359424C 		.ascii	"CYBLE_EVT_GAPC_DIRECT_ADV_REPORT\000"
 758      455F4556 
 758      545F4741 
 758      50435F44 
 758      49524543 
 759              	.LASF7:
 760 0312 6C6F6E67 		.ascii	"long long unsigned int\000"
 760      206C6F6E 
 760      6720756E 
 760      7369676E 
 760      65642069 
 761              	.LASF45:
 762 0329 4359424C 		.ascii	"CYBLE_EVT_GAP_AUTH_REQ_REPLY_ERR\000"
 762      455F4556 
 762      545F4741 
 762      505F4155 
 762      54485F52 
 763              	.LASF99:
 764 034a 63757272 		.ascii	"current_watchdog_counter\000"
ARM GAS  C:\Users\run1009\AppData\Local\Temp\cctDsAnb.s 			page 18


 764      656E745F 
 764      77617463 
 764      68646F67 
 764      5F636F75 
 765              	.LASF4:
 766 0363 6C6F6E67 		.ascii	"long int\000"
 766      20696E74 
 766      00
 767              	.LASF66:
 768 036c 4359424C 		.ascii	"CYBLE_EVT_GATTC_HANDLE_VALUE_IND\000"
 768      455F4556 
 768      545F4741 
 768      5454435F 
 768      48414E44 
 769              	.LASF89:
 770 038d 4359424C 		.ascii	"CYBLE_SRVI_GATT\000"
 770      455F5352 
 770      56495F47 
 770      41545400 
 771              	.LASF30:
 772 039d 4359424C 		.ascii	"CYBLE_EVT_GAP_DEVICE_CONNECTED\000"
 772      455F4556 
 772      545F4741 
 772      505F4445 
 772      56494345 
 773              	.LASF91:
 774 03bc 4359424C 		.ascii	"CYBLE_SRVI_CUSTOMS_END\000"
 774      455F5352 
 774      56495F43 
 774      5553544F 
 774      4D535F45 
 775              	.LASF65:
 776 03d3 4359424C 		.ascii	"CYBLE_EVT_GATTC_HANDLE_VALUE_NTF\000"
 776      455F4556 
 776      545F4741 
 776      5454435F 
 776      48414E44 
 777              	.LASF21:
 778 03f4 4359424C 		.ascii	"CYBLE_EVT_STACK_BUSY_STATUS\000"
 778      455F4556 
 778      545F5354 
 778      41434B5F 
 778      42555359 
 779              	.LASF26:
 780 0410 4359424C 		.ascii	"CYBLE_EVT_GAP_PASSKEY_DISPLAY_REQUEST\000"
 780      455F4556 
 780      545F4741 
 780      505F5041 
 780      53534B45 
 781              	.LASF93:
 782 0436 474E5520 		.ascii	"GNU C11 5.4.1 20160609 (release) [ARM/embedded-5-br"
 782      43313120 
 782      352E342E 
 782      31203230 
 782      31363036 
 783 0469 616E6368 		.ascii	"anch revision 237715] -mcpu=cortex-m0 -mthumb -g -O"
 783      20726576 
ARM GAS  C:\Users\run1009\AppData\Local\Temp\cctDsAnb.s 			page 19


 783      6973696F 
 783      6E203233 
 783      37373135 
 784 049c 30202D66 		.ascii	"0 -ffunction-sections -ffat-lto-objects\000"
 784      66756E63 
 784      74696F6E 
 784      2D736563 
 784      74696F6E 
 785              	.LASF76:
 786 04c4 4359424C 		.ascii	"CYBLE_EVT_L2CAP_CBFC_CONN_CNF\000"
 786      455F4556 
 786      545F4C32 
 786      4341505F 
 786      43424643 
 787              	.LASF40:
 788 04e2 4359424C 		.ascii	"CYBLE_EVT_GAP_ENHANCE_CONN_COMPLETE\000"
 788      455F4556 
 788      545F4741 
 788      505F454E 
 788      48414E43 
 789              	.LASF14:
 790 0506 6C6F6E67 		.ascii	"long double\000"
 790      20646F75 
 790      626C6500 
 791              	.LASF72:
 792 0512 4359424C 		.ascii	"CYBLE_EVT_L2CAP_CONN_PARAM_UPDATE_REQ\000"
 792      455F4556 
 792      545F4C32 
 792      4341505F 
 792      434F4E4E 
 793              	.LASF1:
 794 0538 756E7369 		.ascii	"unsigned char\000"
 794      676E6564 
 794      20636861 
 794      7200
 795              	.LASF62:
 796 0546 4359424C 		.ascii	"CYBLE_EVT_GATTS_PREP_WRITE_REQ\000"
 796      455F4556 
 796      545F4741 
 796      5454535F 
 796      50524550 
 797              	.LASF95:
 798 0565 433A5C55 		.ascii	"C:\\Users\\run1009\\Documents\\Mesh_Flood_DIR_Senso"
 798      73657273 
 798      5C72756E 
 798      31303039 
 798      5C446F63 
 799 0594 725C4D65 		.ascii	"r\\Mesh_Flood_DIR_Sensor.cydsn\000"
 799      73685F46 
 799      6C6F6F64 
 799      5F444952 
 799      5F53656E 
 800              	.LASF84:
 801 05b2 4359424C 		.ascii	"CYBLE_EVT_LE_PING_AUTH_TIMEOUT\000"
 801      455F4556 
 801      545F4C45 
 801      5F50494E 
ARM GAS  C:\Users\run1009\AppData\Local\Temp\cctDsAnb.s 			page 20


 801      475F4155 
 802              	.LASF54:
 803 05d1 4359424C 		.ascii	"CYBLE_EVT_GATTC_FIND_INFO_RSP\000"
 803      455F4556 
 803      545F4741 
 803      5454435F 
 803      46494E44 
 804              	.LASF0:
 805 05ef 7369676E 		.ascii	"signed char\000"
 805      65642063 
 805      68617200 
 806              	.LASF59:
 807 05fb 4359424C 		.ascii	"CYBLE_EVT_GATTS_WRITE_REQ\000"
 807      455F4556 
 807      545F4741 
 807      5454535F 
 807      57524954 
 808              	.LASF55:
 809 0615 4359424C 		.ascii	"CYBLE_EVT_GATTC_FIND_BY_TYPE_VALUE_RSP\000"
 809      455F4556 
 809      545F4741 
 809      5454435F 
 809      46494E44 
 810              	.LASF27:
 811 063c 4359424C 		.ascii	"CYBLE_EVT_GAP_AUTH_COMPLETE\000"
 811      455F4556 
 811      545F4741 
 811      505F4155 
 811      54485F43 
 812              	.LASF8:
 813 0658 756E7369 		.ascii	"unsigned int\000"
 813      676E6564 
 813      20696E74 
 813      00
 814              	.LASF48:
 815 0665 4359424C 		.ascii	"CYBLE_EVT_GATT_CONNECT_IND\000"
 815      455F4556 
 815      545F4741 
 815      54545F43 
 815      4F4E4E45 
 816              	.LASF5:
 817 0680 6C6F6E67 		.ascii	"long unsigned int\000"
 817      20756E73 
 817      69676E65 
 817      6420696E 
 817      7400
 818              	.LASF24:
 819 0692 4359424C 		.ascii	"CYBLE_EVT_GAP_AUTH_REQ\000"
 819      455F4556 
 819      545F4741 
 819      505F4155 
 819      54485F52 
 820              	.LASF77:
 821 06a9 4359424C 		.ascii	"CYBLE_EVT_L2CAP_CBFC_DISCONN_IND\000"
 821      455F4556 
 821      545F4C32 
 821      4341505F 
ARM GAS  C:\Users\run1009\AppData\Local\Temp\cctDsAnb.s 			page 21


 821      43424643 
 822              	.LASF32:
 823 06ca 4359424C 		.ascii	"CYBLE_EVT_GAP_ENCRYPT_CHANGE\000"
 823      455F4556 
 823      545F4741 
 823      505F454E 
 823      43525950 
 824              	.LASF43:
 825 06e7 4359424C 		.ascii	"CYBLE_EVT_GAP_CONN_ESTB\000"
 825      455F4556 
 825      545F4741 
 825      505F434F 
 825      4E4E5F45 
 826              	.LASF71:
 827 06ff 4359424C 		.ascii	"CYBLE_EVT_GATTC_LONG_PROCEDURE_END\000"
 827      455F4556 
 827      545F4741 
 827      5454435F 
 827      4C4F4E47 
 828              	.LASF3:
 829 0722 73686F72 		.ascii	"short unsigned int\000"
 829      7420756E 
 829      7369676E 
 829      65642069 
 829      6E7400
 830              	.LASF86:
 831 0735 4359424C 		.ascii	"CYBLE_EVT_FLASH_CORRUPT\000"
 831      455F4556 
 831      545F464C 
 831      4153485F 
 831      434F5252 
 832              	.LASF33:
 833 074d 4359424C 		.ascii	"CYBLE_EVT_GAP_CONNECTION_UPDATE_COMPLETE\000"
 833      455F4556 
 833      545F4741 
 833      505F434F 
 833      4E4E4543 
 834              	.LASF42:
 835 0776 4359424C 		.ascii	"CYBLE_EVT_GAP_SMP_NEGOTIATED_AUTH_INFO\000"
 835      455F4556 
 835      545F4741 
 835      505F534D 
 835      505F4E45 
 836              	.LASF13:
 837 079d 63686172 		.ascii	"char\000"
 837      00
 838              	.LASF74:
 839 07a2 4359424C 		.ascii	"CYBLE_EVT_L2CAP_COMMAND_REJ\000"
 839      455F4556 
 839      545F4C32 
 839      4341505F 
 839      434F4D4D 
 840              	.LASF57:
 841 07be 4359424C 		.ascii	"CYBLE_EVT_GATTC_READ_BLOB_RSP\000"
 841      455F4556 
 841      545F4741 
 841      5454435F 
ARM GAS  C:\Users\run1009\AppData\Local\Temp\cctDsAnb.s 			page 22


 841      52454144 
 842              	.LASF88:
 843 07dc 4359424C 		.ascii	"CYBLE_SRVI_GAP\000"
 843      455F5352 
 843      56495F47 
 843      415000
 844              	.LASF64:
 845 07eb 4359424C 		.ascii	"CYBLE_EVT_GATTC_EXEC_WRITE_RSP\000"
 845      455F4556 
 845      545F4741 
 845      5454435F 
 845      45584543 
 846              	.LASF10:
 847 080a 75696E74 		.ascii	"uint32\000"
 847      333200
 848              	.LASF83:
 849 0811 4359424C 		.ascii	"CYBLE_EVT_PENDING_FLASH_WRITE\000"
 849      455F4556 
 849      545F5045 
 849      4E44494E 
 849      475F464C 
 850              	.LASF80:
 851 082f 4359424C 		.ascii	"CYBLE_EVT_L2CAP_CBFC_RX_CREDIT_IND\000"
 851      455F4556 
 851      545F4C32 
 851      4341505F 
 851      43424643 
 852              	.LASF12:
 853 0852 646F7562 		.ascii	"double\000"
 853      6C6500
 854              	.LASF81:
 855 0859 4359424C 		.ascii	"CYBLE_EVT_L2CAP_CBFC_TX_CREDIT_IND\000"
 855      455F4556 
 855      545F4C32 
 855      4341505F 
 855      43424643 
 856              	.LASF44:
 857 087c 4359424C 		.ascii	"CYBLE_EVT_GAP_SCAN_REQ_RECVD\000"
 857      455F4556 
 857      545F4741 
 857      505F5343 
 857      414E5F52 
 858              	.LASF29:
 859 0899 4359424C 		.ascii	"CYBLE_EVT_GAPP_ADVERTISEMENT_START_STOP\000"
 859      455F4556 
 859      545F4741 
 859      50505F41 
 859      44564552 
 860              	.LASF19:
 861 08c1 4359424C 		.ascii	"CYBLE_EVT_HARDWARE_ERROR\000"
 861      455F4556 
 861      545F4841 
 861      52445741 
 861      52455F45 
 862              	.LASF79:
 863 08da 4359424C 		.ascii	"CYBLE_EVT_L2CAP_CBFC_DATA_READ\000"
 863      455F4556 
ARM GAS  C:\Users\run1009\AppData\Local\Temp\cctDsAnb.s 			page 23


 863      545F4C32 
 863      4341505F 
 863      43424643 
 864              	.LASF73:
 865 08f9 4359424C 		.ascii	"CYBLE_EVT_L2CAP_CONN_PARAM_UPDATE_RSP\000"
 865      455F4556 
 865      545F4C32 
 865      4341505F 
 865      434F4E4E 
 866              	.LASF23:
 867 091f 4359424C 		.ascii	"CYBLE_EVT_GAPC_SCAN_PROGRESS_RESULT\000"
 867      455F4556 
 867      545F4741 
 867      50435F53 
 867      43414E5F 
 868              	.LASF52:
 869 0943 4359424C 		.ascii	"CYBLE_EVT_GATTC_READ_BY_GROUP_TYPE_RSP\000"
 869      455F4556 
 869      545F4741 
 869      5454435F 
 869      52454144 
 870              	.LASF61:
 871 096a 4359424C 		.ascii	"CYBLE_EVT_GATTS_WRITE_CMD_REQ\000"
 871      455F4556 
 871      545F4741 
 871      5454535F 
 871      57524954 
 872              	.LASF51:
 873 0988 4359424C 		.ascii	"CYBLE_EVT_GATTC_XCHNG_MTU_RSP\000"
 873      455F4556 
 873      545F4741 
 873      5454435F 
 873      5843484E 
 874              	.LASF97:
 875 09a6 6D617463 		.ascii	"match_val\000"
 875      685F7661 
 875      6C00
 876              	.LASF18:
 877 09b0 4359424C 		.ascii	"CYBLE_EVT_TIMEOUT\000"
 877      455F4556 
 877      545F5449 
 877      4D454F55 
 877      5400
 878              	.LASF82:
 879 09c2 4359424C 		.ascii	"CYBLE_EVT_L2CAP_CBFC_DATA_WRITE_IND\000"
 879      455F4556 
 879      545F4C32 
 879      4341505F 
 879      43424643 
 880              	.LASF34:
 881 09e6 4359424C 		.ascii	"CYBLE_EVT_GAPC_SCAN_START_STOP\000"
 881      455F4556 
 881      545F4741 
 881      50435F53 
 881      43414E5F 
 882              	.LASF87:
 883 0a05 4359424C 		.ascii	"CYBLE_EVT_MAX\000"
ARM GAS  C:\Users\run1009\AppData\Local\Temp\cctDsAnb.s 			page 24


 883      455F4556 
 883      545F4D41 
 883      5800
 884              	.LASF70:
 885 0a13 4359424C 		.ascii	"CYBLE_EVT_GATTS_READ_CHAR_VAL_ACCESS_REQ\000"
 885      455F4556 
 885      545F4741 
 885      5454535F 
 885      52454144 
 886              	.LASF69:
 887 0a3c 4359424C 		.ascii	"CYBLE_EVT_GATTC_STOP_CMD_COMPLETE\000"
 887      455F4556 
 887      545F4741 
 887      5454435F 
 887      53544F50 
 888              	.LASF63:
 889 0a5e 4359424C 		.ascii	"CYBLE_EVT_GATTS_EXEC_WRITE_REQ\000"
 889      455F4556 
 889      545F4741 
 889      5454535F 
 889      45584543 
 890              	.LASF31:
 891 0a7d 4359424C 		.ascii	"CYBLE_EVT_GAP_DEVICE_DISCONNECTED\000"
 891      455F4556 
 891      545F4741 
 891      505F4445 
 891      56494345 
 892              	.LASF98:
 893 0a9f 5744545F 		.ascii	"WDT_INT_Handler\000"
 893      494E545F 
 893      48616E64 
 893      6C657200 
 894              	.LASF68:
 895 0aaf 4359424C 		.ascii	"CYBLE_EVT_GATTS_DATA_SIGNED_CMD_REQ\000"
 895      455F4556 
 895      545F4741 
 895      5454535F 
 895      44415441 
 896              	.LASF85:
 897 0ad3 4359424C 		.ascii	"CYBLE_EVT_HCI_PKT\000"
 897      455F4556 
 897      545F4843 
 897      495F504B 
 897      5400
 898              	.LASF38:
 899 0ae5 4359424C 		.ascii	"CYBLE_EVT_GAP_OOB_GENERATED_NOTIFICATION\000"
 899      455F4556 
 899      545F4741 
 899      505F4F4F 
 899      425F4745 
 900              		.ident	"GCC: (GNU Tools for ARM Embedded Processors) 5.4.1 20160609 (release) [ARM/embedded-5-bran
